04/13/2025 20:38:48 Philippine Standard Time : Information : Local timezone is (UTC+08:00) Philippine Standard Time (Manila)
04/13/2025 20:38:48 Philippine Standard Time : Information : Added local RPC method "getPipe" -> Microsoft.VisualStudio.Utilities.ServiceBroker.GlobalBrokeredServiceContainer+View.GetPipeAsync(ServiceMoniker, ServiceActivationOptions, CancellationToken) (Microsoft.VisualStudio.Utilities.ServiceBroker.GlobalBrokeredServiceContainer+View)
04/13/2025 20:38:48 Philippine Standard Time : Information : Added local RPC method "getProxy" -> Microsoft.VisualStudio.Utilities.ServiceBroker.GlobalBrokeredServiceContainer+View.GetProxyAsync(ServiceRpcDescriptor, ServiceActivationOptions, CancellationToken) (Microsoft.VisualStudio.Utilities.ServiceBroker.GlobalBrokeredServiceContainer+View)
04/13/2025 20:38:48 Philippine Standard Time : Information : Added local RPC method "handshake" -> Microsoft.VisualStudio.Utilities.ServiceBroker.GlobalBrokeredServiceContainer+View.HandshakeAsync(ServiceBrokerClientMetadata, CancellationToken) (Microsoft.VisualStudio.Utilities.ServiceBroker.GlobalBrokeredServiceContainer+View)
04/13/2025 20:38:48 Philippine Standard Time : Information : Added local RPC method "requestServiceChannel" -> Microsoft.VisualStudio.Utilities.ServiceBroker.GlobalBrokeredServiceContainer+View.RequestServiceChannelAsync(ServiceMoniker, ServiceActivationOptions, CancellationToken) (Microsoft.VisualStudio.Utilities.ServiceBroker.GlobalBrokeredServiceContainer+View)
04/13/2025 20:38:48 Philippine Standard Time : Information : Added local RPC method "cancelServiceRequest" -> Microsoft.VisualStudio.Utilities.ServiceBroker.GlobalBrokeredServiceContainer+View.CancelServiceRequestAsync(Guid) (Microsoft.VisualStudio.Utilities.ServiceBroker.GlobalBrokeredServiceContainer+View)
04/13/2025 20:38:48 Philippine Standard Time : Information : Added local RPC method "getPipe" -> Microsoft.VisualStudio.Utilities.ServiceBroker.GlobalBrokeredServiceContainer+View.GetPipeAsync(ServiceMoniker, ServiceActivationOptions, CancellationToken) (Microsoft.VisualStudio.Utilities.ServiceBroker.GlobalBrokeredServiceContainer+View)
04/13/2025 20:38:48 Philippine Standard Time : Information : Added local RPC method "getProxy" -> Microsoft.VisualStudio.Utilities.ServiceBroker.GlobalBrokeredServiceContainer+View.GetProxyAsync(ServiceRpcDescriptor, ServiceActivationOptions, CancellationToken) (Microsoft.VisualStudio.Utilities.ServiceBroker.GlobalBrokeredServiceContainer+View)
04/13/2025 20:38:48 Philippine Standard Time : Information : Added local RPC method "handshake" -> Microsoft.VisualStudio.Utilities.ServiceBroker.GlobalBrokeredServiceContainer+View.HandshakeAsync(ServiceBrokerClientMetadata, CancellationToken) (Microsoft.VisualStudio.Utilities.ServiceBroker.GlobalBrokeredServiceContainer+View)
04/13/2025 20:38:48 Philippine Standard Time : Information : Added local RPC method "requestServiceChannel" -> Microsoft.VisualStudio.Utilities.ServiceBroker.GlobalBrokeredServiceContainer+View.RequestServiceChannelAsync(ServiceMoniker, ServiceActivationOptions, CancellationToken) (Microsoft.VisualStudio.Utilities.ServiceBroker.GlobalBrokeredServiceContainer+View)
04/13/2025 20:38:48 Philippine Standard Time : Information : Added local RPC method "cancelServiceRequest" -> Microsoft.VisualStudio.Utilities.ServiceBroker.GlobalBrokeredServiceContainer+View.CancelServiceRequestAsync(Guid) (Microsoft.VisualStudio.Utilities.ServiceBroker.GlobalBrokeredServiceContainer+View)
04/13/2025 20:38:48 Philippine Standard Time: Information : 2 :Listening for events from Microsoft.VisualStudio.Utilities.ServiceBroker.GlobalBrokeredServiceContainer+View.AvailabilityChanged to raise notification.
04/13/2025 20:38:48 Philippine Standard Time: Information : 3 :Listening started.
04/13/2025 20:38:48 Philippine Standard Time: Information : 7 :{"id":2,"method":"handshake"}
04/13/2025 20:38:48 Philippine Standard Time: Information : 6 :Received request "2" for method "handshake".
04/13/2025 20:38:48 Philippine Standard Time: Information : 9 :Invoking Microsoft.VisualStudio.Utilities.ServiceBroker.GlobalBrokeredServiceContainer+View.HandshakeAsync(ServiceBrokerClientMetadata, CancellationToken)
04/13/2025 20:38:48 Philippine Standard Time : Start : handshake
04/13/2025 20:38:48 Philippine Standard Time : Stop : handshake
04/13/2025 20:38:48 Philippine Standard Time: Information : 8 :{"id":2}
04/13/2025 20:38:48 Philippine Standard Time: Information : 7 :{"id":3,"method":"requestServiceChannel"}
04/13/2025 20:38:48 Philippine Standard Time: Information : 6 :Received request "3" for method "requestServiceChannel".
04/13/2025 20:38:48 Philippine Standard Time: Information : 9 :Invoking Microsoft.VisualStudio.Utilities.ServiceBroker.GlobalBrokeredServiceContainer+View.RequestServiceChannelAsync(ServiceMoniker, ServiceActivationOptions, CancellationToken)
04/13/2025 20:38:48 Philippine Standard Time : Start : requestServiceChannel
04/13/2025 20:38:48 Philippine Standard Time : Stop : requestServiceChannel
04/13/2025 20:38:48 Philippine Standard Time: Information : 8 :{"id":3}
04/13/2025 20:38:48 Philippine Standard Time: Information : 7 :{"id":4,"method":"requestServiceChannel"}
04/13/2025 20:38:48 Philippine Standard Time: Information : 6 :Received request "4" for method "requestServiceChannel".
04/13/2025 20:38:48 Philippine Standard Time: Information : 9 :Invoking Microsoft.VisualStudio.Utilities.ServiceBroker.GlobalBrokeredServiceContainer+View.RequestServiceChannelAsync(ServiceMoniker, ServiceActivationOptions, CancellationToken)
04/13/2025 20:38:48 Philippine Standard Time : Start : requestServiceChannel
04/13/2025 20:38:48 Philippine Standard Time: Information : 7 :{"id":5,"method":"requestServiceChannel"}
04/13/2025 20:38:48 Philippine Standard Time: Information : 6 :Received request "5" for method "requestServiceChannel".
04/13/2025 20:38:48 Philippine Standard Time: Information : 9 :Invoking Microsoft.VisualStudio.Utilities.ServiceBroker.GlobalBrokeredServiceContainer+View.RequestServiceChannelAsync(ServiceMoniker, ServiceActivationOptions, CancellationToken)
04/13/2025 20:38:48 Philippine Standard Time : Start : requestServiceChannel
04/13/2025 20:38:48 Philippine Standard Time : Stop : requestServiceChannel
04/13/2025 20:38:48 Philippine Standard Time: Information : 8 :{"id":4}
04/13/2025 20:38:48 Philippine Standard Time : Stop : requestServiceChannel
04/13/2025 20:38:48 Philippine Standard Time: Information : 8 :{"id":5}
04/13/2025 20:38:48 Philippine Standard Time: Information : 7 :{"id":6,"method":"requestServiceChannel"}
04/13/2025 20:38:48 Philippine Standard Time: Information : 6 :Received request "6" for method "requestServiceChannel".
04/13/2025 20:38:48 Philippine Standard Time: Information : 9 :Invoking Microsoft.VisualStudio.Utilities.ServiceBroker.GlobalBrokeredServiceContainer+View.RequestServiceChannelAsync(ServiceMoniker, ServiceActivationOptions, CancellationToken)
04/13/2025 20:38:48 Philippine Standard Time : Transfer : Transfer, relatedActivityId=771cc185-c02d-4a93-aa7c-e9ad96e422fe
04/13/2025 20:38:48 Philippine Standard Time : Start : requestServiceChannel
04/13/2025 20:38:48 Philippine Standard Time : Stop : requestServiceChannel
04/13/2025 20:38:48 Philippine Standard Time : Transfer : Transfer, relatedActivityId=49bf46fe-7395-46e7-a592-470b05203396
04/13/2025 20:38:48 Philippine Standard Time: Information : 8 :{"id":6}
