04/09/2025 23:15:31 Philippine Standard Time : Information : Local timezone is (UTC+08:00) Philippine Standard Time (Manila)
04/09/2025 23:15:31 Philippine Standard Time : Information : Microsoft.VisualStudio.ProjectSystem.Query.Remoting.QueryExecutionService read: Content-Length: 2117

{"jsonrpc":"2.0","id":0,"method":"SubscribeQueryResultsAsync","params":["{\"context\":\"Projects\",\"query\":{\"$properties\":[\"Id\",\"Name\",\"Path\",\"Capabilities\",\"Configurations\",\"ActiveConfigurations\"],\"Configurations\":{\"$properties\":[\"Id\",\"Name\",\"Capabilities\",\"Properties\"],\"Properties\":{\"$properties\":[\"Id\",\"Name\",\"Value\"],\"$filter\":{\"PropertiesByName\":[{\"PropertySourceType\":0},[\"TargetFramework\",\"NETCoreSDKVersion\",\"MSBuildExtensionsPath\",\"NetCoreRoot\",\"MauiWorkloadVersion\",\"AndroidSdkDirectory\",\"JavaSdkDirectory\",\"AndroidIncludeDebugSymbols\",\"DebugSymbols\",\"_MLaunchPath\",\"AppBundleDir\",\"_SdkDevPath\",\"ForceSimulatorX64ArchitectureInIDE\",\"TargetPath\",\"OutputType\",\"RuntimeIdentifier\",\"ApplicationId\",\"IntermediateOutputPath\"]]},\"$where\":{\"&&\":[{\"!=\":[{\".\":\"Value\"},null]},{\"!=\":[{\".\":\"Value\"},\"\"]}]}},\"$where\":{\"||\":[{\"includes\":[{\".\":\"Capabilities\"},\"Apple\"]},{\"includes\":[{\".\":\"Capabilities\"},\"Android\"]},{\"includes\":[{\".\":\"Capabilities\"},\"Msix\"]}]}},\"ActiveConfigurations\":{\"$properties\":[\"Id\",\"Name\",\"Capabilities\",\"Properties\"],\"Properties\":{\"$properties\":[\"Id\",\"Name\",\"Value\"],\"$filter\":{\"PropertiesByName\":[{\"PropertySourceType\":0},[\"TargetFramework\",\"NETCoreSDKVersion\",\"MSBuildExtensionsPath\",\"NetCoreRoot\",\"MauiWorkloadVersion\",\"AndroidSdkDirectory\",\"JavaSdkDirectory\",\"AndroidIncludeDebugSymbols\",\"DebugSymbols\",\"_MLaunchPath\",\"AppBundleDir\",\"_SdkDevPath\",\"ForceSimulatorX64ArchitectureInIDE\",\"TargetPath\",\"OutputType\",\"RuntimeIdentifier\",\"ApplicationId\",\"IntermediateOutputPath\"]]},\"$where\":{\"&&\":[{\"!=\":[{\".\":\"Value\"},null]},{\"!=\":[{\".\":\"Value\"},\"\"]}]}},\"$where\":{\"||\":[{\"includes\":[{\".\":\"Capabilities\"},\"Apple\"]},{\"includes\":[{\".\":\"Capabilities\"},\"Android\"]},{\"includes\":[{\".\":\"Capabilities\"},\"Msix\"]}]}},\"$filter\":{\"ProjectsByCapabilities\":[\"Android | Apple | Maui | UseMaui | UseMauiCore\"]}}}",{"__jsonrpc_marshaled":1,"handle":1,"lifetime":"explicit"}]}
04/09/2025 23:15:31 Philippine Standard Time : Information : Added local RPC method "ExecuteQueryAsync" -> Microsoft.VisualStudio.ProjectSystem.Server.QueryExecutionServiceFactory+QueryExecutionServiceShim.ExecuteQueryAsync(String, CancellationToken) (Microsoft.VisualStudio.ProjectSystem.Server.QueryExecutionServiceFactory+QueryExecutionServiceShim)
04/09/2025 23:15:31 Philippine Standard Time : Information : Added local RPC method "ExecuteRemoteExecutableAsync" -> Microsoft.VisualStudio.ProjectSystem.Server.QueryExecutionServiceFactory+QueryExecutionServiceShim.ExecuteRemoteExecutableAsync(String, CancellationToken) (Microsoft.VisualStudio.ProjectSystem.Server.QueryExecutionServiceFactory+QueryExecutionServiceShim)
04/09/2025 23:15:31 Philippine Standard Time : Information : Added local RPC method "GetServiceIdentityAsync" -> Microsoft.VisualStudio.ProjectSystem.Server.QueryExecutionServiceFactory+QueryExecutionServiceShim.GetServiceIdentityAsync(CancellationToken) (Microsoft.VisualStudio.ProjectSystem.Server.QueryExecutionServiceFactory+QueryExecutionServiceShim)
04/09/2025 23:15:31 Philippine Standard Time : Information : Added local RPC method "QueryAsync" -> Microsoft.VisualStudio.ProjectSystem.Server.QueryExecutionServiceFactory+QueryExecutionServiceShim.QueryAsync(String, CancellationToken) (Microsoft.VisualStudio.ProjectSystem.Server.QueryExecutionServiceFactory+QueryExecutionServiceShim)
04/09/2025 23:15:31 Philippine Standard Time : Information : Added local RPC method "SubscribeQueryResultsAsync" -> Microsoft.VisualStudio.ProjectSystem.Server.QueryExecutionServiceFactory+QueryExecutionServiceShim.SubscribeQueryResultsAsync(String, IObserver`1, CancellationToken) (Microsoft.VisualStudio.ProjectSystem.Server.QueryExecutionServiceFactory+QueryExecutionServiceShim)
04/09/2025 23:15:31 Philippine Standard Time : Information : Added local RPC method "TrackQueryUpdatesAsync" -> Microsoft.VisualStudio.ProjectSystem.Server.QueryExecutionServiceFactory+QueryExecutionServiceShim.TrackQueryUpdatesAsync(String, IObserver`1, CancellationToken) (Microsoft.VisualStudio.ProjectSystem.Server.QueryExecutionServiceFactory+QueryExecutionServiceShim)
04/09/2025 23:15:31 Philippine Standard Time : Information : Added local RPC method "Dispose" -> Microsoft.VisualStudio.ProjectSystem.OnceInitializedOnceDisposedAsync.Dispose() (Microsoft.VisualStudio.ProjectSystem.Server.QueryExecutionServiceFactory+QueryExecutionServiceShim)
04/09/2025 23:15:31 Philippine Standard Time : Information : Added local RPC method "DisposeAsync" -> Microsoft.VisualStudio.ProjectSystem.OnceInitializedOnceDisposedAsync.DisposeAsync() (Microsoft.VisualStudio.ProjectSystem.Server.QueryExecutionServiceFactory+QueryExecutionServiceShim)
04/09/2025 23:15:31 Philippine Standard Time : Information : Added local RPC method "ExecuteQuery" -> Microsoft.VisualStudio.ProjectSystem.Server.QueryExecutionServiceFactory+QueryExecutionServiceShim.ExecuteQueryAsync(String, CancellationToken) (Microsoft.VisualStudio.ProjectSystem.Server.QueryExecutionServiceFactory+QueryExecutionServiceShim)
04/09/2025 23:15:31 Philippine Standard Time : Information : Added local RPC method "ExecuteRemoteExecutable" -> Microsoft.VisualStudio.ProjectSystem.Server.QueryExecutionServiceFactory+QueryExecutionServiceShim.ExecuteRemoteExecutableAsync(String, CancellationToken) (Microsoft.VisualStudio.ProjectSystem.Server.QueryExecutionServiceFactory+QueryExecutionServiceShim)
04/09/2025 23:15:31 Philippine Standard Time : Information : Added local RPC method "GetServiceIdentity" -> Microsoft.VisualStudio.ProjectSystem.Server.QueryExecutionServiceFactory+QueryExecutionServiceShim.GetServiceIdentityAsync(CancellationToken) (Microsoft.VisualStudio.ProjectSystem.Server.QueryExecutionServiceFactory+QueryExecutionServiceShim)
04/09/2025 23:15:31 Philippine Standard Time : Information : Added local RPC method "Query" -> Microsoft.VisualStudio.ProjectSystem.Server.QueryExecutionServiceFactory+QueryExecutionServiceShim.QueryAsync(String, CancellationToken) (Microsoft.VisualStudio.ProjectSystem.Server.QueryExecutionServiceFactory+QueryExecutionServiceShim)
04/09/2025 23:15:31 Philippine Standard Time : Information : Added local RPC method "SubscribeQueryResults" -> Microsoft.VisualStudio.ProjectSystem.Server.QueryExecutionServiceFactory+QueryExecutionServiceShim.SubscribeQueryResultsAsync(String, IObserver`1, CancellationToken) (Microsoft.VisualStudio.ProjectSystem.Server.QueryExecutionServiceFactory+QueryExecutionServiceShim)
04/09/2025 23:15:31 Philippine Standard Time : Information : Added local RPC method "TrackQueryUpdates" -> Microsoft.VisualStudio.ProjectSystem.Server.QueryExecutionServiceFactory+QueryExecutionServiceShim.TrackQueryUpdatesAsync(String, IObserver`1, CancellationToken) (Microsoft.VisualStudio.ProjectSystem.Server.QueryExecutionServiceFactory+QueryExecutionServiceShim)
04/09/2025 23:15:31 Philippine Standard Time: Information : 3 :Listening started.
04/09/2025 23:15:31 Philippine Standard Time: Information : 7 :{"id":0,"method":"SubscribeQueryResultsAsync"}
04/09/2025 23:15:31 Philippine Standard Time: Information : 6 :Received request "0" for method "SubscribeQueryResultsAsync".
04/09/2025 23:15:31 Philippine Standard Time: Information : 9 :Invoking Microsoft.VisualStudio.ProjectSystem.Server.QueryExecutionServiceFactory+QueryExecutionServiceShim.SubscribeQueryResultsAsync(String, IObserver`1, CancellationToken)
04/09/2025 23:15:31 Philippine Standard Time : Start : SubscribeQueryResultsAsync
04/09/2025 23:15:31 Philippine Standard Time : Stop : SubscribeQueryResultsAsync
04/09/2025 23:15:31 Philippine Standard Time : Information : Added local RPC method "$/invokeProxy/0/dispose" -> System.IDisposable.Dispose() (Microsoft.VisualStudio.ProjectSystem.AsyncSubscribe`1[System.String])
04/09/2025 23:15:31 Philippine Standard Time: Information : 8 :{"id":0}
04/09/2025 23:15:31 Philippine Standard Time : Information : Microsoft.VisualStudio.ProjectSystem.Query.Remoting.QueryExecutionService write: Content-Length: 70

{"jsonrpc":"2.0","id":0,"result":{"__jsonrpc_marshaled":1,"handle":0}}
04/09/2025 23:15:32 Philippine Standard Time: Information : 8 :{"id":null,"method":"$/invokeProxy/1/onNext"}
04/09/2025 23:15:32 Philippine Standard Time : Information : Microsoft.VisualStudio.ProjectSystem.Query.Remoting.QueryExecutionService write: Content-Length: 225

{"traceparent":"00-415dd58b0d0404428bb44eb4e6dc2ad9-f29cf75d896d6b47-01","jsonrpc":"2.0","method":"$/invokeProxy/1/onNext","params":["{\"Versions\":{\"Workspace:Version\":1,\"ProjectsStateUpdates:Version\":0},\"Items\":[]}"]}
04/09/2025 23:15:32 Philippine Standard Time: Information : 8 :{"id":null,"method":"$/invokeProxy/1/onNext"}
04/09/2025 23:15:32 Philippine Standard Time : Information : Microsoft.VisualStudio.ProjectSystem.Query.Remoting.QueryExecutionService write: Content-Length: 225

{"traceparent":"00-415dd58b0d0404428bb44eb4e6dc2ad9-c07c51bc38467f42-01","jsonrpc":"2.0","method":"$/invokeProxy/1/onNext","params":["{\"Versions\":{\"Workspace:Version\":1,\"ProjectsStateUpdates:Version\":2},\"Items\":[]}"]}
04/09/2025 23:15:44 Philippine Standard Time : Information : Microsoft.VisualStudio.ProjectSystem.Query.Remoting.QueryExecutionService read: end of stream
04/09/2025 23:15:44 Philippine Standard Time : Information : Waiting for 'Microsoft.VisualStudio.ProjectSystem.Query.Remoting.QueryExecutionService' instance to complete its completionTask.
04/09/2025 23:15:44 Philippine Standard Time: Information : 13 :Connection closing (RemotePartyTerminated: Reached end of stream.). 
04/09/2025 23:15:44 Philippine Standard Time : Information : Disposed 'Microsoft.VisualStudio.ProjectSystem.Query.Remoting.QueryExecutionService' via 'completionTask' method.
04/09/2025 23:15:44 Philippine Standard Time : Information : Finishing shutting down service: Microsoft.VisualStudio.ProjectSystem.Query.Remoting.QueryExecutionService.
