04/09/2025 23:15:23 Philippine Standard Time : Information : Local timezone is (UTC+08:00) Philippine Standard Time (Manila)
04/09/2025 23:15:24 Philippine Standard Time : Information : VsHubClient-hubController write: Content-Length: 108

{"jsonrpc":"2.0","id":2,"method":"UpdateClientInfoAsync","params":[{"clientName":"VsHubClient","pid":3575}]}
04/09/2025 23:15:24 Philippine Standard Time : Information : VsHubClient-hubController read: Content-Length: 474

{"jsonrpc":"2.0","id":2,"result":{"ClientWatchServerName":"net.pipe://388595A251","ControllerConfig":{"Executable":"/Users/shakiraregalado/.vscode/extensions/ms-dotnettools.csdevkit-1.18.23-darwin-arm64/components/vs-green-server/platforms/darwin-arm64/node_modules/@microsoft/visualstudio-code-servicecontroller.darwin-arm64/Microsoft.VisualStudio.Code.ServiceController","Args":["6ce28f2033"],"PipeName":"6ce28f2033"},"HostsConfig":{"RootDir":".","AppConfigFallback":""}}}
04/09/2025 23:15:24 Philippine Standard Time : Information : Connected to Hub Controller's client watch 'net.pipe://388595A251
04/09/2025 23:15:27 Philippine Standard Time : Information : VsHubClient-hubController write: Content-Length: 108

{"jsonrpc":"2.0","id":2,"method":"UpdateClientInfoAsync","params":[{"clientName":"VsHubClient","pid":3575}]}
04/09/2025 23:15:27 Philippine Standard Time : Information : VsHubClient-hubController read: Content-Length: 474

{"jsonrpc":"2.0","id":2,"result":{"ClientWatchServerName":"net.pipe://388595A251","ControllerConfig":{"Executable":"/Users/shakiraregalado/.vscode/extensions/ms-dotnettools.csdevkit-1.18.23-darwin-arm64/components/vs-green-server/platforms/darwin-arm64/node_modules/@microsoft/visualstudio-code-servicecontroller.darwin-arm64/Microsoft.VisualStudio.Code.ServiceController","Args":["6ce28f2033"],"PipeName":"6ce28f2033"},"HostsConfig":{"RootDir":".","AppConfigFallback":""}}}
04/09/2025 23:15:27 Philippine Standard Time : Information : VsHubClient-hubController write: Content-Length: 13984


04/09/2025 23:15:28 Philippine Standard Time : Information : VsHubClient-hubController write: {"jsonrpc":"2.0","id":3,"method":"RegisterServicesAsync","params":[{"Microsoft.VisualStudio.CpsProjectIconSourceService":{"host":"dotnet.projectSystem","hostId":"C94B8CFE-E3FD-4BAF-A941-2866DBB566FE","serviceBaseDirectory":"/Users/shakiraregalado/.vscode/extensions/ms-dotnettools.csdevkit-1.18.23-darwin-arm64/components/CPS/platforms/darwin-arm64/node_modules/@microsoft/visualstudio-projectsystem-server.darwin-arm64","entryPoint":{"assemblyPath":"/Users/shakiraregalado/.vscode/extensions/ms-dotnettools.csdevkit-1.18.23-darwin-arm64/components/CPS/platforms/darwin-arm64/node_modules/@microsoft/visualstudio-projectsystem-server.darwin-arm64/Microsoft.VisualStudio.ProjectSystem.Server.Implementation.dll","fullClassName":"Microsoft.VisualStudio.ProjectSystem.Server.ProjectIconSourceServiceFactory"}},"Microsoft.VisualStudio.LaunchConfigurationService":{"host":"dotnet.projectSystem","hostId":"C94B8CFE-E3FD-4BAF-A941-2866DBB566FE","serviceBaseDirectory":"/Users/shakiraregalado/.vscode/extensions/ms-dotnettools.csdevkit-1.18.23-darwin-arm64/components/CPS/platforms/darwin-arm64/node_modules/@microsoft/visualstudio-projectsystem-server.darwin-arm64","entryPoint":{"assemblyPath":"/Users/shakiraregalado/.vscode/extensions/ms-dotnettools.csdevkit-1.18.23-darwin-arm64/components/CPS/platforms/darwin-arm64/node_modules/@microsoft/visualstudio-projectsystem-server.darwin-arm64/Microsoft.VisualStudio.ProjectSystem.Server.Implementation.dll","fullClassName":"Microsoft.VisualStudio.ProjectSystem.Server.LaunchConfigurationServiceFactory"}},"Microsoft.VisualStudio.ProjectSystem.CompositionService":{"host":"dotnet.projectSystem","hostId":"C94B8CFE-E3FD-4BAF-A941-2866DBB566FE","serviceBaseDirectory":"/Users/shakiraregalado/.vscode/extensions/ms-dotnettools.csdevkit-1.18.23-darwin-arm64/components/CPS/platforms/darwin-arm64/node_modules/@microsoft/visualstudio-projectsystem-server.darwin-arm64","entryPoint":{"assemblyPath":"/Users/shakiraregalado/.vscode/extensions/ms-dotnettools.csdevkit-1.18.23-darwin-arm64/components/CPS/platforms/darwin-arm64/node_modules/@microsoft/visualstudio-projectsystem-server.darwin-arm64/Microsoft.VisualStudio.ProjectSystem.Server.Implementation.dll","fullClassName":"Microsoft.VisualStudio.ProjectSystem.Server.CompositionServiceFactory"}},"Microsoft.VisualStudio.ProjectSystem.ProjectInitializationStatusService":{"host":"dotnet.projectSystem","hostId":"C94B8CFE-E3FD-4BAF-A941-2866DBB566FE","serviceBaseDirectory":"/Users/shakiraregalado/.vscode/extensions/ms-dotnettools.csdevkit-1.18.23-darwin-arm64/components/CPS/platforms/darwin-arm64/node_modules/@microsoft/visualstudio-projectsystem-server.darwin-arm64","entryPoint":{"assemblyPath":"/Users/shakiraregalado/.vscode/extensions/ms-dotnettools.csdevkit-1.18.23-darwin-arm64/components/CPS/platforms/darwin-arm64/node_modules/@microsoft/visualstudio-projectsystem-server.darwin-arm64/Microsoft.VisualStudio.ProjectSystem.Server.Implementation.dll","fullClassName":"Microsoft.VisualStudio.ProjectSystem.Server.ProjectInitializationStatusServiceFactory"}},"Microsoft.VisualStudio.ProjectSystem.ProjectTreeProvider":{"host":"dotnet.projectSystem","hostId":"C94B8CFE-E3FD-4BAF-A941-2866DBB566FE","serviceBaseDirectory":"/Users/shakiraregalado/.vscode/extensions/ms-dotnettools.csdevkit-1.18.23-darwin-arm64/components/CPS/platforms/darwin-arm64/node_modules/@microsoft/visualstudio-projectsystem-server.darwin-arm64","entryPoint":{"assemblyPath":"/Users/shakiraregalado/.vscode/extensions/ms-dotnettools.csdevkit-1.18.23-darwin-arm64/components/CPS/platforms/darwin-arm64/node_modules/@microsoft/visualstudio-projectsystem-server.darwin-arm64/Microsoft.VisualStudio.ProjectSystem.Server.Implementation.dll","fullClassName":"Microsoft.VisualStudio.ProjectSystem.Server.ProjectTreeProviderFactory"}},"Microsoft.VisualStudio.ProjectSystem.Query.Remoting.QueryExecutionService":{"host":"dotnet.projectSystem","hostId":"C94B8CFE-E3FD-4BAF-A941-2866DBB566FE","serviceBaseDirectory":"/Users/shakiraregalado/.vscode/extensions/ms-dotnettools.csdevkit-1.18.23-darwin-arm64/components/CPS/platforms/darwin-arm64/node_modules/@microsoft/visualstudio-projectsystem-server.darwin-arm64","entryPoint":{"assemblyPath":"/Users/shakiraregalado/.vscode/extensions/ms-dotnettools.csdevkit-1.18.23-darwin-arm64/components/CPS/platforms/darwin-arm64/node_modules/@microsoft/visualstudio-projectsystem-server.darwin-arm64/Microsoft.VisualStudio.ProjectSystem.Server.Implementation.dll","fullClassName":"Microsoft.VisualStudio.ProjectSystem.Server.QueryExecutionServiceFactory"}},"Microsoft.VisualStudio.TestWindow.VSCode.ProjectSystemProvider.Service":{"host":"dotnet","hostId":"C94B8CFE-E3FD-4BAF-A941-2866DBB566FE","serviceBaseDirectory":"/Users/shakiraregalado/.vscode/extensions/ms-dotnettools.csdevkit-1.18.23-darwin-arm64/components/VSUnitTesting/platforms/darwin-arm64/node_modules/@microsoft/visualstudio-testwindow-vscode-service.darwin-arm64","entryPoint":{"assemblyPath":"/Users/shakiraregalado/.vscode/extensions/ms-dotnettools.csdevkit-1.18.23-darwin-arm64/components/VSUnitTesting/platforms/darwin-arm64/node_modules/@microsoft/visualstudio-testwindow-vscode-service.darwin-arm64/Microsoft.VisualStudio.TestWindow.VSCode.Service.dll","fullClassName":"Microsoft.VisualStudio.TestWindow.VSCode.ProjectSystemProvider.Service.ProjectSystemProviderServiceFactory"}},"Microsoft.VisualStudio.TestWindow.VSCode.Service":{"host":"dotnet","hostId":"C94B8CFE-E3FD-4BAF-A941-2866DBB566FE","serviceBaseDirectory":"/Users/shakiraregalado/.vscode/extensions/ms-dotnettools.csdevkit-1.18.23-darwin-arm64/components/VSUnitTesting/platforms/darwin-arm64/node_modules/@microsoft/visualstudio-testwindow-vscode-service.darwin-arm64","entryPoint":{"assemblyPath":"/Users/shakiraregalado/.vscode/extensions/ms-dotnettools.csdevkit-1.18.23-darwin-arm64/components/VSUnitTesting/platforms/darwin-arm64/node_modules/@microsoft/visualstudio-testwindow-vscode-service.darwin-arm64/Microsoft.VisualStudio.TestWindow.VSCode.Service.dll","fullClassName":"Microsoft.VisualStudio.TestWindow.VSCode.Service.TestWindowVSCodeServiceFactory"}},"Microsoft.VisualStudio.AspireRunSettingService":{"host":"dotnet.projectSystem","hostId":"C94B8CFE-E3FD-4BAF-A941-2866DBB566FE","serviceBaseDirectory":"/Users/shakiraregalado/.vscode/extensions/ms-dotnettools.csdevkit-1.18.23-darwin-arm64/components/WebTools/node_modules/@microsoft/vscode.webtools/Services","entryPoint":{"assemblyPath":"/Users/shakiraregalado/.vscode/extensions/ms-dotnettools.csdevkit-1.18.23-darwin-arm64/components/WebTools/node_modules/@microsoft/vscode.webtools/Services/Microsoft.WebTools.Aspire.VSCode.Services.dll","fullClassName":"Microsoft.WebTools.Aspire.VSCode.Services.AspireRunSettingServiceFactory"},"friendServices":["Microsoft.VisualStudio.ProjectSystem.CompositionService"]},"Microsoft.VisualStudio.AspireServer":{"host":"dotnet.aspireServer","hostId":"C94B8CFE-E3FD-4BAF-A941-2866DBB566FE","serviceBaseDirectory":"/Users/shakiraregalado/.vscode/extensions/ms-dotnettools.csdevkit-1.18.23-darwin-arm64/components/WebTools/node_modules/@microsoft/vscode.webtools/Services","entryPoint":{"assemblyPath":"/Users/shakiraregalado/.vscode/extensions/ms-dotnettools.csdevkit-1.18.23-darwin-arm64/components/WebTools/node_modules/@microsoft/vscode.webtools/Services/Microsoft.WebTools.AspireServer.dll","fullClassName":"Microsoft.WebTools.AspireServer.ServiceFactory"}},"Microsoft.VisualStudio.Debugger.AspireService":{"host":"dotnet.projectSystem","hostId":"C94B8CFE-E3FD-4BAF-A941-2866DBB566FE","serviceBaseDirectory":"/Users/shakiraregalado/.vscode/extensions/ms-dotnettools.csdevkit-1.18.23-darwin-arm64/components/WebTools/node_modules/@microsoft/vscode.webtools/Services","entryPoint":{"assemblyPath":"/Users/shakiraregalado/.vscode/extensions/ms-dotnettools.csdevkit-1.18.23-darwin-arm64/components/WebTools/node_modules/@microsoft/vscode.webtools/Services/Microsoft.WebTools.Aspire.VSCode.Services.dll","fullClassName":"Microsoft.WebTools.Aspire.VSCode.Services.AspireDebugServiceFactory"},"friendServices":["Microsoft.VisualStudio.ProjectSystem.CompositionService"]},"Microsoft.VisualStudio.WebTools.CssVisualDiagnosticsService":{"host":"dotnet.projectSystem","hostId":"C94B8CFE-E3FD-4BAF-A941-2866DBB566FE","serviceBaseDirectory":"/Users/shakiraregalado/.vscode/extensions/ms-dotnettools.csdevkit-1.18.23-darwin-arm64/components/WebTools/node_modules/@microsoft/vscode.webtools","entryPoint":{"assemblyPath":"/Users/shakiraregalado/.vscode/extensions/ms-dotnettools.csdevkit-1.18.23-darwin-arm64/components/WebTools/node_modules/@microsoft/vscode.webtools/Microsoft.WebTools.ProjectSystem.VSCode.dll","fullClassName":"Microsoft.WebTools.ProjectSystem.VSCode.VisualDiagnostics.CssVisualDiagnosticsFactory"},"friendServices":["Microsoft.VisualStudio.ProjectSystem.CompositionService"]},"Microsoft.VisualStudio.ProjectSystem.DebugTargetFrameworkService":{"host":"dotnet.projectSystem","hostId":"C94B8CFE-E3FD-4BAF-A941-2866DBB566FE","serviceBaseDirectory":"/Users/shakiraregalado/.vscode/extensions/ms-dotnettools.csdevkit-1.18.23-darwin-arm64/components/dotnet-project-system-vscode/node_modules/@microsoft/vscode.projectsystem.managed/Services","entryPoint":{"assemblyPath":"/Users/shakiraregalado/.vscode/extensions/ms-dotnettools.csdevkit-1.18.23-darwin-arm64/components/dotnet-project-system-vscode/node_modules/@microsoft/vscode.projectsystem.managed/Services/Microsoft.ProjectSystem.Managed.VSCode.Services.dll","fullClassName":"Microsoft.VisualStudio.ProjectSystem.Services.DebugTargetFrameworkServiceFactory"},"friendServices":["Microsoft.VisualStudio.ProjectSystem.CompositionService"]},"Microsoft.VisualStudio.ProjectQueryTestService":{"host":"dotnet","hostId":"C94B8CFE-E3FD-4BAF-A941-2866DBB566FE","serviceBaseDirectory":"/Users/shakiraregalado/.vscode/extensions/ms-dotnettools.csdevkit-1.18.23-darwin-arm64/components/vs-green-server/platforms/darwin-arm64/node_modules/@microsoft/visualstudio-server-samples-sayhello.darwin-arm64","entryPoint":{"assemblyPath":"/Users/shakiraregalado/.vscode/extensions/ms-dotnettools.csdevkit-1.18.23-darwin-arm64/components/vs-green-server/platforms/darwin-arm64/node_modules/@microsoft/visualstudio-server-samples-sayhello.darwin-arm64/Microsoft.VisualStudio.Samples.SayHello.dll","fullClassName":"Microsoft.VisualStudio.Samples.SayHello.ProjectQueryTestServiceFactory"}},"helloServiceHubDotNetHost":{"host":"dotnet","hostId":"C94B8CFE-E3FD-4BAF-A941-2866DBB566FE","serviceBaseDirectory":"/Users/shakiraregalado/.vscode/extensions/ms-dotnettools.csdevkit-1.18.23-darwin-arm64/components/vs-green-server/platforms/darwin-arm64/node_modules/@microsoft/visualstudio-server-samples-sayhello.darwin-arm64","entryPoint":{"assemblyPath":"/Users/shakiraregalado/.vscode/extensions/ms-dotnettools.csdevkit-1.18.23-darwin-arm64/components/vs-green-server/platforms/darwin-arm64/node_modules/@microsoft/visualstudio-server-samples-sayhello.darwin-arm64/Microsoft.VisualStudio.Samples.SayHello.dll","fullClassName":"Microsoft.VisualStudio.Samples.SayHello.HelloWorldFactory"}},"Microsoft.VisualStudio.Maui.Devices.AndroidDeviceManager":{"host":"dotnet","hostId":"C94B8CFE-E3FD-4BAF-A941-2866DBB566FE","serviceBaseDirectory":"/Users/shakiraregalado/.vscode/extensions/ms-dotnettools.dotnet-maui-1.9.21-darwin-arm64/dist/components/MicrosoftVisualStudioMauiDevices","entryPoint":{"assemblyPath":"/Users/shakiraregalado/.vscode/extensions/ms-dotnettools.dotnet-maui-1.9.21-darwin-arm64/dist/components/MicrosoftVisualStudioMauiDevices/Microsoft.VisualStudio.Maui.Devices.dll","fullClassName":"Microsoft.VisualStudio.Maui.Devices.AndroidDeviceManagerFactory"}},"Microsoft.VisualStudio.Maui.Devices.AppleDeviceManager":{"host":"dotnet","hostId":"C94B8CFE-E3FD-4BAF-A941-2866DBB566FE","serviceBaseDirectory":"/Users/shakiraregalado/.vscode/extensions/ms-dotnettools.dotnet-maui-1.9.21-darwin-arm64/dist/components/MicrosoftVisualStudioMauiDevices","entryPoint":{"assemblyPath":"/Users/shakiraregalado/.vscode/extensions/ms-dotnettools.dotnet-maui-1.9.21-darwin-arm64/dist/components/MicrosoftVisualStudioMauiDevices/Microsoft.VisualStudio.Maui.Devices.dll","fullClassName":"Microsoft.VisualStudio.Maui.Devices.AppleDeviceManagerFactory"}},"Microsoft.VisualStudio.Maui.UtilService":{"host":"dotnet","hostId":"C94B8CFE-E3FD-4BAF-A941-2866DBB566FE","serviceBaseDirectory":"/Users/shakiraregalado/.vscode/extensions/ms-dotnettools.dotnet-maui-1.9.21-darwin-arm64/dist/components/MicrosoftVisualStudioMauiDevices","entryPoint":{"assemblyPath":"/Users/shakiraregalado/.vscode/extensions/ms-dotnettools.dotnet-maui-1.9.21-darwin-arm64/dist/components/MicrosoftVisualStudioMauiDevices/Microsoft.VisualStudio.Maui.Devices.dll","fullClassName":"Microsoft.VisualStudio.Maui.UtilServiceFactory"}},"Microsoft.VisualStudio.Maui.ProjectSystem.MauiLaunchInformationService":{"host":"dotnet","hostId":"C94B8CFE-E3FD-4BAF-A941-2866DBB566FE","serviceBaseDirectory":"/Users/shakiraregalado/.vscode/extensions/ms-dotnettools.dotnet-maui-1.9.21-darwin-arm64/dist/components/MicrosoftVisualStudioMauiProjectSystem","entryPoint":{"assemblyPath":"/Users/shakiraregalado/.vscode/extensions/ms-dotnettools.dotnet-maui-1.9.21-darwin-arm64/dist/components/MicrosoftVisualStudioMauiProjectSystem/Microsoft.VisualStudio.Maui.ProjectSystem.dll","fullClassName":"Microsoft.VisualStudio.Maui.ProjectSystem.MauiLaunchInformationServiceFactory"}},"Microsoft.VisualStudio.Maui.ProjectSystem.PropertiesMonitor":{"host":"dotnet","hostId":"C94B8CFE-E3FD-4BAF-A941-2866DBB566FE","serviceBaseDirectory":"/Users/shakiraregalado/.vscode/extensions/ms-dotnettools.dotnet-maui-1.9.21-darwin-arm64/dist/components/MicrosoftVisualStudioMauiProjectSystem","entryPoint":{"assemblyPath":"/Users/shakiraregalado/.vscode/extensions/ms-dotnettools.dotnet-maui-1.9.21-darwin-arm64/dist/components/MicrosoftVisualStudioMauiProjectSystem/Microsoft.VisualStudio.Maui.ProjectSystem.dll","fullClassName":"Microsoft.VisualStudio.Maui.ProjectSystem.PropertiesMonitorFactory"}}}]}
04/09/2025 23:15:28 Philippine Standard Time : Information : VsHubClient-hubController read: Content-Length: 38

{"jsonrpc":"2.0","id":3,"result":null}
04/09/2025 23:15:28 Philippine Standard Time : Information : VsHubClient-hubController write: Content-Length: 347

{"jsonrpc":"2.0","id":3,"method":"requestServiceChannel","params":[{"Name":"Microsoft.VisualStudio.Maui.UtilService","Version":"0.1"},{"ActivationArguments":{"__servicehub__ServiceHubRemoteServiceBrokerPipeName":"/Users/shakiraregalado/.ServiceHub/6ce28f2033/81fc0bdf61"},"ClientCredentials":{},"ClientCulture":"en-US","ClientUICulture":"en-US"}]}Content-Length: 364

{"jsonrpc":"2.0","id":4,"method":"requestServiceChannel","params":[{"Name":"Microsoft.VisualStudio.ProjectSystem.ProjectTreeProvider","Version":"0.1"},{"ActivationArguments":{"__servicehub__ServiceHubRemoteServiceBrokerPipeName":"/Users/shakiraregalado/.ServiceHub/6ce28f2033/304c23a304"},"ClientCredentials":{},"ClientCulture":"en-US","ClientUICulture":"en-US"}]}Content-Length: 341

{"jsonrpc":"2.0","id":5,"method":"requestServiceChannel","params":[{"Name":"Microsoft.VisualStudio.LaunchConfigurationService"},{"ActivationArguments":{"__servicehub__ServiceHubRemoteServiceBrokerPipeName":"/Users/shakiraregalado/.ServiceHub/6ce28f2033/c1fcdc61e2"},"ClientCredentials":{},"ClientCulture":"en-US","ClientUICulture":"en-US"}]}Content-Length: 356

{"jsonrpc":"2.0","id":6,"method":"requestServiceChannel","params":[{"Name":"Microsoft.VisualStudio.TestWindow.VSCode.Service","Version":"0.1"},{"ActivationArguments":{"__servicehub__ServiceHubRemoteServiceBrokerPipeName":"/Users/shakiraregalado/.ServiceHub/6ce28f2033/2e07bc5e0f"},"ClientCredentials":{},"ClientCulture":"en-US","ClientUICulture":"en-US"}]}
04/09/2025 23:15:28 Philippine Standard Time : Information : VsHubClient-hubController write: Content-Length: 379

{"jsonrpc":"2.0","id":7,"method":"requestServiceChannel","params":[{"Name":"Microsoft.VisualStudio.ProjectSystem.ProjectInitializationStatusService","Version":"0.1"},{"ActivationArguments":{"__servicehub__ServiceHubRemoteServiceBrokerPipeName":"/Users/shakiraregalado/.ServiceHub/6ce28f2033/1f8aad0bd1"},"ClientCredentials":{},"ClientCulture":"en-US","ClientUICulture":"en-US"}]}
04/09/2025 23:15:28 Philippine Standard Time : Information : VsHubClient-hubController write: Content-Length: 379

{"jsonrpc":"2.0","id":8,"method":"requestServiceChannel","params":[{"Name":"Microsoft.VisualStudio.ProjectSystem.ProjectInitializationStatusService","Version":"0.1"},{"ActivationArguments":{"__servicehub__ServiceHubRemoteServiceBrokerPipeName":"/Users/shakiraregalado/.ServiceHub/6ce28f2033/08b37359c6"},"ClientCredentials":{},"ClientCulture":"en-US","ClientUICulture":"en-US"}]}
04/09/2025 23:15:30 Philippine Standard Time : Information : VsHubClient-hubController write: Content-Length: 381

{"jsonrpc":"2.0","id":9,"method":"requestServiceChannel","params":[{"Name":"Microsoft.VisualStudio.ProjectSystem.Query.Remoting.QueryExecutionService","Version":"0.3"},{"ActivationArguments":{"__servicehub__ServiceHubRemoteServiceBrokerPipeName":"/Users/shakiraregalado/.ServiceHub/6ce28f2033/05910e99bc"},"ClientCredentials":{},"ClientCulture":"en-US","ClientUICulture":"en-US"}]}
04/09/2025 23:15:30 Philippine Standard Time : Information : VsHubClient-hubController read: Content-Length: 172

{"jsonrpc":"2.0","id":3,"result":{"RequestId":"55beafdd-0c65-4ebf-ac68-0d629e1110ab","PipeName":"/Users/shakiraregalado/.ServiceHub/6ce28f2033/d8e140a458","IsEmpty":false}}Content-Length: 172

{"jsonrpc":"2.0","id":6,"result":{"RequestId":"46f41100-0905-4264-9efd-63996c4638c8","PipeName":"/Users/shakiraregalado/.ServiceHub/6ce28f2033/a172469834","IsEmpty":false}}
04/09/2025 23:15:30 Philippine Standard Time : Information : Disposing ServiceBroker server '/Users/shakiraregalado/.ServiceHub/6ce28f2033/2e07bc5e0f'.
04/09/2025 23:15:30 Philippine Standard Time : Information : Disposing ServiceBroker server '/Users/shakiraregalado/.ServiceHub/6ce28f2033/81fc0bdf61'.
04/09/2025 23:15:30 Philippine Standard Time : Information : Microsoft.VisualStudio.Maui.UtilService-RemoteServiceBrokerServer read: Content-Length: 193

{"jsonrpc":"2.0","id":2,"method":"handshake","params":[{"supportedConnections":"IpcPipe","localServiceHost":{"operatingSystem":2,"processArchitecture":3,"runtime":2,"runtimeVersion":"9.0.3"}}]}
04/09/2025 23:15:30 Philippine Standard Time : Information : Microsoft.VisualStudio.TestWindow.VSCode.Service-RemoteServiceBrokerServer read: Content-Length: 193

{"jsonrpc":"2.0","id":2,"method":"handshake","params":[{"supportedConnections":"IpcPipe","localServiceHost":{"operatingSystem":2,"processArchitecture":3,"runtime":2,"runtimeVersion":"9.0.3"}}]}
04/09/2025 23:15:30 Philippine Standard Time : Information : Microsoft.VisualStudio.Maui.UtilService-RemoteServiceBrokerServer write: Content-Length: 38

{"jsonrpc":"2.0","id":2,"result":null}
04/09/2025 23:15:30 Philippine Standard Time : Information : Microsoft.VisualStudio.TestWindow.VSCode.Service-RemoteServiceBrokerServer write: Content-Length: 38

{"jsonrpc":"2.0","id":2,"result":null}
04/09/2025 23:15:30 Philippine Standard Time : Information : VsHubClient-hubController read: Content-Length: 172

{"jsonrpc":"2.0","id":9,"result":{"RequestId":"aaaa2279-d5eb-4835-90b5-21e0b3c70976","PipeName":"/Users/shakiraregalado/.ServiceHub/6ce28f2033/00f39c7358","IsEmpty":false}}
04/09/2025 23:15:30 Philippine Standard Time : Information : VsHubClient-hubController read: Content-Length: 172

{"jsonrpc":"2.0","id":4,"result":{"RequestId":"bb348374-b0dd-4565-9165-69373e4e5632","PipeName":"/Users/shakiraregalado/.ServiceHub/6ce28f2033/4501f62e6e","IsEmpty":false}}Content-Length: 172

{"jsonrpc":"2.0","id":5,"result":{"RequestId":"4aebb7ed-f88d-4b7b-9f31-24659ec1d6c2","PipeName":"/Users/shakiraregalado/.ServiceHub/6ce28f2033/d522e63c84","IsEmpty":false}}Content-Length: 172

{"jsonrpc":"2.0","id":8,"result":{"RequestId":"73fd5102-96d0-4d1d-849e-a170fe44a522","PipeName":"/Users/shakiraregalado/.ServiceHub/6ce28f2033/c8c4f57151","IsEmpty":false}}Content-Length: 172

{"jsonrpc":"2.0","id":7,"result":{"RequestId":"78f10930-6954-4089-ac05-a6666e037948","PipeName":"/Users/shakiraregalado/.ServiceHub/6ce28f2033/aa46d6fc1f","IsEmpty":false}}
04/09/2025 23:15:30 Philippine Standard Time : Information : Disposing ServiceBroker server '/Users/shakiraregalado/.ServiceHub/6ce28f2033/c1fcdc61e2'.
04/09/2025 23:15:30 Philippine Standard Time : Information : Microsoft.VisualStudio.LaunchConfigurationService-RemoteServiceBrokerServer read: Content-Length: 193

{"jsonrpc":"2.0","id":2,"method":"handshake","params":[{"supportedConnections":"IpcPipe","localServiceHost":{"operatingSystem":2,"processArchitecture":3,"runtime":2,"runtimeVersion":"9.0.3"}}]}
04/09/2025 23:15:30 Philippine Standard Time : Information : Disposing ServiceBroker server '/Users/shakiraregalado/.ServiceHub/6ce28f2033/1f8aad0bd1'.
04/09/2025 23:15:30 Philippine Standard Time : Information : Disposing ServiceBroker server '/Users/shakiraregalado/.ServiceHub/6ce28f2033/304c23a304'.
04/09/2025 23:15:30 Philippine Standard Time : Information : Microsoft.VisualStudio.Maui.UtilService-RemoteServiceBrokerServer read: Content-Length: 183

{"jsonrpc":"2.0","id":3,"method":"requestServiceChannel","params":[{"name":"Microsoft.ServiceHub.Framework.AuthorizationService"},{"clientCulture":"en-US","clientUICulture":"en-US"}]}
04/09/2025 23:15:30 Philippine Standard Time : Information : Microsoft.VisualStudio.LaunchConfigurationService-RemoteServiceBrokerServer write: Content-Length: 38

{"jsonrpc":"2.0","id":2,"result":null}
04/09/2025 23:15:30 Philippine Standard Time : Information : Microsoft.VisualStudio.TestWindow.VSCode.Service-RemoteServiceBrokerServer read: Content-Length: 183

{"jsonrpc":"2.0","id":3,"method":"requestServiceChannel","params":[{"name":"Microsoft.ServiceHub.Framework.AuthorizationService"},{"clientCulture":"en-US","clientUICulture":"en-US"}]}
04/09/2025 23:15:30 Philippine Standard Time : Information : Microsoft.VisualStudio.Maui.UtilService-RemoteServiceBrokerServer write: Content-Length: 181

{"jsonrpc":"2.0","id":3,"result":{"requestId":"9193f00d-6335-407a-9907-ec4b71b72d10","pipeName":"/var/folders/hp/ty1nf2l1291917znhj6py4p40000gn/T/e93143dce58344a8975900c7eb9df1f3"}}
04/09/2025 23:15:30 Philippine Standard Time : Information : Microsoft.VisualStudio.TestWindow.VSCode.Service-RemoteServiceBrokerServer write: Content-Length: 181

{"jsonrpc":"2.0","id":3,"result":{"requestId":"32e0e86c-cd2a-4335-831e-48e7edf67a81","pipeName":"/var/folders/hp/ty1nf2l1291917znhj6py4p40000gn/T/7471324b5bec4a4db6587d24874770e0"}}
04/09/2025 23:15:30 Philippine Standard Time : Information : Microsoft.VisualStudio.ProjectSystem.ProjectInitializationStatusService-RemoteServiceBrokerServer read: Content-Length: 193

{"jsonrpc":"2.0","id":2,"method":"handshake","params":[{"supportedConnections":"IpcPipe","localServiceHost":{"operatingSystem":2,"processArchitecture":3,"runtime":2,"runtimeVersion":"9.0.3"}}]}
04/09/2025 23:15:30 Philippine Standard Time : Information : Microsoft.VisualStudio.ProjectSystem.ProjectTreeProvider-RemoteServiceBrokerServer read: Content-Length: 193

{"jsonrpc":"2.0","id":2,"method":"handshake","params":[{"supportedConnections":"IpcPipe","localServiceHost":{"operatingSystem":2,"processArchitecture":3,"runtime":2,"runtimeVersion":"9.0.3"}}]}
04/09/2025 23:15:30 Philippine Standard Time : Information : Disposing ServiceBroker server '/Users/shakiraregalado/.ServiceHub/6ce28f2033/08b37359c6'.
04/09/2025 23:15:30 Philippine Standard Time : Information : Microsoft.VisualStudio.ProjectSystem.Query.Remoting.QueryExecutionService-RemoteServiceBrokerServer read: Content-Length: 193

{"jsonrpc":"2.0","id":2,"method":"handshake","params":[{"supportedConnections":"IpcPipe","localServiceHost":{"operatingSystem":2,"processArchitecture":3,"runtime":2,"runtimeVersion":"9.0.3"}}]}
04/09/2025 23:15:30 Philippine Standard Time : Information : Disposing ServiceBroker server '/Users/shakiraregalado/.ServiceHub/6ce28f2033/05910e99bc'.
04/09/2025 23:15:30 Philippine Standard Time : Information : Microsoft.VisualStudio.ProjectSystem.ProjectTreeProvider-RemoteServiceBrokerServer write: Content-Length: 38

{"jsonrpc":"2.0","id":2,"result":null}
04/09/2025 23:15:30 Philippine Standard Time : Information : Microsoft.VisualStudio.ProjectSystem.ProjectInitializationStatusService-RemoteServiceBrokerServer read: Content-Length: 193

{"jsonrpc":"2.0","id":2,"method":"handshake","params":[{"supportedConnections":"IpcPipe","localServiceHost":{"operatingSystem":2,"processArchitecture":3,"runtime":2,"runtimeVersion":"9.0.3"}}]}
04/09/2025 23:15:30 Philippine Standard Time : Information : Microsoft.VisualStudio.ProjectSystem.ProjectInitializationStatusService-RemoteServiceBrokerServer write: Content-Length: 38

{"jsonrpc":"2.0","id":2,"result":null}
04/09/2025 23:15:30 Philippine Standard Time : Information : Microsoft.VisualStudio.ProjectSystem.Query.Remoting.QueryExecutionService-RemoteServiceBrokerServer write: Content-Length: 38

{"jsonrpc":"2.0","id":2,"result":null}
04/09/2025 23:15:30 Philippine Standard Time : Information : Microsoft.VisualStudio.ProjectSystem.ProjectInitializationStatusService-RemoteServiceBrokerServer write: Content-Length: 38

{"jsonrpc":"2.0","id":2,"result":null}
04/09/2025 23:15:31 Philippine Standard Time : Information : Microsoft.VisualStudio.ProjectSystem.ProjectTreeProvider-RemoteServiceBrokerServer read: Content-Length: 183

{"jsonrpc":"2.0","id":3,"method":"requestServiceChannel","params":[{"name":"Microsoft.ServiceHub.Framework.AuthorizationService"},{"clientCulture":"en-US","clientUICulture":"en-US"}]}
04/09/2025 23:15:31 Philippine Standard Time : Information : Microsoft.VisualStudio.ProjectSystem.ProjectInitializationStatusService-RemoteServiceBrokerServer read: Content-Length: 183

{"jsonrpc":"2.0","id":3,"method":"requestServiceChannel","params":[{"name":"Microsoft.ServiceHub.Framework.AuthorizationService"},{"clientCulture":"en-US","clientUICulture":"en-US"}]}
04/09/2025 23:15:31 Philippine Standard Time : Information : Microsoft.VisualStudio.ProjectSystem.ProjectInitializationStatusService-RemoteServiceBrokerServer read: Content-Length: 183

{"jsonrpc":"2.0","id":3,"method":"requestServiceChannel","params":[{"name":"Microsoft.ServiceHub.Framework.AuthorizationService"},{"clientCulture":"en-US","clientUICulture":"en-US"}]}
04/09/2025 23:15:31 Philippine Standard Time : Information : Microsoft.VisualStudio.ProjectSystem.Query.Remoting.QueryExecutionService-RemoteServiceBrokerServer read: Content-Length: 183

{"jsonrpc":"2.0","id":3,"method":"requestServiceChannel","params":[{"name":"Microsoft.ServiceHub.Framework.AuthorizationService"},{"clientCulture":"en-US","clientUICulture":"en-US"}]}
04/09/2025 23:15:31 Philippine Standard Time : Information : Microsoft.VisualStudio.ProjectSystem.ProjectTreeProvider-RemoteServiceBrokerServer write: Content-Length: 181

{"jsonrpc":"2.0","id":3,"result":{"requestId":"230414f5-9200-44e9-9574-31930444297e","pipeName":"/var/folders/hp/ty1nf2l1291917znhj6py4p40000gn/T/d19b88c264be4af5a4c23557c1fa6eb2"}}
04/09/2025 23:15:31 Philippine Standard Time : Information : Microsoft.VisualStudio.ProjectSystem.ProjectInitializationStatusService-RemoteServiceBrokerServer write: Content-Length: 181

{"jsonrpc":"2.0","id":3,"result":{"requestId":"e09f6d00-1efd-42d1-b6e8-08b70f9673cb","pipeName":"/var/folders/hp/ty1nf2l1291917znhj6py4p40000gn/T/086a64530116494f99b762624e6a5e57"}}
04/09/2025 23:15:31 Philippine Standard Time : Information : Microsoft.VisualStudio.ProjectSystem.Query.Remoting.QueryExecutionService-RemoteServiceBrokerServer write: Content-Length: 181

{"jsonrpc":"2.0","id":3,"result":{"requestId":"a25e4b1a-c6f7-4923-82d2-8c04e180f0f8","pipeName":"/var/folders/hp/ty1nf2l1291917znhj6py4p40000gn/T/53e743b724904eaea79d95479ce798f2"}}
04/09/2025 23:15:31 Philippine Standard Time : Information : Microsoft.VisualStudio.ProjectSystem.ProjectInitializationStatusService-RemoteServiceBrokerServer write: Content-Length: 181

{"jsonrpc":"2.0","id":3,"result":{"requestId":"229943b4-7ffa-40bf-babb-ad49ef0be1b1","pipeName":"/var/folders/hp/ty1nf2l1291917znhj6py4p40000gn/T/afa1c8fd81c345b3901d173cdf9cb275"}}
04/09/2025 23:15:31 Philippine Standard Time : Information : Microsoft.VisualStudio.LaunchConfigurationService-RemoteServiceBrokerServer read: Content-Length: 183

{"jsonrpc":"2.0","id":3,"method":"requestServiceChannel","params":[{"name":"Microsoft.ServiceHub.Framework.AuthorizationService"},{"clientCulture":"en-US","clientUICulture":"en-US"}]}
04/09/2025 23:15:31 Philippine Standard Time : Information : Microsoft.VisualStudio.LaunchConfigurationService-RemoteServiceBrokerServer write: Content-Length: 181

{"jsonrpc":"2.0","id":3,"result":{"requestId":"f41749f1-0960-4262-8771-87a82d51ab31","pipeName":"/var/folders/hp/ty1nf2l1291917znhj6py4p40000gn/T/b95aee8cceaf49eda0cab6811e867137"}}
04/09/2025 23:15:31 Philippine Standard Time : Information : Microsoft.VisualStudio.ProjectSystem.ProjectInitializationStatusService-RemoteServiceBrokerServer read: Content-Length: 203

{"jsonrpc":"2.0","id":4,"method":"requestServiceChannel","params":[{"name":"Microsoft.VisualStudio.ProjectSystem.CompositionService","version":"0.1"},{"clientCulture":"en-US","clientUICulture":"en-US"}]}
04/09/2025 23:15:31 Philippine Standard Time : Information : VsHubClient-hubController write: Content-Length: 364

{"jsonrpc":"2.0","id":10,"method":"requestServiceChannel","params":[{"Name":"Microsoft.VisualStudio.ProjectSystem.CompositionService","Version":"0.1"},{"ActivationArguments":{"__servicehub__ServiceHubRemoteServiceBrokerPipeName":"/Users/shakiraregalado/.ServiceHub/6ce28f2033/35644db35d"},"ClientCredentials":{},"ClientCulture":"en-US","ClientUICulture":"en-US"}]}
04/09/2025 23:15:31 Philippine Standard Time : Information : VsHubClient-hubController read: Content-Length: 173

{"jsonrpc":"2.0","id":10,"result":{"RequestId":"8b3522d3-fda0-4dd6-8d23-9eafae173a68","PipeName":"/Users/shakiraregalado/.ServiceHub/6ce28f2033/7d7285cc43","IsEmpty":false}}
04/09/2025 23:15:31 Philippine Standard Time : Information : Microsoft.VisualStudio.ProjectSystem.ProjectInitializationStatusService-RemoteServiceBrokerServer write: Content-Length: 156

{"jsonrpc":"2.0","id":4,"result":{"requestId":"8b3522d3-fda0-4dd6-8d23-9eafae173a68","pipeName":"/Users/shakiraregalado/.ServiceHub/6ce28f2033/7d7285cc43"}}
04/09/2025 23:15:31 Philippine Standard Time : Information : Disposing ServiceBroker server '/Users/shakiraregalado/.ServiceHub/6ce28f2033/35644db35d'.
04/09/2025 23:15:31 Philippine Standard Time : Information : Microsoft.VisualStudio.ProjectSystem.CompositionService-RemoteServiceBrokerServer read: Content-Length: 193

{"jsonrpc":"2.0","id":2,"method":"handshake","params":[{"supportedConnections":"IpcPipe","localServiceHost":{"operatingSystem":2,"processArchitecture":3,"runtime":2,"runtimeVersion":"9.0.3"}}]}
04/09/2025 23:15:31 Philippine Standard Time : Information : Microsoft.VisualStudio.ProjectSystem.CompositionService-RemoteServiceBrokerServer write: Content-Length: 38

{"jsonrpc":"2.0","id":2,"result":null}
04/09/2025 23:15:31 Philippine Standard Time : Information : VsHubClient-hubController write: Content-Length: 365

{"jsonrpc":"2.0","id":11,"method":"requestServiceChannel","params":[{"Name":"Microsoft.VisualStudio.Maui.Devices.AndroidDeviceManager","Version":"0.1"},{"ActivationArguments":{"__servicehub__ServiceHubRemoteServiceBrokerPipeName":"/Users/shakiraregalado/.ServiceHub/6ce28f2033/3f1cd6c0dd"},"ClientCredentials":{},"ClientCulture":"en-US","ClientUICulture":"en-US"}]}
04/09/2025 23:15:31 Philippine Standard Time : Information : Microsoft.VisualStudio.ProjectSystem.CompositionService-RemoteServiceBrokerServer read: Content-Length: 183

{"jsonrpc":"2.0","id":3,"method":"requestServiceChannel","params":[{"name":"Microsoft.ServiceHub.Framework.AuthorizationService"},{"clientCulture":"en-US","clientUICulture":"en-US"}]}
04/09/2025 23:15:31 Philippine Standard Time : Information : Microsoft.VisualStudio.ProjectSystem.CompositionService-RemoteServiceBrokerServer write: Content-Length: 181

{"jsonrpc":"2.0","id":3,"result":{"requestId":"7569f761-737b-42bd-a22b-cafdbd555bcb","pipeName":"/var/folders/hp/ty1nf2l1291917znhj6py4p40000gn/T/b96309e9ffc846e5ae2ec6df3c582d05"}}
04/09/2025 23:15:31 Philippine Standard Time : Information : VsHubClient-hubController read: Content-Length: 173

{"jsonrpc":"2.0","id":11,"result":{"RequestId":"bd1199cc-6112-4d09-94ea-3080be6ac36d","PipeName":"/Users/shakiraregalado/.ServiceHub/6ce28f2033/5592c3541e","IsEmpty":false}}
04/09/2025 23:15:31 Philippine Standard Time : Information : Disposing ServiceBroker server '/Users/shakiraregalado/.ServiceHub/6ce28f2033/3f1cd6c0dd'.
04/09/2025 23:15:31 Philippine Standard Time : Information : Microsoft.VisualStudio.Maui.Devices.AndroidDeviceManager-RemoteServiceBrokerServer read: Content-Length: 193

{"jsonrpc":"2.0","id":2,"method":"handshake","params":[{"supportedConnections":"IpcPipe","localServiceHost":{"operatingSystem":2,"processArchitecture":3,"runtime":2,"runtimeVersion":"9.0.3"}}]}
04/09/2025 23:15:31 Philippine Standard Time : Information : VsHubClient-hubController write: Content-Length: 363

{"jsonrpc":"2.0","id":12,"method":"requestServiceChannel","params":[{"Name":"Microsoft.VisualStudio.Maui.Devices.AppleDeviceManager","Version":"0.1"},{"ActivationArguments":{"__servicehub__ServiceHubRemoteServiceBrokerPipeName":"/Users/shakiraregalado/.ServiceHub/6ce28f2033/3ae236e090"},"ClientCredentials":{},"ClientCulture":"en-US","ClientUICulture":"en-US"}]}
04/09/2025 23:15:31 Philippine Standard Time : Information : Microsoft.VisualStudio.Maui.Devices.AndroidDeviceManager-RemoteServiceBrokerServer write: Content-Length: 38

{"jsonrpc":"2.0","id":2,"result":null}
04/09/2025 23:15:31 Philippine Standard Time : Information : VsHubClient-hubController read: Content-Length: 173

{"jsonrpc":"2.0","id":12,"result":{"RequestId":"f3d6d4a0-e475-42e6-8ebf-f027ab7690e9","PipeName":"/Users/shakiraregalado/.ServiceHub/6ce28f2033/34d99d2cbd","IsEmpty":false}}
04/09/2025 23:15:31 Philippine Standard Time : Information : Microsoft.VisualStudio.Maui.Devices.AndroidDeviceManager-RemoteServiceBrokerServer read: Content-Length: 183

{"jsonrpc":"2.0","id":3,"method":"requestServiceChannel","params":[{"name":"Microsoft.ServiceHub.Framework.AuthorizationService"},{"clientCulture":"en-US","clientUICulture":"en-US"}]}
04/09/2025 23:15:31 Philippine Standard Time : Information : Disposing ServiceBroker server '/Users/shakiraregalado/.ServiceHub/6ce28f2033/3ae236e090'.
04/09/2025 23:15:31 Philippine Standard Time : Information : Microsoft.VisualStudio.Maui.Devices.AppleDeviceManager-RemoteServiceBrokerServer read: Content-Length: 193

{"jsonrpc":"2.0","id":2,"method":"handshake","params":[{"supportedConnections":"IpcPipe","localServiceHost":{"operatingSystem":2,"processArchitecture":3,"runtime":2,"runtimeVersion":"9.0.3"}}]}
04/09/2025 23:15:31 Philippine Standard Time : Information : Microsoft.VisualStudio.Maui.Devices.AppleDeviceManager-RemoteServiceBrokerServer write: Content-Length: 38

{"jsonrpc":"2.0","id":2,"result":null}
04/09/2025 23:15:31 Philippine Standard Time : Information : Microsoft.VisualStudio.Maui.Devices.AndroidDeviceManager-RemoteServiceBrokerServer write: Content-Length: 181

{"jsonrpc":"2.0","id":3,"result":{"requestId":"a0874a02-dcc5-4ee7-99da-c730276f4cb9","pipeName":"/var/folders/hp/ty1nf2l1291917znhj6py4p40000gn/T/8bce9a07c1744f95b26bbe0fe624a90e"}}
04/09/2025 23:15:31 Philippine Standard Time : Information : VsHubClient-hubController write: Content-Length: 368

{"jsonrpc":"2.0","id":13,"method":"requestServiceChannel","params":[{"Name":"Microsoft.VisualStudio.Maui.ProjectSystem.PropertiesMonitor","Version":"0.1"},{"ActivationArguments":{"__servicehub__ServiceHubRemoteServiceBrokerPipeName":"/Users/shakiraregalado/.ServiceHub/6ce28f2033/2c060df405"},"ClientCredentials":{},"ClientCulture":"en-US","ClientUICulture":"en-US"}]}
04/09/2025 23:15:31 Philippine Standard Time : Information : Microsoft.VisualStudio.ProjectSystem.CompositionService-RemoteServiceBrokerServer read: Content-Length: 194

{"jsonrpc":"2.0","id":4,"method":"requestServiceChannel","params":[{"name":"Microsoft.VisualStudio.ComponentExportsService","version":"0.1"},{"clientCulture":"en-US","clientUICulture":"en-US"}]}Content-Length: 197

{"jsonrpc":"2.0","id":5,"method":"requestServiceChannel","params":[{"name":"Microsoft.VisualStudio.NoDelay.EnvironmentService","version":"0.1"},{"clientCulture":"en-US","clientUICulture":"en-US"}]}
04/09/2025 23:15:31 Philippine Standard Time : Information : Microsoft.VisualStudio.ProjectSystem.CompositionService-RemoteServiceBrokerServer write: Content-Length: 181

{"jsonrpc":"2.0","id":4,"result":{"requestId":"78d4370c-661a-4361-85d0-166c816ea847","pipeName":"/var/folders/hp/ty1nf2l1291917znhj6py4p40000gn/T/dbd6e4aee6ea469887a2e379a252464d"}}Content-Length: 181

{"jsonrpc":"2.0","id":5,"result":{"requestId":"c356b018-d151-4970-8fa9-ac9225e6d99a","pipeName":"/var/folders/hp/ty1nf2l1291917znhj6py4p40000gn/T/52aac41a8b9043f084bdec35677f2c10"}}
04/09/2025 23:15:31 Philippine Standard Time : Information : Microsoft.VisualStudio.Maui.Devices.AppleDeviceManager-RemoteServiceBrokerServer read: Content-Length: 183

{"jsonrpc":"2.0","id":3,"method":"requestServiceChannel","params":[{"name":"Microsoft.ServiceHub.Framework.AuthorizationService"},{"clientCulture":"en-US","clientUICulture":"en-US"}]}
04/09/2025 23:15:31 Philippine Standard Time : Information : Microsoft.VisualStudio.Maui.Devices.AppleDeviceManager-RemoteServiceBrokerServer write: Content-Length: 181

{"jsonrpc":"2.0","id":3,"result":{"requestId":"fd30c27e-c596-4ed6-9a28-60101ac32f7c","pipeName":"/var/folders/hp/ty1nf2l1291917znhj6py4p40000gn/T/c796df8a56e748d9861d18ac81c79907"}}
04/09/2025 23:15:31 Philippine Standard Time : Information : VsHubClient-hubController read: Content-Length: 173

{"jsonrpc":"2.0","id":13,"result":{"RequestId":"8cdd53ae-6170-40f4-8276-17f3f7def12e","PipeName":"/Users/shakiraregalado/.ServiceHub/6ce28f2033/bac9a9a3ef","IsEmpty":false}}
04/09/2025 23:15:31 Philippine Standard Time : Information : Disposing ServiceBroker server '/Users/shakiraregalado/.ServiceHub/6ce28f2033/2c060df405'.
04/09/2025 23:15:31 Philippine Standard Time : Information : Microsoft.VisualStudio.Maui.ProjectSystem.PropertiesMonitor-RemoteServiceBrokerServer read: Content-Length: 193

{"jsonrpc":"2.0","id":2,"method":"handshake","params":[{"supportedConnections":"IpcPipe","localServiceHost":{"operatingSystem":2,"processArchitecture":3,"runtime":2,"runtimeVersion":"9.0.3"}}]}
04/09/2025 23:15:31 Philippine Standard Time : Information : VsHubClient-hubController write: Content-Length: 379

{"jsonrpc":"2.0","id":14,"method":"requestServiceChannel","params":[{"Name":"Microsoft.VisualStudio.Maui.ProjectSystem.MauiLaunchInformationService","Version":"0.1"},{"ActivationArguments":{"__servicehub__ServiceHubRemoteServiceBrokerPipeName":"/Users/shakiraregalado/.ServiceHub/6ce28f2033/053178cb55"},"ClientCredentials":{},"ClientCulture":"en-US","ClientUICulture":"en-US"}]}
04/09/2025 23:15:31 Philippine Standard Time : Information : Microsoft.VisualStudio.Maui.ProjectSystem.PropertiesMonitor-RemoteServiceBrokerServer write: Content-Length: 38

{"jsonrpc":"2.0","id":2,"result":null}
04/09/2025 23:15:31 Philippine Standard Time : Information : VsHubClient-hubController read: Content-Length: 173

{"jsonrpc":"2.0","id":14,"result":{"RequestId":"9ffdf7fe-318e-47f4-8e79-38d95b6238c3","PipeName":"/Users/shakiraregalado/.ServiceHub/6ce28f2033/73a7e448de","IsEmpty":false}}
04/09/2025 23:15:31 Philippine Standard Time : Information : Disposing ServiceBroker server '/Users/shakiraregalado/.ServiceHub/6ce28f2033/053178cb55'.
04/09/2025 23:15:31 Philippine Standard Time : Information : Microsoft.VisualStudio.Maui.ProjectSystem.MauiLaunchInformationService-RemoteServiceBrokerServer read: Content-Length: 193

{"jsonrpc":"2.0","id":2,"method":"handshake","params":[{"supportedConnections":"IpcPipe","localServiceHost":{"operatingSystem":2,"processArchitecture":3,"runtime":2,"runtimeVersion":"9.0.3"}}]}
04/09/2025 23:15:31 Philippine Standard Time : Information : Microsoft.VisualStudio.Maui.ProjectSystem.MauiLaunchInformationService-RemoteServiceBrokerServer write: Content-Length: 38

{"jsonrpc":"2.0","id":2,"result":null}
04/09/2025 23:15:31 Philippine Standard Time : Information : VsHubClient-hubController write: Content-Length: 380

{"jsonrpc":"2.0","id":15,"method":"requestServiceChannel","params":[{"Name":"Microsoft.VisualStudio.ProjectSystem.ProjectInitializationStatusService","Version":"0.1"},{"ActivationArguments":{"__servicehub__ServiceHubRemoteServiceBrokerPipeName":"/Users/shakiraregalado/.ServiceHub/6ce28f2033/e5a5878adc"},"ClientCredentials":{},"ClientCulture":"en-US","ClientUICulture":"en-US"}]}
04/09/2025 23:15:31 Philippine Standard Time : Information : Microsoft.VisualStudio.Maui.ProjectSystem.MauiLaunchInformationService-RemoteServiceBrokerServer read: Content-Length: 183

{"jsonrpc":"2.0","id":3,"method":"requestServiceChannel","params":[{"name":"Microsoft.ServiceHub.Framework.AuthorizationService"},{"clientCulture":"en-US","clientUICulture":"en-US"}]}
04/09/2025 23:15:31 Philippine Standard Time : Information : VsHubClient-hubController read: Content-Length: 173

{"jsonrpc":"2.0","id":15,"result":{"RequestId":"ac9a0f10-1454-49b2-be8a-ad4de1d4a930","PipeName":"/Users/shakiraregalado/.ServiceHub/6ce28f2033/ddc0721426","IsEmpty":false}}
04/09/2025 23:15:31 Philippine Standard Time : Information : Microsoft.VisualStudio.Maui.ProjectSystem.PropertiesMonitor-RemoteServiceBrokerServer read: Content-Length: 183

{"jsonrpc":"2.0","id":3,"method":"requestServiceChannel","params":[{"name":"Microsoft.ServiceHub.Framework.AuthorizationService"},{"clientCulture":"en-US","clientUICulture":"en-US"}]}
04/09/2025 23:15:31 Philippine Standard Time : Information : Microsoft.VisualStudio.Maui.ProjectSystem.MauiLaunchInformationService-RemoteServiceBrokerServer write: Content-Length: 181

{"jsonrpc":"2.0","id":3,"result":{"requestId":"b5317758-9e0c-407e-bbda-3b2b406400c4","pipeName":"/var/folders/hp/ty1nf2l1291917znhj6py4p40000gn/T/b358e77d5e4a4dbba47dc4ca80115c0e"}}
04/09/2025 23:15:31 Philippine Standard Time : Information : Microsoft.VisualStudio.Maui.ProjectSystem.PropertiesMonitor-RemoteServiceBrokerServer write: Content-Length: 181

{"jsonrpc":"2.0","id":3,"result":{"requestId":"6409bb62-362c-407b-9ba8-3287d6914c13","pipeName":"/var/folders/hp/ty1nf2l1291917znhj6py4p40000gn/T/696fcfa228d54f9691f5c083e0cac509"}}
04/09/2025 23:15:31 Philippine Standard Time : Information : VsHubClient-hubController write: Content-Length: 382

{"jsonrpc":"2.0","id":16,"method":"requestServiceChannel","params":[{"Name":"Microsoft.VisualStudio.ProjectSystem.Query.Remoting.QueryExecutionService","Version":"0.2"},{"ActivationArguments":{"__servicehub__ServiceHubRemoteServiceBrokerPipeName":"/Users/shakiraregalado/.ServiceHub/6ce28f2033/8b02a77e8d"},"ClientCredentials":{},"ClientCulture":"en-US","ClientUICulture":"en-US"}]}
04/09/2025 23:15:31 Philippine Standard Time : Information : VsHubClient-hubController read: Content-Length: 173

{"jsonrpc":"2.0","id":16,"result":{"RequestId":"c9f30241-97b1-4f3c-b7f9-11e9c6e97145","PipeName":"/Users/shakiraregalado/.ServiceHub/6ce28f2033/03dd451a26","IsEmpty":false}}
04/09/2025 23:15:31 Philippine Standard Time : Information : Disposing ServiceBroker server '/Users/shakiraregalado/.ServiceHub/6ce28f2033/e5a5878adc'.
04/09/2025 23:15:31 Philippine Standard Time : Information : Disposing ServiceBroker server '/Users/shakiraregalado/.ServiceHub/6ce28f2033/8b02a77e8d'.
04/09/2025 23:15:31 Philippine Standard Time : Information : Microsoft.VisualStudio.ProjectSystem.Query.Remoting.QueryExecutionService-RemoteServiceBrokerServer read: Content-Length: 193

{"jsonrpc":"2.0","id":2,"method":"handshake","params":[{"supportedConnections":"IpcPipe","localServiceHost":{"operatingSystem":2,"processArchitecture":3,"runtime":2,"runtimeVersion":"9.0.3"}}]}
04/09/2025 23:15:31 Philippine Standard Time : Information : Microsoft.VisualStudio.ProjectSystem.Query.Remoting.QueryExecutionService-RemoteServiceBrokerServer write: Content-Length: 38

{"jsonrpc":"2.0","id":2,"result":null}
04/09/2025 23:15:31 Philippine Standard Time : Information : Microsoft.VisualStudio.ProjectSystem.ProjectInitializationStatusService-RemoteServiceBrokerServer read: Content-Length: 193

{"jsonrpc":"2.0","id":2,"method":"handshake","params":[{"supportedConnections":"IpcPipe","localServiceHost":{"operatingSystem":2,"processArchitecture":3,"runtime":2,"runtimeVersion":"9.0.3"}}]}
04/09/2025 23:15:31 Philippine Standard Time : Information : Microsoft.VisualStudio.ProjectSystem.Query.Remoting.QueryExecutionService-RemoteServiceBrokerServer read: Content-Length: 183

{"jsonrpc":"2.0","id":3,"method":"requestServiceChannel","params":[{"name":"Microsoft.ServiceHub.Framework.AuthorizationService"},{"clientCulture":"en-US","clientUICulture":"en-US"}]}
04/09/2025 23:15:31 Philippine Standard Time : Information : Microsoft.VisualStudio.ProjectSystem.ProjectInitializationStatusService-RemoteServiceBrokerServer write: Content-Length: 38

{"jsonrpc":"2.0","id":2,"result":null}
04/09/2025 23:15:31 Philippine Standard Time : Information : Microsoft.VisualStudio.ProjectSystem.Query.Remoting.QueryExecutionService-RemoteServiceBrokerServer write: Content-Length: 181

{"jsonrpc":"2.0","id":3,"result":{"requestId":"dc3582d4-efa9-4639-9003-83718b528554","pipeName":"/var/folders/hp/ty1nf2l1291917znhj6py4p40000gn/T/1f6aca9d68c947a9be39ffea9f51b74c"}}
04/09/2025 23:15:31 Philippine Standard Time : Information : Microsoft.VisualStudio.ProjectSystem.ProjectInitializationStatusService-RemoteServiceBrokerServer read: Content-Length: 183

{"jsonrpc":"2.0","id":3,"method":"requestServiceChannel","params":[{"name":"Microsoft.ServiceHub.Framework.AuthorizationService"},{"clientCulture":"en-US","clientUICulture":"en-US"}]}
04/09/2025 23:15:31 Philippine Standard Time : Information : Microsoft.VisualStudio.ProjectSystem.ProjectInitializationStatusService-RemoteServiceBrokerServer write: Content-Length: 181

{"jsonrpc":"2.0","id":3,"result":{"requestId":"6df8fce5-035c-408d-be52-c09c1250b5fc","pipeName":"/var/folders/hp/ty1nf2l1291917znhj6py4p40000gn/T/e5c130751455480f931e1f40c54e1344"}}
04/09/2025 23:15:31 Philippine Standard Time : Information : VsHubClient-hubController write: Content-Length: 379

{"jsonrpc":"2.0","id":17,"method":"requestServiceChannel","params":[{"Name":"Microsoft.VisualStudio.TestWindow.VSCode.ProjectSystemProvider.Service","Version":"0.1"},{"ActivationArguments":{"__servicehub__ServiceHubRemoteServiceBrokerPipeName":"/Users/shakiraregalado/.ServiceHub/6ce28f2033/4ac63b50b1"},"ClientCredentials":{},"ClientCulture":"en-US","ClientUICulture":"en-US"}]}
04/09/2025 23:15:31 Philippine Standard Time : Information : Microsoft.VisualStudio.ProjectSystem.CompositionService-RemoteServiceBrokerServer read: Content-Length: 242

{"jsonrpc":"2.0","id":6,"method":"requestServiceChannel","params":[{"name":"Microsoft.VisualStudio.NuGetSolutionRestoreService","version":"0.1"},{"activationArguments":{"needEvents":"True"},"clientCulture":"en-US","clientUICulture":"en-US"}]}Content-Length: 204

{"jsonrpc":"2.0","id":7,"method":"requestServiceChannel","params":[{"name":"Microsoft.VisualStudio.ActiveDocumentsInformationService","version":"0.1"},{"clientCulture":"en-US","clientUICulture":"en-US"}]}
04/09/2025 23:15:31 Philippine Standard Time : Information : Microsoft.VisualStudio.ProjectSystem.CompositionService-RemoteServiceBrokerServer read: Content-Length: 270

{"jsonrpc":"2.0","id":8,"method":"requestServiceChannel","params":[{"name":"Microsoft.VisualStudio.CpsProjectIconSourceService","version":"0.1"},{"clientCulture":"en-US","clientUICulture":"en-US"}],"traceparent":"00-e5321e64c6a25543b1195dd7b0762ffe-579ba0d2cd211d41-00"}
04/09/2025 23:15:31 Philippine Standard Time : Information : VsHubClient-hubController read: Content-Length: 173

{"jsonrpc":"2.0","id":17,"result":{"RequestId":"a9696b17-a03e-45f0-97d7-b32a541d76dc","PipeName":"/Users/shakiraregalado/.ServiceHub/6ce28f2033/63d5d1bd43","IsEmpty":false}}
04/09/2025 23:15:31 Philippine Standard Time : Information : Microsoft.VisualStudio.ProjectSystem.CompositionService-RemoteServiceBrokerServer write: Content-Length: 181

{"jsonrpc":"2.0","id":6,"result":{"requestId":"9aab21d9-d588-4363-9995-1fe982796ea5","pipeName":"/var/folders/hp/ty1nf2l1291917znhj6py4p40000gn/T/c007c8fbdd584f52b82aa7ce017d083f"}}Content-Length: 181

{"jsonrpc":"2.0","id":7,"result":{"requestId":"4056daff-8e70-4a79-8e59-72eda93216d8","pipeName":"/var/folders/hp/ty1nf2l1291917znhj6py4p40000gn/T/43dbee56d25d4b8c898819b005589698"}}
04/09/2025 23:15:31 Philippine Standard Time : Information : VsHubClient-hubController write: Content-Length: 359

{"jsonrpc":"2.0","id":18,"method":"requestServiceChannel","params":[{"Name":"Microsoft.VisualStudio.CpsProjectIconSourceService","Version":"0.1"},{"ActivationArguments":{"__servicehub__ServiceHubRemoteServiceBrokerPipeName":"/Users/shakiraregalado/.ServiceHub/6ce28f2033/40b824f1ab"},"ClientCredentials":{},"ClientCulture":"en-US","ClientUICulture":"en-US"}]}
04/09/2025 23:15:31 Philippine Standard Time : Information : Disposing ServiceBroker server '/Users/shakiraregalado/.ServiceHub/6ce28f2033/4ac63b50b1'.
04/09/2025 23:15:31 Philippine Standard Time : Information : VsHubClient-hubController read: Content-Length: 173

{"jsonrpc":"2.0","id":18,"result":{"RequestId":"22787629-8094-4c12-b1a4-ff31dff0d289","PipeName":"/Users/shakiraregalado/.ServiceHub/6ce28f2033/30deefcc45","IsEmpty":false}}
04/09/2025 23:15:31 Philippine Standard Time : Information : Microsoft.VisualStudio.TestWindow.VSCode.ProjectSystemProvider.Service-RemoteServiceBrokerServer read: Content-Length: 193

{"jsonrpc":"2.0","id":2,"method":"handshake","params":[{"supportedConnections":"IpcPipe","localServiceHost":{"operatingSystem":2,"processArchitecture":3,"runtime":2,"runtimeVersion":"9.0.3"}}]}
04/09/2025 23:15:31 Philippine Standard Time : Information : Microsoft.VisualStudio.ProjectSystem.CompositionService-RemoteServiceBrokerServer write: Content-Length: 156

{"jsonrpc":"2.0","id":8,"result":{"requestId":"22787629-8094-4c12-b1a4-ff31dff0d289","pipeName":"/Users/shakiraregalado/.ServiceHub/6ce28f2033/30deefcc45"}}
04/09/2025 23:15:31 Philippine Standard Time : Information : Microsoft.VisualStudio.TestWindow.VSCode.ProjectSystemProvider.Service-RemoteServiceBrokerServer write: Content-Length: 38

{"jsonrpc":"2.0","id":2,"result":null}
04/09/2025 23:15:31 Philippine Standard Time : Information : Microsoft.VisualStudio.TestWindow.VSCode.ProjectSystemProvider.Service-RemoteServiceBrokerServer read: Content-Length: 183

{"jsonrpc":"2.0","id":3,"method":"requestServiceChannel","params":[{"name":"Microsoft.ServiceHub.Framework.AuthorizationService"},{"clientCulture":"en-US","clientUICulture":"en-US"}]}
04/09/2025 23:15:31 Philippine Standard Time : Information : Microsoft.VisualStudio.CpsProjectIconSourceService-RemoteServiceBrokerServer read: Content-Length: 193

{"jsonrpc":"2.0","id":2,"method":"handshake","params":[{"supportedConnections":"IpcPipe","localServiceHost":{"operatingSystem":2,"processArchitecture":3,"runtime":2,"runtimeVersion":"9.0.3"}}]}
04/09/2025 23:15:31 Philippine Standard Time : Information : Disposing ServiceBroker server '/Users/shakiraregalado/.ServiceHub/6ce28f2033/40b824f1ab'.
04/09/2025 23:15:31 Philippine Standard Time : Information : Microsoft.VisualStudio.CpsProjectIconSourceService-RemoteServiceBrokerServer write: Content-Length: 38

{"jsonrpc":"2.0","id":2,"result":null}
04/09/2025 23:15:31 Philippine Standard Time : Information : Microsoft.VisualStudio.TestWindow.VSCode.ProjectSystemProvider.Service-RemoteServiceBrokerServer write: Content-Length: 181

{"jsonrpc":"2.0","id":3,"result":{"requestId":"b97bbe3f-a90f-47dc-a2dd-706d8ebd38ea","pipeName":"/var/folders/hp/ty1nf2l1291917znhj6py4p40000gn/T/53a4e8132fc542e3b8e70f2585217414"}}
04/09/2025 23:15:31 Philippine Standard Time : Information : Microsoft.VisualStudio.CpsProjectIconSourceService-RemoteServiceBrokerServer read: Content-Length: 183

{"jsonrpc":"2.0","id":3,"method":"requestServiceChannel","params":[{"name":"Microsoft.ServiceHub.Framework.AuthorizationService"},{"clientCulture":"en-US","clientUICulture":"en-US"}]}
04/09/2025 23:15:31 Philippine Standard Time : Information : Microsoft.VisualStudio.CpsProjectIconSourceService-RemoteServiceBrokerServer write: Content-Length: 181

{"jsonrpc":"2.0","id":3,"result":{"requestId":"fbb7ccda-ab15-4681-ba9e-a334ff06d2ed","pipeName":"/var/folders/hp/ty1nf2l1291917znhj6py4p40000gn/T/abce624274244f01a81517a27c8ff3b9"}}
04/09/2025 23:15:31 Philippine Standard Time : Information : Microsoft.VisualStudio.TestWindow.VSCode.ProjectSystemProvider.Service-RemoteServiceBrokerServer read: Content-Length: 293

{"jsonrpc":"2.0","id":4,"method":"requestServiceChannel","params":[{"name":"Microsoft.VisualStudio.ProjectSystem.Query.Remoting.QueryExecutionService","version":"0.3"},{"clientCulture":"en-US","clientUICulture":"en-US"}],"traceparent":"00-49252c4fe907ec43982d53bd11b697c0-6143d2197d434d45-00"}
04/09/2025 23:15:31 Philippine Standard Time : Information : VsHubClient-hubController write: Content-Length: 382

{"jsonrpc":"2.0","id":19,"method":"requestServiceChannel","params":[{"Name":"Microsoft.VisualStudio.ProjectSystem.Query.Remoting.QueryExecutionService","Version":"0.3"},{"ActivationArguments":{"__servicehub__ServiceHubRemoteServiceBrokerPipeName":"/Users/shakiraregalado/.ServiceHub/6ce28f2033/5ab21d276b"},"ClientCredentials":{},"ClientCulture":"en-US","ClientUICulture":"en-US"}]}
04/09/2025 23:15:31 Philippine Standard Time : Information : VsHubClient-hubController read: Content-Length: 173

{"jsonrpc":"2.0","id":19,"result":{"RequestId":"c2466f7c-272f-4ea6-8bed-f597adeaf4ac","PipeName":"/Users/shakiraregalado/.ServiceHub/6ce28f2033/a6d5193e95","IsEmpty":false}}
04/09/2025 23:15:31 Philippine Standard Time : Information : Microsoft.VisualStudio.TestWindow.VSCode.ProjectSystemProvider.Service-RemoteServiceBrokerServer write: Content-Length: 156

{"jsonrpc":"2.0","id":4,"result":{"requestId":"c2466f7c-272f-4ea6-8bed-f597adeaf4ac","pipeName":"/Users/shakiraregalado/.ServiceHub/6ce28f2033/a6d5193e95"}}
04/09/2025 23:15:31 Philippine Standard Time : Information : Disposing ServiceBroker server '/Users/shakiraregalado/.ServiceHub/6ce28f2033/5ab21d276b'.
04/09/2025 23:15:31 Philippine Standard Time : Information : Microsoft.VisualStudio.ProjectSystem.Query.Remoting.QueryExecutionService-RemoteServiceBrokerServer read: Content-Length: 193

{"jsonrpc":"2.0","id":2,"method":"handshake","params":[{"supportedConnections":"IpcPipe","localServiceHost":{"operatingSystem":2,"processArchitecture":3,"runtime":2,"runtimeVersion":"9.0.3"}}]}
04/09/2025 23:15:31 Philippine Standard Time : Information : Microsoft.VisualStudio.ProjectSystem.Query.Remoting.QueryExecutionService-RemoteServiceBrokerServer write: Content-Length: 38

{"jsonrpc":"2.0","id":2,"result":null}
04/09/2025 23:15:31 Philippine Standard Time : Information : Microsoft.VisualStudio.ProjectSystem.Query.Remoting.QueryExecutionService-RemoteServiceBrokerServer read: Content-Length: 183

{"jsonrpc":"2.0","id":3,"method":"requestServiceChannel","params":[{"name":"Microsoft.ServiceHub.Framework.AuthorizationService"},{"clientCulture":"en-US","clientUICulture":"en-US"}]}
04/09/2025 23:15:31 Philippine Standard Time : Information : Microsoft.VisualStudio.ProjectSystem.Query.Remoting.QueryExecutionService-RemoteServiceBrokerServer write: Content-Length: 181

{"jsonrpc":"2.0","id":3,"result":{"requestId":"5fd5599a-7f86-4edf-accb-67ac9acbb9e4","pipeName":"/var/folders/hp/ty1nf2l1291917znhj6py4p40000gn/T/635afe0251624177a74e232211335512"}}
04/09/2025 23:15:32 Philippine Standard Time : Information : Microsoft.VisualStudio.ProjectSystem.CompositionService-RemoteServiceBrokerServer read: Content-Length: 192

{"jsonrpc":"2.0","id":9,"method":"requestServiceChannel","params":[{"name":"Microsoft.VisualStudio.ErrorReportingService","version":"0.1"},{"clientCulture":"en-US","clientUICulture":"en-US"}]}
04/09/2025 23:15:32 Philippine Standard Time : Information : Microsoft.VisualStudio.ProjectSystem.CompositionService-RemoteServiceBrokerServer write: Content-Length: 181

{"jsonrpc":"2.0","id":9,"result":{"requestId":"edf3f97e-29c7-4a6b-a256-31e044e12856","pipeName":"/var/folders/hp/ty1nf2l1291917znhj6py4p40000gn/T/c0a66ebe1ac24aab8296d856ba584c47"}}
04/09/2025 23:15:32 Philippine Standard Time : Information : Microsoft.VisualStudio.ProjectSystem.CompositionService-RemoteServiceBrokerServer read: Content-Length: 250

{"jsonrpc":"2.0","id":10,"method":"requestServiceChannel","params":[{"name":"Microsoft.VisualStudio.LogOutputChannelService","version":"0.1"},{"activationArguments":{"outputChannelName":"Projects"},"clientCulture":"en-US","clientUICulture":"en-US"}]}
04/09/2025 23:15:32 Philippine Standard Time : Information : Microsoft.VisualStudio.ProjectSystem.CompositionService-RemoteServiceBrokerServer write: Content-Length: 182

{"jsonrpc":"2.0","id":10,"result":{"requestId":"4afe421e-d466-4c9b-a8f1-591063f88f00","pipeName":"/var/folders/hp/ty1nf2l1291917znhj6py4p40000gn/T/02e0384149d4454a8d04c1d6d9c1568c"}}
04/09/2025 23:15:32 Philippine Standard Time : Information : VsHubClient-hubController write: Content-Length: 373

{"jsonrpc":"2.0","id":20,"method":"requestServiceChannel","params":[{"Name":"Microsoft.VisualStudio.ProjectSystem.DebugTargetFrameworkService","Version":"0.1"},{"ActivationArguments":{"__servicehub__ServiceHubRemoteServiceBrokerPipeName":"/Users/shakiraregalado/.ServiceHub/6ce28f2033/5e5e204ab7"},"ClientCredentials":{},"ClientCulture":"en-US","ClientUICulture":"en-US"}]}
04/09/2025 23:15:32 Philippine Standard Time : Information : VsHubClient-hubController write: Content-Length: 373

{"jsonrpc":"2.0","id":21,"method":"requestServiceChannel","params":[{"Name":"Microsoft.VisualStudio.ProjectSystem.DebugTargetFrameworkService","Version":"0.1"},{"ActivationArguments":{"__servicehub__ServiceHubRemoteServiceBrokerPipeName":"/Users/shakiraregalado/.ServiceHub/6ce28f2033/15e261efb7"},"ClientCredentials":{},"ClientCulture":"en-US","ClientUICulture":"en-US"}]}
04/09/2025 23:15:33 Philippine Standard Time : Information : VsHubClient-hubController read: Content-Length: 173

{"jsonrpc":"2.0","id":20,"result":{"RequestId":"e16e4ab2-4518-4eae-87be-f74e52cc8dfc","PipeName":"/Users/shakiraregalado/.ServiceHub/6ce28f2033/97695de813","IsEmpty":false}}Content-Length: 173

{"jsonrpc":"2.0","id":21,"result":{"RequestId":"bcf27824-d2fd-40de-b174-465a5e3a568f","PipeName":"/Users/shakiraregalado/.ServiceHub/6ce28f2033/c9643008ff","IsEmpty":false}}
04/09/2025 23:15:33 Philippine Standard Time : Information : Disposing ServiceBroker server '/Users/shakiraregalado/.ServiceHub/6ce28f2033/5e5e204ab7'.
04/09/2025 23:15:33 Philippine Standard Time : Information : Disposing ServiceBroker server '/Users/shakiraregalado/.ServiceHub/6ce28f2033/15e261efb7'.
04/09/2025 23:15:33 Philippine Standard Time : Information : Microsoft.VisualStudio.ProjectSystem.DebugTargetFrameworkService-RemoteServiceBrokerServer read: Content-Length: 193

{"jsonrpc":"2.0","id":2,"method":"handshake","params":[{"supportedConnections":"IpcPipe","localServiceHost":{"operatingSystem":2,"processArchitecture":3,"runtime":2,"runtimeVersion":"9.0.3"}}]}
04/09/2025 23:15:33 Philippine Standard Time : Information : Microsoft.VisualStudio.ProjectSystem.DebugTargetFrameworkService-RemoteServiceBrokerServer read: Content-Length: 193

{"jsonrpc":"2.0","id":2,"method":"handshake","params":[{"supportedConnections":"IpcPipe","localServiceHost":{"operatingSystem":2,"processArchitecture":3,"runtime":2,"runtimeVersion":"9.0.3"}}]}
04/09/2025 23:15:33 Philippine Standard Time : Information : Microsoft.VisualStudio.ProjectSystem.DebugTargetFrameworkService-RemoteServiceBrokerServer write: Content-Length: 38

{"jsonrpc":"2.0","id":2,"result":null}
04/09/2025 23:15:33 Philippine Standard Time : Information : Microsoft.VisualStudio.ProjectSystem.DebugTargetFrameworkService-RemoteServiceBrokerServer write: Content-Length: 38

{"jsonrpc":"2.0","id":2,"result":null}
04/09/2025 23:15:33 Philippine Standard Time : Information : Microsoft.VisualStudio.ProjectSystem.DebugTargetFrameworkService-RemoteServiceBrokerServer read: Content-Length: 183

{"jsonrpc":"2.0","id":3,"method":"requestServiceChannel","params":[{"name":"Microsoft.ServiceHub.Framework.AuthorizationService"},{"clientCulture":"en-US","clientUICulture":"en-US"}]}
04/09/2025 23:15:33 Philippine Standard Time : Information : Microsoft.VisualStudio.ProjectSystem.DebugTargetFrameworkService-RemoteServiceBrokerServer read: Content-Length: 183

{"jsonrpc":"2.0","id":3,"method":"requestServiceChannel","params":[{"name":"Microsoft.ServiceHub.Framework.AuthorizationService"},{"clientCulture":"en-US","clientUICulture":"en-US"}]}
04/09/2025 23:15:33 Philippine Standard Time : Information : Microsoft.VisualStudio.ProjectSystem.DebugTargetFrameworkService-RemoteServiceBrokerServer write: Content-Length: 181

{"jsonrpc":"2.0","id":3,"result":{"requestId":"32d892b1-27c8-4b2b-99bf-f5848561e681","pipeName":"/var/folders/hp/ty1nf2l1291917znhj6py4p40000gn/T/b1530f0a8d0b4e3caf1338f7b0a42312"}}
04/09/2025 23:15:33 Philippine Standard Time : Information : Microsoft.VisualStudio.ProjectSystem.DebugTargetFrameworkService-RemoteServiceBrokerServer write: Content-Length: 181

{"jsonrpc":"2.0","id":3,"result":{"requestId":"84657957-2d83-4b92-96f6-8755c36f146e","pipeName":"/var/folders/hp/ty1nf2l1291917znhj6py4p40000gn/T/8cfade624b2c446b9d1c55da9f173aa2"}}
04/09/2025 23:15:44 Philippine Standard Time : Information : VsHubClient-hubController write: Content-Length: 342

{"jsonrpc":"2.0","id":22,"method":"requestServiceChannel","params":[{"Name":"Microsoft.VisualStudio.LaunchConfigurationService"},{"ActivationArguments":{"__servicehub__ServiceHubRemoteServiceBrokerPipeName":"/Users/shakiraregalado/.ServiceHub/6ce28f2033/7523d5e106"},"ClientCredentials":{},"ClientCulture":"en-US","ClientUICulture":"en-US"}]}
04/09/2025 23:15:44 Philippine Standard Time : Information : VsHubClient-hubController read: Content-Length: 173

{"jsonrpc":"2.0","id":22,"result":{"RequestId":"e36761d9-df56-476d-990d-4158312a478b","PipeName":"/Users/shakiraregalado/.ServiceHub/6ce28f2033/4a32996a82","IsEmpty":false}}
04/09/2025 23:15:44 Philippine Standard Time : Information : VsHubClient-hubController JSON RPC has been disposed
04/09/2025 23:15:44 Philippine Standard Time : Information : VsHubClient-hubController read: end of stream
04/09/2025 23:15:44 Philippine Standard Time : Information : Microsoft.VisualStudio.ProjectSystem.DebugTargetFrameworkService-RemoteServiceBrokerServer read: end of stream
04/09/2025 23:15:44 Philippine Standard Time : Information : Microsoft.VisualStudio.ProjectSystem.ProjectTreeProvider-RemoteServiceBrokerServer read: end of stream
04/09/2025 23:15:44 Philippine Standard Time : Information : Microsoft.VisualStudio.ProjectSystem.Query.Remoting.QueryExecutionService-RemoteServiceBrokerServer read: end of stream
04/09/2025 23:15:44 Philippine Standard Time : Information : Microsoft.VisualStudio.ProjectSystem.Query.Remoting.QueryExecutionService-RemoteServiceBrokerServer read: end of stream
04/09/2025 23:15:44 Philippine Standard Time : Information : Microsoft.VisualStudio.ProjectSystem.ProjectInitializationStatusService-RemoteServiceBrokerServer read: end of stream
04/09/2025 23:15:44 Philippine Standard Time : Information : Microsoft.VisualStudio.LaunchConfigurationService-RemoteServiceBrokerServer read: end of stream
04/09/2025 23:15:44 Philippine Standard Time : Information : Microsoft.VisualStudio.ProjectSystem.ProjectInitializationStatusService-RemoteServiceBrokerServer read: end of stream
04/09/2025 23:15:44 Philippine Standard Time : Information : Microsoft.VisualStudio.ProjectSystem.ProjectInitializationStatusService-RemoteServiceBrokerServer read: end of stream
04/09/2025 23:15:44 Philippine Standard Time : Information : Microsoft.VisualStudio.ProjectSystem.DebugTargetFrameworkService-RemoteServiceBrokerServer read: end of stream
04/09/2025 23:15:44 Philippine Standard Time : Information : Microsoft.VisualStudio.Maui.UtilService-RemoteServiceBrokerServer read: end of stream
04/09/2025 23:15:44 Philippine Standard Time : Information : Microsoft.VisualStudio.Maui.ProjectSystem.PropertiesMonitor-RemoteServiceBrokerServer read: end of stream
04/09/2025 23:15:44 Philippine Standard Time : Information : Microsoft.VisualStudio.Maui.Devices.AppleDeviceManager-RemoteServiceBrokerServer read: end of stream
04/09/2025 23:15:44 Philippine Standard Time : Information : Microsoft.VisualStudio.Maui.ProjectSystem.MauiLaunchInformationService-RemoteServiceBrokerServer read: end of stream
04/09/2025 23:15:44 Philippine Standard Time : Information : Microsoft.VisualStudio.TestWindow.VSCode.Service-RemoteServiceBrokerServer read: end of stream
04/09/2025 23:15:44 Philippine Standard Time : Information : Microsoft.VisualStudio.Maui.Devices.AndroidDeviceManager-RemoteServiceBrokerServer read: end of stream
04/09/2025 23:15:44 Philippine Standard Time : Information : Microsoft.VisualStudio.TestWindow.VSCode.ProjectSystemProvider.Service-RemoteServiceBrokerServer read: end of stream
04/09/2025 23:15:44 Philippine Standard Time : Information : Microsoft.VisualStudio.ProjectSystem.Query.Remoting.QueryExecutionService-RemoteServiceBrokerServer read: end of stream
