04/09/2025 23:15:29 Philippine Standard Time : Information : Local timezone is (UTC+08:00) Philippine Standard Time (Manila)
04/09/2025 23:15:30 Philippine Standard Time : Information : Service Hub .NET service module host started. Host id: dotnet.projectSystem$C94B8CFE-E3FD-4BAF-A941-2866DBB566FE. Controller pipe: net.pipe://3885EF346C. PID: 4173
04/09/2025 23:15:30 Philippine Standard Time : Information : hubHostClr read: Content-Length: 116

{"jsonrpc":"2.0","id":2,"method":"InitializeHostAsync","params":[{"HostsRootDirectory":".","AppConfigFallback":""}]}
04/09/2025 23:15:30 Philippine Standard Time : Information : hubHostClr write: Content-Length: 93

{"jsonrpc":"2.0","id":2,"result":"dotnet.projectSystem$C94B8CFE-E3FD-4BAF-A941-2866DBB566FE"}
04/09/2025 23:15:30 Philippine Standard Time : Information : hubHostClr read: Content-Length: 1088

{"jsonrpc":"2.0","id":3,"method":"StartServiceAsync","params":[{"name":"Microsoft.VisualStudio.ProjectSystem.Query.Remoting.QueryExecutionService","host":"dotnet.projectSystem","hostId":"C94B8CFE-E3FD-4BAF-A941-2866DBB566FE","serviceBaseDirectory":"/Users/shakiraregalado/.vscode/extensions/ms-dotnettools.csdevkit-1.18.23-darwin-arm64/components/CPS/platforms/darwin-arm64/node_modules/@microsoft/visualstudio-projectsystem-server.darwin-arm64","entryPoint":{"assemblyPath":"/Users/shakiraregalado/.vscode/extensions/ms-dotnettools.csdevkit-1.18.23-darwin-arm64/components/CPS/platforms/darwin-arm64/node_modules/@microsoft/visualstudio-projectsystem-server.darwin-arm64/Microsoft.VisualStudio.ProjectSystem.Server.Implementation.dll","fullClassName":"Microsoft.VisualStudio.ProjectSystem.Server.QueryExecutionServiceFactory"}},{"ActivationArguments":{"__servicehub__ServiceHubRemoteServiceBrokerPipeName":"/Users/shakiraregalado/.ServiceHub/6ce28f2033/05910e99bc","__servicehub__RequestedServiceVersion":"0.3"},"ClientCredentials":{},"ClientCulture":"en-US","ClientUICulture":"en-US"}]}
04/09/2025 23:15:30 Philippine Standard Time : Information : hubHostClr read: Content-Length: 1069

{"jsonrpc":"2.0","id":4,"method":"StartServiceAsync","params":[{"name":"Microsoft.VisualStudio.ProjectSystem.ProjectTreeProvider","host":"dotnet.projectSystem","hostId":"C94B8CFE-E3FD-4BAF-A941-2866DBB566FE","serviceBaseDirectory":"/Users/shakiraregalado/.vscode/extensions/ms-dotnettools.csdevkit-1.18.23-darwin-arm64/components/CPS/platforms/darwin-arm64/node_modules/@microsoft/visualstudio-projectsystem-server.darwin-arm64","entryPoint":{"assemblyPath":"/Users/shakiraregalado/.vscode/extensions/ms-dotnettools.csdevkit-1.18.23-darwin-arm64/components/CPS/platforms/darwin-arm64/node_modules/@microsoft/visualstudio-projectsystem-server.darwin-arm64/Microsoft.VisualStudio.ProjectSystem.Server.Implementation.dll","fullClassName":"Microsoft.VisualStudio.ProjectSystem.Server.ProjectTreeProviderFactory"}},{"ActivationArguments":{"__servicehub__ServiceHubRemoteServiceBrokerPipeName":"/Users/shakiraregalado/.ServiceHub/6ce28f2033/304c23a304","__servicehub__RequestedServiceVersion":"0.1"},"ClientCredentials":{},"ClientCulture":"en-US","ClientUICulture":"en-US"}]}Content-Length: 1023

{"jsonrpc":"2.0","id":5,"method":"StartServiceAsync","params":[{"name":"Microsoft.VisualStudio.LaunchConfigurationService","host":"dotnet.projectSystem","hostId":"C94B8CFE-E3FD-4BAF-A941-2866DBB566FE","serviceBaseDirectory":"/Users/shakiraregalado/.vscode/extensions/ms-dotnettools.csdevkit-1.18.23-darwin-arm64/components/CPS/platforms/darwin-arm64/node_modules/@microsoft/visualstudio-projectsystem-server.darwin-arm64","entryPoint":{"assemblyPath":"/Users/shakiraregalado/.vscode/extensions/ms-dotnettools.csdevkit-1.18.23-darwin-arm64/components/CPS/platforms/darwin-arm64/node_modules/@microsoft/visualstudio-projectsystem-server.darwin-arm64/Microsoft.VisualStudio.ProjectSystem.Server.Implementation.dll","fullClassName":"Microsoft.VisualStudio.ProjectSystem.Server.LaunchConfigurationServiceFactory"}},{"ActivationArguments":{"__servicehub__ServiceHubRemoteServiceBrokerPipeName":"/Users/shakiraregalado/.ServiceHub/6ce28f2033/c1fcdc61e2"},"ClientCredentials":{},"ClientCulture":"en-US","ClientUICulture":"en-US"}]}Content-Length: 1099

{"jsonrpc":"2.0","id":6,"method":"StartServiceAsync","params":[{"name":"Microsoft.VisualStudio.ProjectSystem.ProjectInitializationStatusService","host":"dotnet.projectSystem","hostId":"C94B8CFE-E3FD-4BAF-A941-2866DBB566FE","serviceBaseDirectory":"/Users/shakiraregalado/.vscode/extensions/ms-dotnettools.csdevkit-1.18.23-darwin-arm64/components/CPS/platforms/darwin-arm64/node_modules/@microsoft/visualstudio-projectsystem-server.darwin-arm64","entryPoint":{"assemblyPath":"/Users/shakiraregalado/.vscode/extensions/ms-dotnettools.csdevkit-1.18.23-darwin-arm64/components/CPS/platforms/darwin-arm64/node_modules/@microsoft/visualstudio-projectsystem-server.darwin-arm64/Microsoft.VisualStudio.ProjectSystem.Server.Implementation.dll","fullClassName":"Microsoft.VisualStudio.ProjectSystem.Server.ProjectInitializationStatusServiceFactory"}},{"ActivationArguments":{"__servicehub__ServiceHubRemoteServiceBrokerPipeName":"/Users/shakiraregalado/.ServiceHub/6ce28f2033/1f8aad0bd1","__servicehub__RequestedServiceVersion":"0.1"},"ClientCredentials":{},"ClientCulture":"en-US","ClientUICulture":"en-US"}]}Content-Length: 1099

{"jsonrpc":"2.0","id":7,"method":"StartServiceAsync","params":[{"name":"Microsoft.VisualStudio.ProjectSystem.ProjectInitializationStatusService","host":"dotnet.projectSystem","hostId":"C94B8CFE-E3FD-4BAF-A941-2866DBB566FE","serviceBaseDirectory":"/Users/shakiraregalado/.vscode/extensions/ms-dotnettools.csdevkit-1.18.23-darwin-arm64/components/CPS/platforms/darwin-arm64/node_modules/@microsoft/visualstudio-projectsystem-server.darwin-arm64","entryPoint":{"assemblyPath":"/Users/shakiraregalado/.vscode/extensions/ms-dotnettools.csdevkit-1.18.23-darwin-arm64/components/CPS/platforms/darwin-arm64/node_modules/@microsoft/visualstudio-projectsystem-server.darwin-arm64/Microsoft.VisualStudio.ProjectSystem.Server.Implementation.dll","fullClassName":"Microsoft.VisualStudio.ProjectSystem.Server.ProjectInitial
04/09/2025 23:15:30 Philippine Standard Time : Information : hubHostClr read: izationStatusServiceFactory"}},{"ActivationArguments":{"__servicehub__ServiceHubRemoteServiceBrokerPipeName":"/Users/shakiraregalado/.ServiceHub/6ce28f2033/08b37359c6","__servicehub__RequestedServiceVersion":"0.1"},"ClientCredentials":{},"ClientCulture":"en-US","ClientUICulture":"en-US"}]}
04/09/2025 23:15:30 Philippine Standard Time : Information : CLR host received start request for service 'Microsoft.VisualStudio.ProjectSystem.Query.Remoting.QueryExecutionService'
04/09/2025 23:15:30 Philippine Standard Time : Information : Loading service module assembly '/Users/shakiraregalado/.vscode/extensions/ms-dotnettools.csdevkit-1.18.23-darwin-arm64/components/CPS/platforms/darwin-arm64/node_modules/@microsoft/visualstudio-projectsystem-server.darwin-arm64/Microsoft.VisualStudio.ProjectSystem.Server.Implementation.dll' from '/Users/shakiraregalado/.vscode/extensions/ms-dotnettools.csdevkit-1.18.23-darwin-arm64/components/CPS/platforms/darwin-arm64/node_modules/@microsoft/visualstudio-projectsystem-server.darwin-arm64'
04/09/2025 23:15:30 Philippine Standard Time : Information : Starting service module 'Microsoft.VisualStudio.ProjectSystem.Query.Remoting.QueryExecutionService'. Class: Microsoft.VisualStudio.ProjectSystem.Server.QueryExecutionServiceFactory, Supported Version: 
04/09/2025 23:15:30 Philippine Standard Time : Information : Started service 'Microsoft.VisualStudio.ProjectSystem.Query.Remoting.QueryExecutionService'. Pipe name: /Users/shakiraregalado/.ServiceHub/6ce28f2033/00f39c7358, Supported Version: 
04/09/2025 23:15:30 Philippine Standard Time : Information : CLR host received start request for service 'Microsoft.VisualStudio.ProjectSystem.ProjectTreeProvider'
04/09/2025 23:15:30 Philippine Standard Time : Information : hubHostClr write: Content-Length: 92

{"jsonrpc":"2.0","id":3,"result":"/Users/shakiraregalado/.ServiceHub/6ce28f2033/00f39c7358"}
04/09/2025 23:15:30 Philippine Standard Time : Information : Loading service module assembly '/Users/shakiraregalado/.vscode/extensions/ms-dotnettools.csdevkit-1.18.23-darwin-arm64/components/CPS/platforms/darwin-arm64/node_modules/@microsoft/visualstudio-projectsystem-server.darwin-arm64/Microsoft.VisualStudio.ProjectSystem.Server.Implementation.dll' from '/Users/shakiraregalado/.vscode/extensions/ms-dotnettools.csdevkit-1.18.23-darwin-arm64/components/CPS/platforms/darwin-arm64/node_modules/@microsoft/visualstudio-projectsystem-server.darwin-arm64'
04/09/2025 23:15:30 Philippine Standard Time : Information : Starting service module 'Microsoft.VisualStudio.ProjectSystem.ProjectTreeProvider'. Class: Microsoft.VisualStudio.ProjectSystem.Server.ProjectTreeProviderFactory, Supported Version: 
04/09/2025 23:15:30 Philippine Standard Time : Information : Started service 'Microsoft.VisualStudio.ProjectSystem.ProjectTreeProvider'. Pipe name: /Users/shakiraregalado/.ServiceHub/6ce28f2033/4501f62e6e, Supported Version: 
04/09/2025 23:15:30 Philippine Standard Time : Information : CLR host received start request for service 'Microsoft.VisualStudio.LaunchConfigurationService'
04/09/2025 23:15:30 Philippine Standard Time : Information : Loading service module assembly '/Users/shakiraregalado/.vscode/extensions/ms-dotnettools.csdevkit-1.18.23-darwin-arm64/components/CPS/platforms/darwin-arm64/node_modules/@microsoft/visualstudio-projectsystem-server.darwin-arm64/Microsoft.VisualStudio.ProjectSystem.Server.Implementation.dll' from '/Users/shakiraregalado/.vscode/extensions/ms-dotnettools.csdevkit-1.18.23-darwin-arm64/components/CPS/platforms/darwin-arm64/node_modules/@microsoft/visualstudio-projectsystem-server.darwin-arm64'
04/09/2025 23:15:30 Philippine Standard Time : Information : Starting service module 'Microsoft.VisualStudio.LaunchConfigurationService'. Class: Microsoft.VisualStudio.ProjectSystem.Server.LaunchConfigurationServiceFactory, Supported Version: 
04/09/2025 23:15:30 Philippine Standard Time : Information : Started service 'Microsoft.VisualStudio.LaunchConfigurationService'. Pipe name: /Users/shakiraregalado/.ServiceHub/6ce28f2033/d522e63c84, Supported Version: 
04/09/2025 23:15:30 Philippine Standard Time : Information : CLR host received start request for service 'Microsoft.VisualStudio.ProjectSystem.ProjectInitializationStatusService'
04/09/2025 23:15:30 Philippine Standard Time : Information : Loading service module assembly '/Users/shakiraregalado/.vscode/extensions/ms-dotnettools.csdevkit-1.18.23-darwin-arm64/components/CPS/platforms/darwin-arm64/node_modules/@microsoft/visualstudio-projectsystem-server.darwin-arm64/Microsoft.VisualStudio.ProjectSystem.Server.Implementation.dll' from '/Users/shakiraregalado/.vscode/extensions/ms-dotnettools.csdevkit-1.18.23-darwin-arm64/components/CPS/platforms/darwin-arm64/node_modules/@microsoft/visualstudio-projectsystem-server.darwin-arm64'
04/09/2025 23:15:30 Philippine Standard Time : Information : Starting service module 'Microsoft.VisualStudio.ProjectSystem.ProjectInitializationStatusService'. Class: Microsoft.VisualStudio.ProjectSystem.Server.ProjectInitializationStatusServiceFactory, Supported Version: 
04/09/2025 23:15:30 Philippine Standard Time : Information : Started service 'Microsoft.VisualStudio.ProjectSystem.ProjectInitializationStatusService'. Pipe name: /Users/shakiraregalado/.ServiceHub/6ce28f2033/aa46d6fc1f, Supported Version: 
04/09/2025 23:15:30 Philippine Standard Time : Information : CLR host received start request for service 'Microsoft.VisualStudio.ProjectSystem.ProjectInitializationStatusService'
04/09/2025 23:15:30 Philippine Standard Time : Information : Loading service module assembly '/Users/shakiraregalado/.vscode/extensions/ms-dotnettools.csdevkit-1.18.23-darwin-arm64/components/CPS/platforms/darwin-arm64/node_modules/@microsoft/visualstudio-projectsystem-server.darwin-arm64/Microsoft.VisualStudio.ProjectSystem.Server.Implementation.dll' from '/Users/shakiraregalado/.vscode/extensions/ms-dotnettools.csdevkit-1.18.23-darwin-arm64/components/CPS/platforms/darwin-arm64/node_modules/@microsoft/visualstudio-projectsystem-server.darwin-arm64'
04/09/2025 23:15:30 Philippine Standard Time : Information : Starting service module 'Microsoft.VisualStudio.ProjectSystem.ProjectInitializationStatusService'. Class: Microsoft.VisualStudio.ProjectSystem.Server.ProjectInitializationStatusServiceFactory, Supported Version: 
04/09/2025 23:15:30 Philippine Standard Time : Information : Started service 'Microsoft.VisualStudio.ProjectSystem.ProjectInitializationStatusService'. Pipe name: /Users/shakiraregalado/.ServiceHub/6ce28f2033/c8c4f57151, Supported Version: 
04/09/2025 23:15:30 Philippine Standard Time : Information : hubHostClr write: Content-Length: 92

{"jsonrpc":"2.0","id":4,"result":"/Users/shakiraregalado/.ServiceHub/6ce28f2033/4501f62e6e"}
04/09/2025 23:15:30 Philippine Standard Time : Information : hubHostClr write: Content-Length: 92

{"jsonrpc":"2.0","id":5,"result":"/Users/shakiraregalado/.ServiceHub/6ce28f2033/d522e63c84"}Content-Length: 92

{"jsonrpc":"2.0","id":6,"result":"/Users/shakiraregalado/.ServiceHub/6ce28f2033/aa46d6fc1f"}Content-Length: 92

{"jsonrpc":"2.0","id":7,"result":"/Users/shakiraregalado/.ServiceHub/6ce28f2033/c8c4f57151"}
04/09/2025 23:15:30 Philippine Standard Time : Information : A new client connected to CLR service module 'Microsoft.VisualStudio.LaunchConfigurationService'
04/09/2025 23:15:30 Philippine Standard Time : Information : A new client connected to CLR service module 'Microsoft.VisualStudio.ProjectSystem.ProjectTreeProvider'
04/09/2025 23:15:30 Philippine Standard Time : Information : Found FactoryVersion=Version2 for service : Microsoft.VisualStudio.LaunchConfigurationService.
04/09/2025 23:15:30 Philippine Standard Time : Information : hubHostClr write: Content-Length: 124

{"jsonrpc":"2.0","method":"HostServicesStartedAsync","params":["dotnet.projectSystem$C94B8CFE-E3FD-4BAF-A941-2866DBB566FE"]}
04/09/2025 23:15:30 Philippine Standard Time : Information : A new client connected to CLR service module 'Microsoft.VisualStudio.ProjectSystem.Query.Remoting.QueryExecutionService'
04/09/2025 23:15:30 Philippine Standard Time : Information : A new client connected to CLR service module 'Microsoft.VisualStudio.ProjectSystem.ProjectInitializationStatusService'
04/09/2025 23:15:30 Philippine Standard Time : Information : A new client connected to CLR service module 'Microsoft.VisualStudio.ProjectSystem.ProjectInitializationStatusService'
04/09/2025 23:15:30 Philippine Standard Time : Information : Service 'Microsoft.VisualStudio.ProjectSystem.Server.LaunchConfigurationServiceFactory' implements IServiceHubServiceFactory. Creating factory instance and caching it.
04/09/2025 23:15:30 Philippine Standard Time : Information : Found FactoryVersion=Version2 for service : Microsoft.VisualStudio.ProjectSystem.ProjectTreeProvider.
04/09/2025 23:15:30 Philippine Standard Time : Information : Service 'Microsoft.VisualStudio.ProjectSystem.Server.ProjectTreeProviderFactory' implements IServiceHubServiceFactory. Creating factory instance and caching it.
04/09/2025 23:15:30 Philippine Standard Time : Information : Found FactoryVersion=Version2 for service : Microsoft.VisualStudio.ProjectSystem.ProjectInitializationStatusService.
04/09/2025 23:15:30 Philippine Standard Time : Information : Service 'Microsoft.VisualStudio.ProjectSystem.Server.ProjectInitializationStatusServiceFactory' implements IServiceHubServiceFactory. Creating factory instance and caching it.
04/09/2025 23:15:30 Philippine Standard Time : Information : Found IServiceHubServiceFactory in cache. Creating instance from the factory.
04/09/2025 23:15:30 Philippine Standard Time : Information : Found FactoryVersion=Version2 for service : Microsoft.VisualStudio.ProjectSystem.Query.Remoting.QueryExecutionService.
04/09/2025 23:15:30 Philippine Standard Time : Information : Service 'Microsoft.VisualStudio.ProjectSystem.Server.QueryExecutionServiceFactory' implements IServiceHubServiceFactory. Creating factory instance and caching it.
04/09/2025 23:15:30 Philippine Standard Time : Information : Creating service Microsoft.VisualStudio.ProjectSystem.Server.LaunchConfigurationServiceFactory from factory with FactoryVersion=Version2 and ClientRequestedVersion=.
04/09/2025 23:15:30 Philippine Standard Time : Information : Setting up RPC connection for service 'Microsoft.VisualStudio.ProjectSystem.Server.LaunchConfigurationServiceFactory' from factory
04/09/2025 23:15:30 Philippine Standard Time : Information : Creating service Microsoft.VisualStudio.ProjectSystem.Server.ProjectTreeProviderFactory from factory with FactoryVersion=Version2 and ClientRequestedVersion=0.1.
04/09/2025 23:15:30 Philippine Standard Time : Information : Setting up RPC connection for service 'Microsoft.VisualStudio.ProjectSystem.Server.ProjectTreeProviderFactory' from factory
04/09/2025 23:15:30 Philippine Standard Time : Information : Creating service Microsoft.VisualStudio.ProjectSystem.Server.ProjectInitializationStatusServiceFactory from factory with FactoryVersion=Version2 and ClientRequestedVersion=0.1.
04/09/2025 23:15:30 Philippine Standard Time : Information : Creating service Microsoft.VisualStudio.ProjectSystem.Server.QueryExecutionServiceFactory from factory with FactoryVersion=Version2 and ClientRequestedVersion=0.3.
04/09/2025 23:15:30 Philippine Standard Time : Information : Creating service Microsoft.VisualStudio.ProjectSystem.Server.ProjectInitializationStatusServiceFactory from factory with FactoryVersion=Version2 and ClientRequestedVersion=0.1.
04/09/2025 23:15:30 Philippine Standard Time : Information : Setting up RPC connection for service 'Microsoft.VisualStudio.ProjectSystem.Server.ProjectInitializationStatusServiceFactory' from factory
04/09/2025 23:15:30 Philippine Standard Time : Information : Setting up RPC connection for service 'Microsoft.VisualStudio.ProjectSystem.Server.ProjectInitializationStatusServiceFactory' from factory
04/09/2025 23:15:30 Philippine Standard Time : Information : Setting up RPC connection for service 'Microsoft.VisualStudio.ProjectSystem.Server.QueryExecutionServiceFactory' from factory
04/09/2025 23:15:31 Philippine Standard Time : Information : hubHostClr read: Content-Length: 1067

{"jsonrpc":"2.0","id":8,"method":"StartServiceAsync","params":[{"name":"Microsoft.VisualStudio.ProjectSystem.CompositionService","host":"dotnet.projectSystem","hostId":"C94B8CFE-E3FD-4BAF-A941-2866DBB566FE","serviceBaseDirectory":"/Users/shakiraregalado/.vscode/extensions/ms-dotnettools.csdevkit-1.18.23-darwin-arm64/components/CPS/platforms/darwin-arm64/node_modules/@microsoft/visualstudio-projectsystem-server.darwin-arm64","entryPoint":{"assemblyPath":"/Users/shakiraregalado/.vscode/extensions/ms-dotnettools.csdevkit-1.18.23-darwin-arm64/components/CPS/platforms/darwin-arm64/node_modules/@microsoft/visualstudio-projectsystem-server.darwin-arm64/Microsoft.VisualStudio.ProjectSystem.Server.Implementation.dll","fullClassName":"Microsoft.VisualStudio.ProjectSystem.Server.CompositionServiceFactory"}},{"ActivationArguments":{"__servicehub__ServiceHubRemoteServiceBrokerPipeName":"/Users/shakiraregalado/.ServiceHub/6ce28f2033/35644db35d","__servicehub__RequestedServiceVersion":"0.1"},"ClientCredentials":{},"ClientCulture":"en-US","ClientUICulture":"en-US"}]}
04/09/2025 23:15:31 Philippine Standard Time : Information : CLR host received start request for service 'Microsoft.VisualStudio.ProjectSystem.CompositionService'
04/09/2025 23:15:31 Philippine Standard Time : Information : Loading service module assembly '/Users/shakiraregalado/.vscode/extensions/ms-dotnettools.csdevkit-1.18.23-darwin-arm64/components/CPS/platforms/darwin-arm64/node_modules/@microsoft/visualstudio-projectsystem-server.darwin-arm64/Microsoft.VisualStudio.ProjectSystem.Server.Implementation.dll' from '/Users/shakiraregalado/.vscode/extensions/ms-dotnettools.csdevkit-1.18.23-darwin-arm64/components/CPS/platforms/darwin-arm64/node_modules/@microsoft/visualstudio-projectsystem-server.darwin-arm64'
04/09/2025 23:15:31 Philippine Standard Time : Information : Starting service module 'Microsoft.VisualStudio.ProjectSystem.CompositionService'. Class: Microsoft.VisualStudio.ProjectSystem.Server.CompositionServiceFactory, Supported Version: 
04/09/2025 23:15:31 Philippine Standard Time : Information : Started service 'Microsoft.VisualStudio.ProjectSystem.CompositionService'. Pipe name: /Users/shakiraregalado/.ServiceHub/6ce28f2033/7d7285cc43, Supported Version: 
04/09/2025 23:15:31 Philippine Standard Time : Information : hubHostClr write: Content-Length: 92

{"jsonrpc":"2.0","id":8,"result":"/Users/shakiraregalado/.ServiceHub/6ce28f2033/7d7285cc43"}
04/09/2025 23:15:31 Philippine Standard Time : Information : A new client connected to CLR service module 'Microsoft.VisualStudio.ProjectSystem.CompositionService'
04/09/2025 23:15:31 Philippine Standard Time : Information : Found FactoryVersion=Version2 for service : Microsoft.VisualStudio.ProjectSystem.CompositionService.
04/09/2025 23:15:31 Philippine Standard Time : Information : Service 'Microsoft.VisualStudio.ProjectSystem.Server.CompositionServiceFactory' implements IServiceHubServiceFactory. Creating factory instance and caching it.
04/09/2025 23:15:31 Philippine Standard Time : Information : Creating service Microsoft.VisualStudio.ProjectSystem.Server.CompositionServiceFactory from factory with FactoryVersion=Version2 and ClientRequestedVersion=0.1.
04/09/2025 23:15:31 Philippine Standard Time : Information : Setting up RPC connection for service 'Microsoft.VisualStudio.ProjectSystem.Server.CompositionServiceFactory' from factory
04/09/2025 23:15:31 Philippine Standard Time : Information : hubHostClr read: Content-Length: 1099

{"jsonrpc":"2.0","id":9,"method":"StartServiceAsync","params":[{"name":"Microsoft.VisualStudio.ProjectSystem.ProjectInitializationStatusService","host":"dotnet.projectSystem","hostId":"C94B8CFE-E3FD-4BAF-A941-2866DBB566FE","serviceBaseDirectory":"/Users/shakiraregalado/.vscode/extensions/ms-dotnettools.csdevkit-1.18.23-darwin-arm64/components/CPS/platforms/darwin-arm64/node_modules/@microsoft/visualstudio-projectsystem-server.darwin-arm64","entryPoint":{"assemblyPath":"/Users/shakiraregalado/.vscode/extensions/ms-dotnettools.csdevkit-1.18.23-darwin-arm64/components/CPS/platforms/darwin-arm64/node_modules/@microsoft/visualstudio-projectsystem-server.darwin-arm64/Microsoft.VisualStudio.ProjectSystem.Server.Implementation.dll","fullClassName":"Microsoft.VisualStudio.ProjectSystem.Server.ProjectInitializationStatusServiceFactory"}},{"ActivationArguments":{"__servicehub__ServiceHubRemoteServiceBrokerPipeName":"/Users/shakiraregalado/.ServiceHub/6ce28f2033/e5a5878adc","__servicehub__RequestedServiceVersion":"0.1"},"ClientCredentials":{},"ClientCulture":"en-US","ClientUICulture":"en-US"}]}
04/09/2025 23:15:31 Philippine Standard Time : Information : CLR host received start request for service 'Microsoft.VisualStudio.ProjectSystem.ProjectInitializationStatusService'
04/09/2025 23:15:31 Philippine Standard Time : Information : Loading service module assembly '/Users/shakiraregalado/.vscode/extensions/ms-dotnettools.csdevkit-1.18.23-darwin-arm64/components/CPS/platforms/darwin-arm64/node_modules/@microsoft/visualstudio-projectsystem-server.darwin-arm64/Microsoft.VisualStudio.ProjectSystem.Server.Implementation.dll' from '/Users/shakiraregalado/.vscode/extensions/ms-dotnettools.csdevkit-1.18.23-darwin-arm64/components/CPS/platforms/darwin-arm64/node_modules/@microsoft/visualstudio-projectsystem-server.darwin-arm64'
04/09/2025 23:15:31 Philippine Standard Time : Information : Starting service module 'Microsoft.VisualStudio.ProjectSystem.ProjectInitializationStatusService'. Class: Microsoft.VisualStudio.ProjectSystem.Server.ProjectInitializationStatusServiceFactory, Supported Version: 
04/09/2025 23:15:31 Philippine Standard Time : Information : Started service 'Microsoft.VisualStudio.ProjectSystem.ProjectInitializationStatusService'. Pipe name: /Users/shakiraregalado/.ServiceHub/6ce28f2033/ddc0721426, Supported Version: 
04/09/2025 23:15:31 Philippine Standard Time : Information : hubHostClr write: Content-Length: 92

{"jsonrpc":"2.0","id":9,"result":"/Users/shakiraregalado/.ServiceHub/6ce28f2033/ddc0721426"}
04/09/2025 23:15:31 Philippine Standard Time : Information : hubHostClr read: Content-Length: 1089

{"jsonrpc":"2.0","id":10,"method":"StartServiceAsync","params":[{"name":"Microsoft.VisualStudio.ProjectSystem.Query.Remoting.QueryExecutionService","host":"dotnet.projectSystem","hostId":"C94B8CFE-E3FD-4BAF-A941-2866DBB566FE","serviceBaseDirectory":"/Users/shakiraregalado/.vscode/extensions/ms-dotnettools.csdevkit-1.18.23-darwin-arm64/components/CPS/platforms/darwin-arm64/node_modules/@microsoft/visualstudio-projectsystem-server.darwin-arm64","entryPoint":{"assemblyPath":"/Users/shakiraregalado/.vscode/extensions/ms-dotnettools.csdevkit-1.18.23-darwin-arm64/components/CPS/platforms/darwin-arm64/node_modules/@microsoft/visualstudio-projectsystem-server.darwin-arm64/Microsoft.VisualStudio.ProjectSystem.Server.Implementation.dll","fullClassName":"Microsoft.VisualStudio.ProjectSystem.Server.QueryExecutionServiceFactory"}},{"ActivationArguments":{"__servicehub__ServiceHubRemoteServiceBrokerPipeName":"/Users/shakiraregalado/.ServiceHub/6ce28f2033/8b02a77e8d","__servicehub__RequestedServiceVersion":"0.2"},"ClientCredentials":{},"ClientCulture":"en-US","ClientUICulture":"en-US"}]}
04/09/2025 23:15:31 Philippine Standard Time : Information : CLR host received start request for service 'Microsoft.VisualStudio.ProjectSystem.Query.Remoting.QueryExecutionService'
04/09/2025 23:15:31 Philippine Standard Time : Information : Loading service module assembly '/Users/shakiraregalado/.vscode/extensions/ms-dotnettools.csdevkit-1.18.23-darwin-arm64/components/CPS/platforms/darwin-arm64/node_modules/@microsoft/visualstudio-projectsystem-server.darwin-arm64/Microsoft.VisualStudio.ProjectSystem.Server.Implementation.dll' from '/Users/shakiraregalado/.vscode/extensions/ms-dotnettools.csdevkit-1.18.23-darwin-arm64/components/CPS/platforms/darwin-arm64/node_modules/@microsoft/visualstudio-projectsystem-server.darwin-arm64'
04/09/2025 23:15:31 Philippine Standard Time : Information : Starting service module 'Microsoft.VisualStudio.ProjectSystem.Query.Remoting.QueryExecutionService'. Class: Microsoft.VisualStudio.ProjectSystem.Server.QueryExecutionServiceFactory, Supported Version: 
04/09/2025 23:15:31 Philippine Standard Time : Information : Started service 'Microsoft.VisualStudio.ProjectSystem.Query.Remoting.QueryExecutionService'. Pipe name: /Users/shakiraregalado/.ServiceHub/6ce28f2033/03dd451a26, Supported Version: 
04/09/2025 23:15:31 Philippine Standard Time : Information : hubHostClr write: Content-Length: 93

{"jsonrpc":"2.0","id":10,"result":"/Users/shakiraregalado/.ServiceHub/6ce28f2033/03dd451a26"}
04/09/2025 23:15:31 Philippine Standard Time : Information : A new client connected to CLR service module 'Microsoft.VisualStudio.ProjectSystem.ProjectInitializationStatusService'
04/09/2025 23:15:31 Philippine Standard Time : Information : Found IServiceHubServiceFactory in cache. Creating instance from the factory.
04/09/2025 23:15:31 Philippine Standard Time : Information : A new client connected to CLR service module 'Microsoft.VisualStudio.ProjectSystem.Query.Remoting.QueryExecutionService'
04/09/2025 23:15:31 Philippine Standard Time : Information : Found IServiceHubServiceFactory in cache. Creating instance from the factory.
04/09/2025 23:15:31 Philippine Standard Time : Information : Creating service Microsoft.VisualStudio.ProjectSystem.Server.QueryExecutionServiceFactory from factory with FactoryVersion=Version2 and ClientRequestedVersion=0.2.
04/09/2025 23:15:31 Philippine Standard Time : Information : Setting up RPC connection for service 'Microsoft.VisualStudio.ProjectSystem.Server.QueryExecutionServiceFactory' from factory
04/09/2025 23:15:31 Philippine Standard Time : Information : Creating service Microsoft.VisualStudio.ProjectSystem.Server.ProjectInitializationStatusServiceFactory from factory with FactoryVersion=Version2 and ClientRequestedVersion=0.1.
04/09/2025 23:15:31 Philippine Standard Time : Information : Setting up RPC connection for service 'Microsoft.VisualStudio.ProjectSystem.Server.ProjectInitializationStatusServiceFactory' from factory
04/09/2025 23:15:31 Philippine Standard Time : Information : Completed RPC connection setup for service 'Microsoft.VisualStudio.ProjectSystem.Server.CompositionServiceFactory' from factory
04/09/2025 23:15:31 Philippine Standard Time : Information : Completed RPC connection setup for service 'Microsoft.VisualStudio.ProjectSystem.Server.QueryExecutionServiceFactory' from factory
04/09/2025 23:15:31 Philippine Standard Time : Information : Completed RPC connection setup for service 'Microsoft.VisualStudio.ProjectSystem.Server.QueryExecutionServiceFactory' from factory
04/09/2025 23:15:31 Philippine Standard Time : Information : Completed RPC connection setup for service 'Microsoft.VisualStudio.ProjectSystem.Server.ProjectInitializationStatusServiceFactory' from factory
04/09/2025 23:15:31 Philippine Standard Time : Information : Completed RPC connection setup for service 'Microsoft.VisualStudio.ProjectSystem.Server.LaunchConfigurationServiceFactory' from factory
04/09/2025 23:15:31 Philippine Standard Time : Information : Completed RPC connection setup for service 'Microsoft.VisualStudio.ProjectSystem.Server.ProjectInitializationStatusServiceFactory' from factory
04/09/2025 23:15:31 Philippine Standard Time : Information : Completed RPC connection setup for service 'Microsoft.VisualStudio.ProjectSystem.Server.ProjectInitializationStatusServiceFactory' from factory
04/09/2025 23:15:31 Philippine Standard Time : Information : Completed RPC connection setup for service 'Microsoft.VisualStudio.ProjectSystem.Server.ProjectTreeProviderFactory' from factory
04/09/2025 23:15:31 Philippine Standard Time : Information : hubHostClr read: Content-Length: 1069

{"jsonrpc":"2.0","id":11,"method":"StartServiceAsync","params":[{"name":"Microsoft.VisualStudio.CpsProjectIconSourceService","host":"dotnet.projectSystem","hostId":"C94B8CFE-E3FD-4BAF-A941-2866DBB566FE","serviceBaseDirectory":"/Users/shakiraregalado/.vscode/extensions/ms-dotnettools.csdevkit-1.18.23-darwin-arm64/components/CPS/platforms/darwin-arm64/node_modules/@microsoft/visualstudio-projectsystem-server.darwin-arm64","entryPoint":{"assemblyPath":"/Users/shakiraregalado/.vscode/extensions/ms-dotnettools.csdevkit-1.18.23-darwin-arm64/components/CPS/platforms/darwin-arm64/node_modules/@microsoft/visualstudio-projectsystem-server.darwin-arm64/Microsoft.VisualStudio.ProjectSystem.Server.Implementation.dll","fullClassName":"Microsoft.VisualStudio.ProjectSystem.Server.ProjectIconSourceServiceFactory"}},{"ActivationArguments":{"__servicehub__ServiceHubRemoteServiceBrokerPipeName":"/Users/shakiraregalado/.ServiceHub/6ce28f2033/40b824f1ab","__servicehub__RequestedServiceVersion":"0.1"},"ClientCredentials":{},"ClientCulture":"en-US","ClientUICulture":"en-US"}]}
04/09/2025 23:15:31 Philippine Standard Time : Information : CLR host received start request for service 'Microsoft.VisualStudio.CpsProjectIconSourceService'
04/09/2025 23:15:31 Philippine Standard Time : Information : Loading service module assembly '/Users/shakiraregalado/.vscode/extensions/ms-dotnettools.csdevkit-1.18.23-darwin-arm64/components/CPS/platforms/darwin-arm64/node_modules/@microsoft/visualstudio-projectsystem-server.darwin-arm64/Microsoft.VisualStudio.ProjectSystem.Server.Implementation.dll' from '/Users/shakiraregalado/.vscode/extensions/ms-dotnettools.csdevkit-1.18.23-darwin-arm64/components/CPS/platforms/darwin-arm64/node_modules/@microsoft/visualstudio-projectsystem-server.darwin-arm64'
04/09/2025 23:15:31 Philippine Standard Time : Information : Starting service module 'Microsoft.VisualStudio.CpsProjectIconSourceService'. Class: Microsoft.VisualStudio.ProjectSystem.Server.ProjectIconSourceServiceFactory, Supported Version: 
04/09/2025 23:15:31 Philippine Standard Time : Information : Started service 'Microsoft.VisualStudio.CpsProjectIconSourceService'. Pipe name: /Users/shakiraregalado/.ServiceHub/6ce28f2033/30deefcc45, Supported Version: 
04/09/2025 23:15:31 Philippine Standard Time : Information : hubHostClr write: Content-Length: 93

{"jsonrpc":"2.0","id":11,"result":"/Users/shakiraregalado/.ServiceHub/6ce28f2033/30deefcc45"}
04/09/2025 23:15:31 Philippine Standard Time : Information : A new client connected to CLR service module 'Microsoft.VisualStudio.CpsProjectIconSourceService'
04/09/2025 23:15:31 Philippine Standard Time : Information : Found FactoryVersion=Version2 for service : Microsoft.VisualStudio.CpsProjectIconSourceService.
04/09/2025 23:15:31 Philippine Standard Time : Information : Service 'Microsoft.VisualStudio.ProjectSystem.Server.ProjectIconSourceServiceFactory' implements IServiceHubServiceFactory. Creating factory instance and caching it.
04/09/2025 23:15:31 Philippine Standard Time : Information : Creating service Microsoft.VisualStudio.ProjectSystem.Server.ProjectIconSourceServiceFactory from factory with FactoryVersion=Version2 and ClientRequestedVersion=0.1.
04/09/2025 23:15:31 Philippine Standard Time : Information : Setting up RPC connection for service 'Microsoft.VisualStudio.ProjectSystem.Server.ProjectIconSourceServiceFactory' from factory
04/09/2025 23:15:31 Philippine Standard Time : Information : Completed RPC connection setup for service 'Microsoft.VisualStudio.ProjectSystem.Server.ProjectIconSourceServiceFactory' from factory
04/09/2025 23:15:31 Philippine Standard Time : Information : hubHostClr read: Content-Length: 1089

{"jsonrpc":"2.0","id":12,"method":"StartServiceAsync","params":[{"name":"Microsoft.VisualStudio.ProjectSystem.Query.Remoting.QueryExecutionService","host":"dotnet.projectSystem","hostId":"C94B8CFE-E3FD-4BAF-A941-2866DBB566FE","serviceBaseDirectory":"/Users/shakiraregalado/.vscode/extensions/ms-dotnettools.csdevkit-1.18.23-darwin-arm64/components/CPS/platforms/darwin-arm64/node_modules/@microsoft/visualstudio-projectsystem-server.darwin-arm64","entryPoint":{"assemblyPath":"/Users/shakiraregalado/.vscode/extensions/ms-dotnettools.csdevkit-1.18.23-darwin-arm64/components/CPS/platforms/darwin-arm64/node_modules/@microsoft/visualstudio-projectsystem-server.darwin-arm64/Microsoft.VisualStudio.ProjectSystem.Server.Implementation.dll","fullClassName":"Microsoft.VisualStudio.ProjectSystem.Server.QueryExecutionServiceFactory"}},{"ActivationArguments":{"__servicehub__ServiceHubRemoteServiceBrokerPipeName":"/Users/shakiraregalado/.ServiceHub/6ce28f2033/5ab21d276b","__servicehub__RequestedServiceVersion":"0.3"},"ClientCredentials":{},"ClientCulture":"en-US","ClientUICulture":"en-US"}]}
04/09/2025 23:15:31 Philippine Standard Time : Information : CLR host received start request for service 'Microsoft.VisualStudio.ProjectSystem.Query.Remoting.QueryExecutionService'
04/09/2025 23:15:31 Philippine Standard Time : Information : Loading service module assembly '/Users/shakiraregalado/.vscode/extensions/ms-dotnettools.csdevkit-1.18.23-darwin-arm64/components/CPS/platforms/darwin-arm64/node_modules/@microsoft/visualstudio-projectsystem-server.darwin-arm64/Microsoft.VisualStudio.ProjectSystem.Server.Implementation.dll' from '/Users/shakiraregalado/.vscode/extensions/ms-dotnettools.csdevkit-1.18.23-darwin-arm64/components/CPS/platforms/darwin-arm64/node_modules/@microsoft/visualstudio-projectsystem-server.darwin-arm64'
04/09/2025 23:15:31 Philippine Standard Time : Information : Starting service module 'Microsoft.VisualStudio.ProjectSystem.Query.Remoting.QueryExecutionService'. Class: Microsoft.VisualStudio.ProjectSystem.Server.QueryExecutionServiceFactory, Supported Version: 
04/09/2025 23:15:31 Philippine Standard Time : Information : Started service 'Microsoft.VisualStudio.ProjectSystem.Query.Remoting.QueryExecutionService'. Pipe name: /Users/shakiraregalado/.ServiceHub/6ce28f2033/a6d5193e95, Supported Version: 
04/09/2025 23:15:31 Philippine Standard Time : Information : hubHostClr write: Content-Length: 93

{"jsonrpc":"2.0","id":12,"result":"/Users/shakiraregalado/.ServiceHub/6ce28f2033/a6d5193e95"}
04/09/2025 23:15:31 Philippine Standard Time : Information : A new client connected to CLR service module 'Microsoft.VisualStudio.ProjectSystem.Query.Remoting.QueryExecutionService'
04/09/2025 23:15:31 Philippine Standard Time : Information : Found IServiceHubServiceFactory in cache. Creating instance from the factory.
04/09/2025 23:15:31 Philippine Standard Time : Information : Creating service Microsoft.VisualStudio.ProjectSystem.Server.QueryExecutionServiceFactory from factory with FactoryVersion=Version2 and ClientRequestedVersion=0.3.
04/09/2025 23:15:31 Philippine Standard Time : Information : Setting up RPC connection for service 'Microsoft.VisualStudio.ProjectSystem.Server.QueryExecutionServiceFactory' from factory
04/09/2025 23:15:31 Philippine Standard Time : Information : Completed RPC connection setup for service 'Microsoft.VisualStudio.ProjectSystem.Server.QueryExecutionServiceFactory' from factory
04/09/2025 23:15:32 Philippine Standard Time : Information : hubHostClr read: Content-Length: 2345

{"jsonrpc":"2.0","id":13,"method":"StartServiceAsync","params":[{"name":"Microsoft.VisualStudio.ProjectSystem.DebugTargetFrameworkService","host":"dotnet.projectSystem","hostId":"C94B8CFE-E3FD-4BAF-A941-2866DBB566FE","serviceBaseDirectory":"/Users/shakiraregalado/.vscode/extensions/ms-dotnettools.csdevkit-1.18.23-darwin-arm64/components/dotnet-project-system-vscode/node_modules/@microsoft/vscode.projectsystem.managed/Services","entryPoint":{"assemblyPath":"/Users/shakiraregalado/.vscode/extensions/ms-dotnettools.csdevkit-1.18.23-darwin-arm64/components/dotnet-project-system-vscode/node_modules/@microsoft/vscode.projectsystem.managed/Services/Microsoft.ProjectSystem.Managed.VSCode.Services.dll","fullClassName":"Microsoft.VisualStudio.ProjectSystem.Services.DebugTargetFrameworkServiceFactory"},"friendServices":["Microsoft.VisualStudio.ProjectSystem.CompositionService"]},{"ActivationArguments":{"__servicehub__ServiceHubRemoteServiceBrokerPipeName":"/Users/shakiraregalado/.ServiceHub/6ce28f2033/5e5e204ab7","__servicehub__FriendServiceModuleInfo__Microsoft.VisualStudio.ProjectSystem.CompositionService":"{\"name\":\"Microsoft.VisualStudio.ProjectSystem.CompositionService\",\"host\":\"dotnet.projectSystem\",\"hostId\":\"C94B8CFE-E3FD-4BAF-A941-2866DBB566FE\",\"hostConfiguration\":null,\"serviceBaseDirectory\":\"/Users/shakiraregalado/.vscode/extensions/ms-dotnettools.csdevkit-1.18.23-darwin-arm64/components/CPS/platforms/darwin-arm64/node_modules/@microsoft/visualstudio-projectsystem-server.darwin-arm64\",\"entryPoint\":{\"assemblyPath\":\"/Users/shakiraregalado/.vscode/extensions/ms-dotnettools.csdevkit-1.18.23-darwin-arm64/components/CPS/platforms/darwin-arm64/node_modules/@microsoft/visualstudio-projectsystem-server.darwin-arm64/Microsoft.VisualStudio.ProjectSystem.Server.Implementation.dll\",\"fullClassName\":\"Microsoft.VisualStudio.ProjectSystem.Server.CompositionServiceFactory\",\"scriptPath\":null,\"constructorFunction\":null,\"configPath\":null,\"appBasePath\":null,\"assemblySearchPathsConfig\":null},\"hostGroupAllowed\":null,\"hostGroupId\":null,\"serviceOverride\":null,\"singleDomainLoaderOptimization\":null,\"versionRange\":null,\"enableHotReload\":null,\"friendServices\":null}","__servicehub__RequestedServiceVersion":"0.1"},"ClientCredentials":{},"ClientCulture":"en-US","ClientUICulture":"en-US"}]}
04/09/2025 23:15:32 Philippine Standard Time : Information : hubHostClr read: Content-Length: 2345

{"jsonrpc":"2.0","id":14,"method":"StartServiceAsync","params":[{"name":"Microsoft.VisualStudio.ProjectSystem.DebugTargetFrameworkService","host":"dotnet.projectSystem","hostId":"C94B8CFE-E3FD-4BAF-A941-2866DBB566FE","serviceBaseDirectory":"/Users/shakiraregalado/.vscode/extensions/ms-dotnettools.csdevkit-1.18.23-darwin-arm64/components/dotnet-project-system-vscode/node_modules/@microsoft/vscode.projectsystem.managed/Services","entryPoint":{"assemblyPath":"/Users/shakiraregalado/.vscode/extensions/ms-dotnettools.csdevkit-1.18.23-darwin-arm64/components/dotnet-project-system-vscode/node_modules/@microsoft/vscode.projectsystem.managed/Services/Microsoft.ProjectSystem.Managed.VSCode.Services.dll","fullClassName":"Microsoft.VisualStudio.ProjectSystem.Services.DebugTargetFrameworkServiceFactory"},"friendServices":["Microsoft.VisualStudio.ProjectSystem.CompositionService"]},{"ActivationArguments":{"__servicehub__ServiceHubRemoteServiceBrokerPipeName":"/Users/shakiraregalado/.ServiceHub/6ce28f2033/15e261efb7","__servicehub__FriendServiceModuleInfo__Microsoft.VisualStudio.ProjectSystem.CompositionService":"{\"name\":\"Microsoft.VisualStudio.ProjectSystem.CompositionService\",\"host\":\"dotnet.projectSystem\",\"hostId\":\"C94B8CFE-E3FD-4BAF-A941-2866DBB566FE\",\"hostConfiguration\":null,\"serviceBaseDirectory\":\"/Users/shakiraregalado/.vscode/extensions/ms-dotnettools.csdevkit-1.18.23-darwin-arm64/components/CPS/platforms/darwin-arm64/node_modules/@microsoft/visualstudio-projectsystem-server.darwin-arm64\",\"entryPoint\":{\"assemblyPath\":\"/Users/shakiraregalado/.vscode/extensions/ms-dotnettools.csdevkit-1.18.23-darwin-arm64/components/CPS/platforms/darwin-arm64/node_modules/@microsoft/visualstudio-projectsystem-server.darwin-arm64/Microsoft.VisualStudio.ProjectSystem.Server.Implementation.dll\",\"fullClassName\":\"Microsoft.VisualStudio.ProjectSystem.Server.CompositionServiceFactory\",\"scriptPath\":null,\"constructorFunction\":null,\"configPath\":null,\"appBasePath\":null,\"assemblySearchPathsConfig\":null},\"hostGroupAllowed\":null,\"hostGroupId\":null,\"serviceOverride\":null,\"singleDomainLoaderOptimization\":null,\"versionRange\":null,\"enableHotReload\":null,\"friendServices\":null}","__servicehub__RequestedServiceVersion":"0.1"},"ClientCredentials":{},"ClientCulture":"en-US","ClientUICulture":"en-US"}]}
04/09/2025 23:15:32 Philippine Standard Time : Information : CLR host received start request for service 'Microsoft.VisualStudio.ProjectSystem.DebugTargetFrameworkService'
04/09/2025 23:15:32 Philippine Standard Time : Information : Loading service module assembly '/Users/shakiraregalado/.vscode/extensions/ms-dotnettools.csdevkit-1.18.23-darwin-arm64/components/dotnet-project-system-vscode/node_modules/@microsoft/vscode.projectsystem.managed/Services/Microsoft.ProjectSystem.Managed.VSCode.Services.dll' from '/Users/shakiraregalado/.vscode/extensions/ms-dotnettools.csdevkit-1.18.23-darwin-arm64/components/dotnet-project-system-vscode/node_modules/@microsoft/vscode.projectsystem.managed/Services'
04/09/2025 23:15:33 Philippine Standard Time : Information : Starting service module 'Microsoft.VisualStudio.ProjectSystem.DebugTargetFrameworkService'. Class: Microsoft.VisualStudio.ProjectSystem.Services.DebugTargetFrameworkServiceFactory, Supported Version: 
04/09/2025 23:15:33 Philippine Standard Time : Information : Started service 'Microsoft.VisualStudio.ProjectSystem.DebugTargetFrameworkService'. Pipe name: /Users/shakiraregalado/.ServiceHub/6ce28f2033/97695de813, Supported Version: 
04/09/2025 23:15:33 Philippine Standard Time : Information : hubHostClr write: Content-Length: 93

{"jsonrpc":"2.0","id":13,"result":"/Users/shakiraregalado/.ServiceHub/6ce28f2033/97695de813"}
04/09/2025 23:15:33 Philippine Standard Time : Information : CLR host received start request for service 'Microsoft.VisualStudio.ProjectSystem.DebugTargetFrameworkService'
04/09/2025 23:15:33 Philippine Standard Time : Information : Loading service module assembly '/Users/shakiraregalado/.vscode/extensions/ms-dotnettools.csdevkit-1.18.23-darwin-arm64/components/dotnet-project-system-vscode/node_modules/@microsoft/vscode.projectsystem.managed/Services/Microsoft.ProjectSystem.Managed.VSCode.Services.dll' from '/Users/shakiraregalado/.vscode/extensions/ms-dotnettools.csdevkit-1.18.23-darwin-arm64/components/dotnet-project-system-vscode/node_modules/@microsoft/vscode.projectsystem.managed/Services'
04/09/2025 23:15:33 Philippine Standard Time : Information : Starting service module 'Microsoft.VisualStudio.ProjectSystem.DebugTargetFrameworkService'. Class: Microsoft.VisualStudio.ProjectSystem.Services.DebugTargetFrameworkServiceFactory, Supported Version: 
04/09/2025 23:15:33 Philippine Standard Time : Information : Started service 'Microsoft.VisualStudio.ProjectSystem.DebugTargetFrameworkService'. Pipe name: /Users/shakiraregalado/.ServiceHub/6ce28f2033/c9643008ff, Supported Version: 
04/09/2025 23:15:33 Philippine Standard Time : Information : hubHostClr write: Content-Length: 93

{"jsonrpc":"2.0","id":14,"result":"/Users/shakiraregalado/.ServiceHub/6ce28f2033/c9643008ff"}
04/09/2025 23:15:33 Philippine Standard Time : Information : A new client connected to CLR service module 'Microsoft.VisualStudio.ProjectSystem.DebugTargetFrameworkService'
04/09/2025 23:15:33 Philippine Standard Time : Information : Found FactoryVersion=Version2 for service : Microsoft.VisualStudio.ProjectSystem.DebugTargetFrameworkService.
04/09/2025 23:15:33 Philippine Standard Time : Information : Service 'Microsoft.VisualStudio.ProjectSystem.Services.DebugTargetFrameworkServiceFactory' implements IServiceHubServiceFactory. Creating factory instance and caching it.
04/09/2025 23:15:33 Philippine Standard Time : Information : A new client connected to CLR service module 'Microsoft.VisualStudio.ProjectSystem.DebugTargetFrameworkService'
04/09/2025 23:15:33 Philippine Standard Time : Information : Found IServiceHubServiceFactory in cache. Creating instance from the factory.
04/09/2025 23:15:33 Philippine Standard Time : Information : Creating service Microsoft.VisualStudio.ProjectSystem.Services.DebugTargetFrameworkServiceFactory from factory with FactoryVersion=Version2 and ClientRequestedVersion=0.1.
04/09/2025 23:15:33 Philippine Standard Time : Information : Creating service Microsoft.VisualStudio.ProjectSystem.Services.DebugTargetFrameworkServiceFactory from factory with FactoryVersion=Version2 and ClientRequestedVersion=0.1.
04/09/2025 23:15:33 Philippine Standard Time : Information : Setting up RPC connection for service 'Microsoft.VisualStudio.ProjectSystem.Services.DebugTargetFrameworkServiceFactory' from factory
04/09/2025 23:15:33 Philippine Standard Time : Information : Setting up RPC connection for service 'Microsoft.VisualStudio.ProjectSystem.Services.DebugTargetFrameworkServiceFactory' from factory
04/09/2025 23:15:33 Philippine Standard Time : Information : Completed RPC connection setup for service 'Microsoft.VisualStudio.ProjectSystem.Services.DebugTargetFrameworkServiceFactory' from factory
04/09/2025 23:15:33 Philippine Standard Time : Information : Completed RPC connection setup for service 'Microsoft.VisualStudio.ProjectSystem.Services.DebugTargetFrameworkServiceFactory' from factory
04/09/2025 23:15:44 Philippine Standard Time : Information : hubHostClr read: Content-Length: 1024

{"jsonrpc":"2.0","id":15,"method":"StartServiceAsync","params":[{"name":"Microsoft.VisualStudio.LaunchConfigurationService","host":"dotnet.projectSystem","hostId":"C94B8CFE-E3FD-4BAF-A941-2866DBB566FE","serviceBaseDirectory":"/Users/shakiraregalado/.vscode/extensions/ms-dotnettools.csdevkit-1.18.23-darwin-arm64/components/CPS/platforms/darwin-arm64/node_modules/@microsoft/visualstudio-projectsystem-server.darwin-arm64","entryPoint":{"assemblyPath":"/Users/shakiraregalado/.vscode/extensions/ms-dotnettools.csdevkit-1.18.23-darwin-arm64/components/CPS/platforms/darwin-arm64/node_modules/@microsoft/visualstudio-projectsystem-server.darwin-arm64/Microsoft.VisualStudio.ProjectSystem.Server.Implementation.dll","fullClassName":"Microsoft.VisualStudio.ProjectSystem.Server.LaunchConfigurationServiceFactory"}},{"ActivationArguments":{"__servicehub__ServiceHubRemoteServiceBrokerPipeName":"/Users/shakiraregalado/.ServiceHub/6ce28f2033/7523d5e106"},"ClientCredentials":{},"ClientCulture":"en-US","ClientUICulture":"en-US"}]}
04/09/2025 23:15:44 Philippine Standard Time : Information : CLR host received start request for service 'Microsoft.VisualStudio.LaunchConfigurationService'
04/09/2025 23:15:44 Philippine Standard Time : Information : Loading service module assembly '/Users/shakiraregalado/.vscode/extensions/ms-dotnettools.csdevkit-1.18.23-darwin-arm64/components/CPS/platforms/darwin-arm64/node_modules/@microsoft/visualstudio-projectsystem-server.darwin-arm64/Microsoft.VisualStudio.ProjectSystem.Server.Implementation.dll' from '/Users/shakiraregalado/.vscode/extensions/ms-dotnettools.csdevkit-1.18.23-darwin-arm64/components/CPS/platforms/darwin-arm64/node_modules/@microsoft/visualstudio-projectsystem-server.darwin-arm64'
04/09/2025 23:15:44 Philippine Standard Time : Information : Starting service module 'Microsoft.VisualStudio.LaunchConfigurationService'. Class: Microsoft.VisualStudio.ProjectSystem.Server.LaunchConfigurationServiceFactory, Supported Version: 
04/09/2025 23:15:44 Philippine Standard Time : Information : Started service 'Microsoft.VisualStudio.LaunchConfigurationService'. Pipe name: /Users/shakiraregalado/.ServiceHub/6ce28f2033/4a32996a82, Supported Version: 
04/09/2025 23:15:44 Philippine Standard Time : Information : hubHostClr write: Content-Length: 93

{"jsonrpc":"2.0","id":15,"result":"/Users/shakiraregalado/.ServiceHub/6ce28f2033/4a32996a82"}
04/09/2025 23:15:44 Philippine Standard Time : Information : A new client connected to CLR service module 'Microsoft.VisualStudio.LaunchConfigurationService'
04/09/2025 23:15:44 Philippine Standard Time : Information : Found IServiceHubServiceFactory in cache. Creating instance from the factory.
04/09/2025 23:15:44 Philippine Standard Time : Information : Checking if 'Microsoft.VisualStudio.ProjectSystem.Server.ProjectTreeProviderFactory' implements Microsoft.VisualStudio.Threading.IAsyncDisposable.
04/09/2025 23:15:44 Philippine Standard Time : Information : Checking if 'Microsoft.VisualStudio.ProjectSystem.Server.ProjectTreeProviderFactory' implements System.IAsyncDisposable.
04/09/2025 23:15:44 Philippine Standard Time : Information : Checking if 'Microsoft.VisualStudio.ProjectSystem.Server.ProjectTreeProviderFactory' implements System.IDisposable.
04/09/2025 23:15:44 Philippine Standard Time : Information : Checking if 'Microsoft.VisualStudio.ProjectSystem.Server.ProjectInitializationStatusServiceFactory' implements Microsoft.VisualStudio.Threading.IAsyncDisposable.
04/09/2025 23:15:44 Philippine Standard Time : Information : Checking if 'Microsoft.VisualStudio.ProjectSystem.Server.ProjectInitializationStatusServiceFactory' implements System.IAsyncDisposable.
04/09/2025 23:15:44 Philippine Standard Time : Information : Checking if 'Microsoft.VisualStudio.ProjectSystem.Server.ProjectInitializationStatusServiceFactory' implements System.IDisposable.
04/09/2025 23:15:44 Philippine Standard Time : Information : Checking if 'Microsoft.VisualStudio.ProjectSystem.Services.DebugTargetFrameworkServiceFactory' implements Microsoft.VisualStudio.Threading.IAsyncDisposable.
04/09/2025 23:15:44 Philippine Standard Time : Information : Checking if 'Microsoft.VisualStudio.ProjectSystem.Services.DebugTargetFrameworkServiceFactory' implements System.IAsyncDisposable.
04/09/2025 23:15:44 Philippine Standard Time : Information : Checking if 'Microsoft.VisualStudio.ProjectSystem.Services.DebugTargetFrameworkServiceFactory' implements System.IDisposable.
04/09/2025 23:15:44 Philippine Standard Time : Information : Checking if 'Microsoft.VisualStudio.ProjectSystem.Server.LaunchConfigurationServiceFactory' implements Microsoft.VisualStudio.Threading.IAsyncDisposable.
04/09/2025 23:15:44 Philippine Standard Time : Information : Checking if 'Microsoft.VisualStudio.ProjectSystem.Server.LaunchConfigurationServiceFactory' implements System.IAsyncDisposable.
04/09/2025 23:15:44 Philippine Standard Time : Information : Checking if 'Microsoft.VisualStudio.ProjectSystem.Server.LaunchConfigurationServiceFactory' implements System.IDisposable.
04/09/2025 23:15:44 Philippine Standard Time : Error : Error creating Microsoft.VisualStudio.ProjectSystem.Server.LaunchConfigurationServiceFactory instance of CLR service module 'Microsoft.VisualStudio.LaunchConfigurationService': StreamJsonRpc.ConnectionLostException: The JSON-RPC connection with the remote party was lost before the request could complete. HResult='-2146233088' 
   at StreamJsonRpc.JsonRpc.InvokeCoreAsync(JsonRpcRequest request, Type expectedResultType, CancellationToken cancellationToken)
   at StreamJsonRpc.JsonRpc.InvokeCoreAsync[TResult](RequestId id, String targetName, IReadOnlyList`1 arguments, IReadOnlyList`1 positionalArgumentDeclaredTypes, IReadOnlyDictionary`2 namedArgumentDeclaredTypes, CancellationToken cancellationToken, Boolean isParameterObject)
   at Microsoft.ServiceHub.Framework.RemoteServiceBroker.ConnectToServerAsync(IRemoteServiceBroker serviceBroker, CancellationToken cancellationToken)
   at Microsoft.ServiceHub.Framework.RemoteServiceBroker.ConnectToServerAsync(String pipeName, TraceSource traceSource, CancellationToken cancellationToken)
   at Microsoft.ServiceHub.Framework.ServiceManagerReflectionHelpers.GetServiceBrokerAsync(ServiceActivationOptions options, CancellationToken cancellationToken)
   at Microsoft.ServiceHub.HostStub.ServiceManager.GetServiceBrokerFromServiceActivationOptionsAsync(AssemblyName serviceHubFramework, Object serviceActivationOptions, CancellationToken cancellationToken)
   at Microsoft.ServiceHub.HostStub.ServiceManager.CreateServiceModuleObjectWithFactoryAsync(ServiceModuleInfo smi, ServiceFactoryDetails serviceFactoryDetails, String serializedServiceActivationOptions, Stream stream, TraceSource serviceModuleTracer, AssemblyName serviceHubFrameworkReference, CancellationToken cancellationToken)
   at Microsoft.ServiceHub.HostStub.ServiceManager.CreateAndConfigureServiceAsync(ServiceModuleInfo smi, Type serviceModuleType, Stream stream, String serializedServiceActivationOptions, CancellationTokenSource cts)
===InnerException===
System.OperationCanceledException: The operation was canceled. HResult='-2146233029' 
   at System.Threading.CancellationToken.ThrowOperationCanceledException()
   at System.Threading.CancellationToken.ThrowIfCancellationRequested()
   at StreamJsonRpc.MessageHandlerBase.WriteAsync(JsonRpcMessage content, CancellationToken cancellationToken)
   at StreamJsonRpc.JsonRpc.SendAsync(JsonRpcMessage message, CancellationToken cancellationToken)
   at StreamJsonRpc.JsonRpc.InvokeCoreAsync(JsonRpcRequest request, Type expectedResultType, CancellationToken cancellationToken)
04/09/2025 23:15:44 Philippine Standard Time : Information : Connecting to ServiceBroker server '/Users/shakiraregalado/.ServiceHub/6ce28f2033/7523d5e106' to ensure it gets disposed.
04/09/2025 23:15:44 Philippine Standard Time : Information : Checking if 'Microsoft.VisualStudio.ProjectSystem.Server.LaunchConfigurationServiceFactory' implements Microsoft.VisualStudio.Threading.IAsyncDisposable.
04/09/2025 23:15:44 Philippine Standard Time : Information : Checking if 'Microsoft.VisualStudio.ProjectSystem.Server.LaunchConfigurationServiceFactory' implements System.IAsyncDisposable.
04/09/2025 23:15:44 Philippine Standard Time : Information : Checking if 'Microsoft.VisualStudio.ProjectSystem.Server.LaunchConfigurationServiceFactory' implements System.IDisposable.
04/09/2025 23:15:44 Philippine Standard Time : Error : StreamJsonRpc.ConnectionLostException: The JSON-RPC connection with the remote party was lost before the request could complete. HResult='-2146233088' 
   at StreamJsonRpc.JsonRpc.InvokeCoreAsync(JsonRpcRequest request, Type expectedResultType, CancellationToken cancellationToken)
   at StreamJsonRpc.JsonRpc.InvokeCoreAsync[TResult](RequestId id, String targetName, IReadOnlyList`1 arguments, IReadOnlyList`1 positionalArgumentDeclaredTypes, IReadOnlyDictionary`2 namedArgumentDeclaredTypes, CancellationToken cancellationToken, Boolean isParameterObject)
   at Microsoft.ServiceHub.Framework.RemoteServiceBroker.ConnectToServerAsync(IRemoteServiceBroker serviceBroker, CancellationToken cancellationToken)
   at Microsoft.ServiceHub.Framework.RemoteServiceBroker.ConnectToServerAsync(String pipeName, TraceSource traceSource, CancellationToken cancellationToken)
   at Microsoft.ServiceHub.Framework.ServiceManagerReflectionHelpers.GetServiceBrokerAsync(ServiceActivationOptions options, CancellationToken cancellationToken)
   at Microsoft.ServiceHub.HostStub.ServiceManager.GetServiceBrokerFromServiceActivationOptionsAsync(AssemblyName serviceHubFramework, Object serviceActivationOptions, CancellationToken cancellationToken)
   at Microsoft.ServiceHub.HostStub.ServiceManager.CreateServiceModuleObjectWithFactoryAsync(ServiceModuleInfo smi, ServiceFactoryDetails serviceFactoryDetails, String serializedServiceActivationOptions, Stream stream, TraceSource serviceModuleTracer, AssemblyName serviceHubFrameworkReference, CancellationToken cancellationToken)
   at Microsoft.ServiceHub.HostStub.ServiceManager.CreateAndConfigureServiceAsync(ServiceModuleInfo smi, Type serviceModuleType, Stream stream, String serializedServiceActivationOptions, CancellationTokenSource cts)
   at Microsoft.ServiceHub.HostStub.ServiceManager.CreateAndConfigureServiceAsync(ServiceModuleInfo smi, Type serviceModuleType, Stream stream, String serializedServiceActivationOptions, CancellationTokenSource cts)
   at Microsoft.ServiceHub.HostStub.ServiceManager.<>c__DisplayClass65_0.<<StartServiceAsync>b__0>d.MoveNext()
--- End of stack trace from previous location ---
   at Microsoft.ServiceHub.Utility.Server.ClientConnected(WrappedStream stream)
===InnerException===
System.OperationCanceledException: The operation was canceled. HResult='-2146233029' 
   at System.Threading.CancellationToken.ThrowOperationCanceledException()
   at System.Threading.CancellationToken.ThrowIfCancellationRequested()
   at StreamJsonRpc.MessageHandlerBase.WriteAsync(JsonRpcMessage content, CancellationToken cancellationToken)
   at StreamJsonRpc.JsonRpc.SendAsync(JsonRpcMessage message, CancellationToken cancellationToken)
   at StreamJsonRpc.JsonRpc.InvokeCoreAsync(JsonRpcRequest request, Type expectedResultType, CancellationToken cancellationToken)
04/09/2025 23:15:44 Philippine Standard Time : Information : Checking if 'Microsoft.VisualStudio.ProjectSystem.Server.QueryExecutionServiceFactory' implements Microsoft.VisualStudio.Threading.IAsyncDisposable.
04/09/2025 23:15:44 Philippine Standard Time : Information : Checking if 'Microsoft.VisualStudio.ProjectSystem.Server.QueryExecutionServiceFactory' implements System.IAsyncDisposable.
04/09/2025 23:15:44 Philippine Standard Time : Information : Checking if 'Microsoft.VisualStudio.ProjectSystem.Server.QueryExecutionServiceFactory' implements System.IDisposable.
04/09/2025 23:15:54 Philippine Standard Time : Information : hubHostClr read: Content-Length: 58

{"jsonrpc":"2.0","id":16,"method":"ExitAsync","params":[]}
04/09/2025 23:15:54 Philippine Standard Time : Information : Exit command received. Exiting CLR host
04/09/2025 23:15:54 Philippine Standard Time : Information : hubHostClr write: Content-Length: 39

{"jsonrpc":"2.0","id":16,"result":null}
04/09/2025 23:15:54 Philippine Standard Time : Information : hubHostClr JSON RPC has been disposed
04/09/2025 23:15:54 Philippine Standard Time : Information : hubHostClr read: end of stream
04/09/2025 23:15:54 Philippine Standard Time : Information : Checking if 'Microsoft.VisualStudio.ProjectSystem.Server.CompositionServiceFactory' implements Microsoft.VisualStudio.Threading.IAsyncDisposable.
04/09/2025 23:15:54 Philippine Standard Time : Information : Checking if 'Microsoft.VisualStudio.ProjectSystem.Server.CompositionServiceFactory' implements System.IAsyncDisposable.
04/09/2025 23:15:54 Philippine Standard Time : Information : Checking if 'Microsoft.VisualStudio.ProjectSystem.Server.CompositionServiceFactory' implements System.IDisposable.
04/09/2025 23:15:54 Philippine Standard Time : Information : Checking if 'Microsoft.VisualStudio.ProjectSystem.Server.ProjectIconSourceServiceFactory' implements Microsoft.VisualStudio.Threading.IAsyncDisposable.
04/09/2025 23:15:54 Philippine Standard Time : Information : Checking if 'Microsoft.VisualStudio.ProjectSystem.Server.ProjectIconSourceServiceFactory' implements System.IAsyncDisposable.
04/09/2025 23:15:54 Philippine Standard Time : Information : Checking if 'Microsoft.VisualStudio.ProjectSystem.Server.ProjectIconSourceServiceFactory' implements System.IDisposable.
