04/13/2025 20:46:58 Philippine Standard Time : Information : Local timezone is (UTC+08:00) Philippine Standard Time (Manila)
04/13/2025 20:46:58 Philippine Standard Time : Information : Service Hub .NET service module host started. Host id: dotnet.projectSystem$C94B8CFE-E3FD-4BAF-A941-2866DBB566FE. Controller pipe: net.pipe://226326EEC4. PID: 22931
04/13/2025 20:46:59 Philippine Standard Time : Information : hubHostClr read: Content-Length: 116

{"jsonrpc":"2.0","id":2,"method":"InitializeHostAsync","params":[{"HostsRootDirectory":".","AppConfigFallback":""}]}
04/13/2025 20:46:59 Philippine Standard Time : Information : hubHostClr write: Content-Length: 93

{"jsonrpc":"2.0","id":2,"result":"dotnet.projectSystem$C94B8CFE-E3FD-4BAF-A941-2866DBB566FE"}
04/13/2025 20:46:59 Philippine Standard Time : Information : hubHostClr read: Content-Length: 1088

{"jsonrpc":"2.0","id":3,"method":"StartServiceAsync","params":[{"name":"Microsoft.VisualStudio.ProjectSystem.Query.Remoting.QueryExecutionService","host":"dotnet.projectSystem","hostId":"C94B8CFE-E3FD-4BAF-A941-2866DBB566FE","serviceBaseDirectory":"/Users/shakiraregalado/.vscode/extensions/ms-dotnettools.csdevkit-1.18.23-darwin-arm64/components/CPS/platforms/darwin-arm64/node_modules/@microsoft/visualstudio-projectsystem-server.darwin-arm64","entryPoint":{"assemblyPath":"/Users/shakiraregalado/.vscode/extensions/ms-dotnettools.csdevkit-1.18.23-darwin-arm64/components/CPS/platforms/darwin-arm64/node_modules/@microsoft/visualstudio-projectsystem-server.darwin-arm64/Microsoft.VisualStudio.ProjectSystem.Server.Implementation.dll","fullClassName":"Microsoft.VisualStudio.ProjectSystem.Server.QueryExecutionServiceFactory"}},{"ActivationArguments":{"__servicehub__ServiceHubRemoteServiceBrokerPipeName":"/Users/shakiraregalado/.ServiceHub/58dbfb7b72/b1abac394d","__servicehub__RequestedServiceVersion":"0.3"},"ClientCredentials":{},"ClientCulture":"en-US","ClientUICulture":"en-US"}]}Content-Length: 1099

{"jsonrpc":"2.0","id":4,"method":"StartServiceAsync","params":[{"name":"Microsoft.VisualStudio.ProjectSystem.ProjectInitializationStatusService","host":"dotnet.projectSystem","hostId":"C94B8CFE-E3FD-4BAF-A941-2866DBB566FE","serviceBaseDirectory":"/Users/shakiraregalado/.vscode/extensions/ms-dotnettools.csdevkit-1.18.23-darwin-arm64/components/CPS/platforms/darwin-arm64/node_modules/@microsoft/visualstudio-projectsystem-server.darwin-arm64","entryPoint":{"assemblyPath":"/Users/shakiraregalado/.vscode/extensions/ms-dotnettools.csdevkit-1.18.23-darwin-arm64/components/CPS/platforms/darwin-arm64/node_modules/@microsoft/visualstudio-projectsystem-server.darwin-arm64/Microsoft.VisualStudio.ProjectSystem.Server.Implementation.dll","fullClassName":"Microsoft.VisualStudio.ProjectSystem.Server.ProjectInitializationStatusServiceFactory"}},{"ActivationArguments":{"__servicehub__ServiceHubRemoteServiceBrokerPipeName":"/Users/shakiraregalado/.ServiceHub/58dbfb7b72/c7de1faca8","__servicehub__RequestedServiceVersion":"0.1"},"ClientCredentials":{},"ClientCulture":"en-US","ClientUICulture":"en-US"}]}Content-Length: 1099

{"jsonrpc":"2.0","id":5,"method":"StartServiceAsync","params":[{"name":"Microsoft.VisualStudio.ProjectSystem.ProjectInitializationStatusService","host":"dotnet.projectSystem","hostId":"C94B8CFE-E3FD-4BAF-A941-2866DBB566FE","serviceBaseDirectory":"/Users/shakiraregalado/.vscode/extensions/ms-dotnettools.csdevkit-1.18.23-darwin-arm64/components/CPS/platforms/darwin-arm64/node_modules/@microsoft/visualstudio-projectsystem-server.darwin-arm64","entryPoint":{"assemblyPath":"/Users/shakiraregalado/.vscode/extensions/ms-dotnettools.csdevkit-1.18.23-darwin-arm64/components/CPS/platforms/darwin-arm64/node_modules/@microsoft/visualstudio-projectsystem-server.darwin-arm64/Microsoft.VisualStudio.ProjectSystem.Server.Implementation.dll","fullClassName":"Microsoft.VisualStudio.ProjectSystem.Server.ProjectInitializationStatusServiceFactory"}},{"ActivationArguments":{"__servicehub__ServiceHubRemoteServiceBrokerPipeName":"/Users/shakiraregalado/.ServiceHub/58dbfb7b72/1a6ca87fc3","__servicehub__RequestedServiceVersion":"0.1"},"ClientCredentials":{},"ClientCulture":"en-US","ClientUICulture":"en-US"}]}Content-Length: 1023

{"jsonrpc":"2.0","id":6,"method":"StartServiceAsync","params":[{"name":"Microsoft.VisualStudio.LaunchConfigurationService","host":"dotnet.projectSystem","hostId":"C94B8CFE-E3FD-4BAF-A941-2866DBB566FE","serviceBaseDirectory":"/Users/shakiraregalado/.vscode/extensions/ms-dotnettools.csdevkit-1.18.23-darwin-arm64/components/CPS/platforms/darwin-arm64/node_modules/@microsoft/visualstudio-projectsystem-server.darwin-arm64","entryPoint":{"assemblyPath":"/Users/shakiraregalado/.vscode/extensions/ms-dotnettools.csdevkit-1.18.23-darwin-arm64/components/CPS/platforms/darwin-arm64/node_modules/@microsoft/visualstudio-projectsystem-server.darwin-arm64/Microsoft.VisualStudio.ProjectSystem.Server.Implementation.dll","f
04/13/2025 20:46:59 Philippine Standard Time : Information : CLR host received start request for service 'Microsoft.VisualStudio.ProjectSystem.Query.Remoting.QueryExecutionService'
04/13/2025 20:46:59 Philippine Standard Time : Information : hubHostClr read: ullClassName":"Microsoft.VisualStudio.ProjectSystem.Server.LaunchConfigurationServiceFactory"}},{"ActivationArguments":{"__servicehub__ServiceHubRemoteServiceBrokerPipeName":"/Users/shakiraregalado/.ServiceHub/58dbfb7b72/f5c702fb9e"},"ClientCredentials":{},"ClientCulture":"en-US","ClientUICulture":"en-US"}]}Content-Length: 1069

{"jsonrpc":"2.0","id":7,"method":"StartServiceAsync","params":[{"name":"Microsoft.VisualStudio.ProjectSystem.ProjectTreeProvider","host":"dotnet.projectSystem","hostId":"C94B8CFE-E3FD-4BAF-A941-2866DBB566FE","serviceBaseDirectory":"/Users/shakiraregalado/.vscode/extensions/ms-dotnettools.csdevkit-1.18.23-darwin-arm64/components/CPS/platforms/darwin-arm64/node_modules/@microsoft/visualstudio-projectsystem-server.darwin-arm64","entryPoint":{"assemblyPath":"/Users/shakiraregalado/.vscode/extensions/ms-dotnettools.csdevkit-1.18.23-darwin-arm64/components/CPS/platforms/darwin-arm64/node_modules/@microsoft/visualstudio-projectsystem-server.darwin-arm64/Microsoft.VisualStudio.ProjectSystem.Server.Implementation.dll","fullClassName":"Microsoft.VisualStudio.ProjectSystem.Server.ProjectTreeProviderFactory"}},{"ActivationArguments":{"__servicehub__ServiceHubRemoteServiceBrokerPipeName":"/Users/shakiraregalado/.ServiceHub/58dbfb7b72/a88574a126","__servicehub__RequestedServiceVersion":"0.1"},"ClientCredentials":{},"ClientCulture":"en-US","ClientUICulture":"en-US"}]}
04/13/2025 20:46:59 Philippine Standard Time : Information : Loading service module assembly '/Users/shakiraregalado/.vscode/extensions/ms-dotnettools.csdevkit-1.18.23-darwin-arm64/components/CPS/platforms/darwin-arm64/node_modules/@microsoft/visualstudio-projectsystem-server.darwin-arm64/Microsoft.VisualStudio.ProjectSystem.Server.Implementation.dll' from '/Users/shakiraregalado/.vscode/extensions/ms-dotnettools.csdevkit-1.18.23-darwin-arm64/components/CPS/platforms/darwin-arm64/node_modules/@microsoft/visualstudio-projectsystem-server.darwin-arm64'
04/13/2025 20:46:59 Philippine Standard Time : Information : Starting service module 'Microsoft.VisualStudio.ProjectSystem.Query.Remoting.QueryExecutionService'. Class: Microsoft.VisualStudio.ProjectSystem.Server.QueryExecutionServiceFactory, Supported Version: 
04/13/2025 20:46:59 Philippine Standard Time : Information : Started service 'Microsoft.VisualStudio.ProjectSystem.Query.Remoting.QueryExecutionService'. Pipe name: /Users/shakiraregalado/.ServiceHub/58dbfb7b72/122e853443, Supported Version: 
04/13/2025 20:46:59 Philippine Standard Time : Information : CLR host received start request for service 'Microsoft.VisualStudio.ProjectSystem.ProjectInitializationStatusService'
04/13/2025 20:46:59 Philippine Standard Time : Information : Loading service module assembly '/Users/shakiraregalado/.vscode/extensions/ms-dotnettools.csdevkit-1.18.23-darwin-arm64/components/CPS/platforms/darwin-arm64/node_modules/@microsoft/visualstudio-projectsystem-server.darwin-arm64/Microsoft.VisualStudio.ProjectSystem.Server.Implementation.dll' from '/Users/shakiraregalado/.vscode/extensions/ms-dotnettools.csdevkit-1.18.23-darwin-arm64/components/CPS/platforms/darwin-arm64/node_modules/@microsoft/visualstudio-projectsystem-server.darwin-arm64'
04/13/2025 20:46:59 Philippine Standard Time : Information : Starting service module 'Microsoft.VisualStudio.ProjectSystem.ProjectInitializationStatusService'. Class: Microsoft.VisualStudio.ProjectSystem.Server.ProjectInitializationStatusServiceFactory, Supported Version: 
04/13/2025 20:46:59 Philippine Standard Time : Information : Started service 'Microsoft.VisualStudio.ProjectSystem.ProjectInitializationStatusService'. Pipe name: /Users/shakiraregalado/.ServiceHub/58dbfb7b72/477620238c, Supported Version: 
04/13/2025 20:46:59 Philippine Standard Time : Information : CLR host received start request for service 'Microsoft.VisualStudio.ProjectSystem.ProjectInitializationStatusService'
04/13/2025 20:46:59 Philippine Standard Time : Information : Loading service module assembly '/Users/shakiraregalado/.vscode/extensions/ms-dotnettools.csdevkit-1.18.23-darwin-arm64/components/CPS/platforms/darwin-arm64/node_modules/@microsoft/visualstudio-projectsystem-server.darwin-arm64/Microsoft.VisualStudio.ProjectSystem.Server.Implementation.dll' from '/Users/shakiraregalado/.vscode/extensions/ms-dotnettools.csdevkit-1.18.23-darwin-arm64/components/CPS/platforms/darwin-arm64/node_modules/@microsoft/visualstudio-projectsystem-server.darwin-arm64'
04/13/2025 20:46:59 Philippine Standard Time : Information : Starting service module 'Microsoft.VisualStudio.ProjectSystem.ProjectInitializationStatusService'. Class: Microsoft.VisualStudio.ProjectSystem.Server.ProjectInitializationStatusServiceFactory, Supported Version: 
04/13/2025 20:46:59 Philippine Standard Time : Information : Started service 'Microsoft.VisualStudio.ProjectSystem.ProjectInitializationStatusService'. Pipe name: /Users/shakiraregalado/.ServiceHub/58dbfb7b72/ad569689a9, Supported Version: 
04/13/2025 20:46:59 Philippine Standard Time : Information : CLR host received start request for service 'Microsoft.VisualStudio.LaunchConfigurationService'
04/13/2025 20:46:59 Philippine Standard Time : Information : Loading service module assembly '/Users/shakiraregalado/.vscode/extensions/ms-dotnettools.csdevkit-1.18.23-darwin-arm64/components/CPS/platforms/darwin-arm64/node_modules/@microsoft/visualstudio-projectsystem-server.darwin-arm64/Microsoft.VisualStudio.ProjectSystem.Server.Implementation.dll' from '/Users/shakiraregalado/.vscode/extensions/ms-dotnettools.csdevkit-1.18.23-darwin-arm64/components/CPS/platforms/darwin-arm64/node_modules/@microsoft/visualstudio-projectsystem-server.darwin-arm64'
04/13/2025 20:46:59 Philippine Standard Time : Information : Starting service module 'Microsoft.VisualStudio.LaunchConfigurationService'. Class: Microsoft.VisualStudio.ProjectSystem.Server.LaunchConfigurationServiceFactory, Supported Version: 
04/13/2025 20:46:59 Philippine Standard Time : Information : Started service 'Microsoft.VisualStudio.LaunchConfigurationService'. Pipe name: /Users/shakiraregalado/.ServiceHub/58dbfb7b72/395553115a, Supported Version: 
04/13/2025 20:46:59 Philippine Standard Time : Information : CLR host received start request for service 'Microsoft.VisualStudio.ProjectSystem.ProjectTreeProvider'
04/13/2025 20:46:59 Philippine Standard Time : Information : Loading service module assembly '/Users/shakiraregalado/.vscode/extensions/ms-dotnettools.csdevkit-1.18.23-darwin-arm64/components/CPS/platforms/darwin-arm64/node_modules/@microsoft/visualstudio-projectsystem-server.darwin-arm64/Microsoft.VisualStudio.ProjectSystem.Server.Implementation.dll' from '/Users/shakiraregalado/.vscode/extensions/ms-dotnettools.csdevkit-1.18.23-darwin-arm64/components/CPS/platforms/darwin-arm64/node_modules/@microsoft/visualstudio-projectsystem-server.darwin-arm64'
04/13/2025 20:46:59 Philippine Standard Time : Information : Starting service module 'Microsoft.VisualStudio.ProjectSystem.ProjectTreeProvider'. Class: Microsoft.VisualStudio.ProjectSystem.Server.ProjectTreeProviderFactory, Supported Version: 
04/13/2025 20:46:59 Philippine Standard Time : Information : Started service 'Microsoft.VisualStudio.ProjectSystem.ProjectTreeProvider'. Pipe name: /Users/shakiraregalado/.ServiceHub/58dbfb7b72/baa1f36dba, Supported Version: 
04/13/2025 20:46:59 Philippine Standard Time : Information : hubHostClr write: Content-Length: 92

{"jsonrpc":"2.0","id":3,"result":"/Users/shakiraregalado/.ServiceHub/58dbfb7b72/122e853443"}Content-Length: 92

{"jsonrpc":"2.0","id":4,"result":"/Users/shakiraregalado/.ServiceHub/58dbfb7b72/477620238c"}Content-Length: 92

{"jsonrpc":"2.0","id":5,"result":"/Users/shakiraregalado/.ServiceHub/58dbfb7b72/ad569689a9"}Content-Length: 92

{"jsonrpc":"2.0","id":6,"result":"/Users/shakiraregalado/.ServiceHub/58dbfb7b72/395553115a"}Content-Length: 92

{"jsonrpc":"2.0","id":7,"result":"/Users/shakiraregalado/.ServiceHub/58dbfb7b72/baa1f36dba"}
04/13/2025 20:46:59 Philippine Standard Time : Information : A new client connected to CLR service module 'Microsoft.VisualStudio.ProjectSystem.Query.Remoting.QueryExecutionService'
04/13/2025 20:46:59 Philippine Standard Time : Information : Found FactoryVersion=Version2 for service : Microsoft.VisualStudio.ProjectSystem.Query.Remoting.QueryExecutionService.
04/13/2025 20:46:59 Philippine Standard Time : Information : Service 'Microsoft.VisualStudio.ProjectSystem.Server.QueryExecutionServiceFactory' implements IServiceHubServiceFactory. Creating factory instance and caching it.
04/13/2025 20:46:59 Philippine Standard Time : Information : hubHostClr write: Content-Length: 124

{"jsonrpc":"2.0","method":"HostServicesStartedAsync","params":["dotnet.projectSystem$C94B8CFE-E3FD-4BAF-A941-2866DBB566FE"]}
04/13/2025 20:46:59 Philippine Standard Time : Information : A new client connected to CLR service module 'Microsoft.VisualStudio.ProjectSystem.ProjectInitializationStatusService'
04/13/2025 20:46:59 Philippine Standard Time : Information : Found FactoryVersion=Version2 for service : Microsoft.VisualStudio.ProjectSystem.ProjectInitializationStatusService.
04/13/2025 20:46:59 Philippine Standard Time : Information : Service 'Microsoft.VisualStudio.ProjectSystem.Server.ProjectInitializationStatusServiceFactory' implements IServiceHubServiceFactory. Creating factory instance and caching it.
04/13/2025 20:46:59 Philippine Standard Time : Information : A new client connected to CLR service module 'Microsoft.VisualStudio.ProjectSystem.ProjectInitializationStatusService'
04/13/2025 20:46:59 Philippine Standard Time : Information : Found IServiceHubServiceFactory in cache. Creating instance from the factory.
04/13/2025 20:46:59 Philippine Standard Time : Information : A new client connected to CLR service module 'Microsoft.VisualStudio.LaunchConfigurationService'
04/13/2025 20:46:59 Philippine Standard Time : Information : Found FactoryVersion=Version2 for service : Microsoft.VisualStudio.LaunchConfigurationService.
04/13/2025 20:46:59 Philippine Standard Time : Information : Service 'Microsoft.VisualStudio.ProjectSystem.Server.LaunchConfigurationServiceFactory' implements IServiceHubServiceFactory. Creating factory instance and caching it.
04/13/2025 20:46:59 Philippine Standard Time : Information : A new client connected to CLR service module 'Microsoft.VisualStudio.ProjectSystem.ProjectTreeProvider'
04/13/2025 20:46:59 Philippine Standard Time : Information : Found FactoryVersion=Version2 for service : Microsoft.VisualStudio.ProjectSystem.ProjectTreeProvider.
04/13/2025 20:46:59 Philippine Standard Time : Information : Service 'Microsoft.VisualStudio.ProjectSystem.Server.ProjectTreeProviderFactory' implements IServiceHubServiceFactory. Creating factory instance and caching it.
04/13/2025 20:46:59 Philippine Standard Time : Information : Creating service Microsoft.VisualStudio.ProjectSystem.Server.QueryExecutionServiceFactory from factory with FactoryVersion=Version2 and ClientRequestedVersion=0.3.
04/13/2025 20:46:59 Philippine Standard Time : Information : Creating service Microsoft.VisualStudio.ProjectSystem.Server.LaunchConfigurationServiceFactory from factory with FactoryVersion=Version2 and ClientRequestedVersion=.
04/13/2025 20:46:59 Philippine Standard Time : Information : Creating service Microsoft.VisualStudio.ProjectSystem.Server.ProjectInitializationStatusServiceFactory from factory with FactoryVersion=Version2 and ClientRequestedVersion=0.1.
04/13/2025 20:46:59 Philippine Standard Time : Information : Creating service Microsoft.VisualStudio.ProjectSystem.Server.ProjectTreeProviderFactory from factory with FactoryVersion=Version2 and ClientRequestedVersion=0.1.
04/13/2025 20:46:59 Philippine Standard Time : Information : Creating service Microsoft.VisualStudio.ProjectSystem.Server.ProjectInitializationStatusServiceFactory from factory with FactoryVersion=Version2 and ClientRequestedVersion=0.1.
04/13/2025 20:46:59 Philippine Standard Time : Information : Setting up RPC connection for service 'Microsoft.VisualStudio.ProjectSystem.Server.QueryExecutionServiceFactory' from factory
04/13/2025 20:46:59 Philippine Standard Time : Information : Setting up RPC connection for service 'Microsoft.VisualStudio.ProjectSystem.Server.ProjectTreeProviderFactory' from factory
04/13/2025 20:46:59 Philippine Standard Time : Information : Setting up RPC connection for service 'Microsoft.VisualStudio.ProjectSystem.Server.LaunchConfigurationServiceFactory' from factory
04/13/2025 20:46:59 Philippine Standard Time : Information : Setting up RPC connection for service 'Microsoft.VisualStudio.ProjectSystem.Server.ProjectInitializationStatusServiceFactory' from factory
04/13/2025 20:46:59 Philippine Standard Time : Information : Setting up RPC connection for service 'Microsoft.VisualStudio.ProjectSystem.Server.ProjectInitializationStatusServiceFactory' from factory
04/13/2025 20:46:59 Philippine Standard Time : Information : hubHostClr read: Content-Length: 1067

{"jsonrpc":"2.0","id":8,"method":"StartServiceAsync","params":[{"name":"Microsoft.VisualStudio.ProjectSystem.CompositionService","host":"dotnet.projectSystem","hostId":"C94B8CFE-E3FD-4BAF-A941-2866DBB566FE","serviceBaseDirectory":"/Users/shakiraregalado/.vscode/extensions/ms-dotnettools.csdevkit-1.18.23-darwin-arm64/components/CPS/platforms/darwin-arm64/node_modules/@microsoft/visualstudio-projectsystem-server.darwin-arm64","entryPoint":{"assemblyPath":"/Users/shakiraregalado/.vscode/extensions/ms-dotnettools.csdevkit-1.18.23-darwin-arm64/components/CPS/platforms/darwin-arm64/node_modules/@microsoft/visualstudio-projectsystem-server.darwin-arm64/Microsoft.VisualStudio.ProjectSystem.Server.Implementation.dll","fullClassName":"Microsoft.VisualStudio.ProjectSystem.Server.CompositionServiceFactory"}},{"ActivationArguments":{"__servicehub__ServiceHubRemoteServiceBrokerPipeName":"/Users/shakiraregalado/.ServiceHub/58dbfb7b72/8b79ae37f7","__servicehub__RequestedServiceVersion":"0.1"},"ClientCredentials":{},"ClientCulture":"en-US","ClientUICulture":"en-US"}]}
04/13/2025 20:46:59 Philippine Standard Time : Information : CLR host received start request for service 'Microsoft.VisualStudio.ProjectSystem.CompositionService'
04/13/2025 20:46:59 Philippine Standard Time : Information : Loading service module assembly '/Users/shakiraregalado/.vscode/extensions/ms-dotnettools.csdevkit-1.18.23-darwin-arm64/components/CPS/platforms/darwin-arm64/node_modules/@microsoft/visualstudio-projectsystem-server.darwin-arm64/Microsoft.VisualStudio.ProjectSystem.Server.Implementation.dll' from '/Users/shakiraregalado/.vscode/extensions/ms-dotnettools.csdevkit-1.18.23-darwin-arm64/components/CPS/platforms/darwin-arm64/node_modules/@microsoft/visualstudio-projectsystem-server.darwin-arm64'
04/13/2025 20:46:59 Philippine Standard Time : Information : Starting service module 'Microsoft.VisualStudio.ProjectSystem.CompositionService'. Class: Microsoft.VisualStudio.ProjectSystem.Server.CompositionServiceFactory, Supported Version: 
04/13/2025 20:46:59 Philippine Standard Time : Information : Started service 'Microsoft.VisualStudio.ProjectSystem.CompositionService'. Pipe name: /Users/shakiraregalado/.ServiceHub/58dbfb7b72/a2b0a05a81, Supported Version: 
04/13/2025 20:46:59 Philippine Standard Time : Information : hubHostClr write: Content-Length: 92

{"jsonrpc":"2.0","id":8,"result":"/Users/shakiraregalado/.ServiceHub/58dbfb7b72/a2b0a05a81"}
04/13/2025 20:46:59 Philippine Standard Time : Information : A new client connected to CLR service module 'Microsoft.VisualStudio.ProjectSystem.CompositionService'
04/13/2025 20:46:59 Philippine Standard Time : Information : Found FactoryVersion=Version2 for service : Microsoft.VisualStudio.ProjectSystem.CompositionService.
04/13/2025 20:46:59 Philippine Standard Time : Information : Service 'Microsoft.VisualStudio.ProjectSystem.Server.CompositionServiceFactory' implements IServiceHubServiceFactory. Creating factory instance and caching it.
04/13/2025 20:46:59 Philippine Standard Time : Information : Creating service Microsoft.VisualStudio.ProjectSystem.Server.CompositionServiceFactory from factory with FactoryVersion=Version2 and ClientRequestedVersion=0.1.
04/13/2025 20:46:59 Philippine Standard Time : Information : Setting up RPC connection for service 'Microsoft.VisualStudio.ProjectSystem.Server.CompositionServiceFactory' from factory
04/13/2025 20:47:01 Philippine Standard Time : Information : Completed RPC connection setup for service 'Microsoft.VisualStudio.ProjectSystem.Server.CompositionServiceFactory' from factory
04/13/2025 20:47:01 Philippine Standard Time : Information : hubHostClr read: Content-Length: 1099

{"jsonrpc":"2.0","id":9,"method":"StartServiceAsync","params":[{"name":"Microsoft.VisualStudio.ProjectSystem.ProjectInitializationStatusService","host":"dotnet.projectSystem","hostId":"C94B8CFE-E3FD-4BAF-A941-2866DBB566FE","serviceBaseDirectory":"/Users/shakiraregalado/.vscode/extensions/ms-dotnettools.csdevkit-1.18.23-darwin-arm64/components/CPS/platforms/darwin-arm64/node_modules/@microsoft/visualstudio-projectsystem-server.darwin-arm64","entryPoint":{"assemblyPath":"/Users/shakiraregalado/.vscode/extensions/ms-dotnettools.csdevkit-1.18.23-darwin-arm64/components/CPS/platforms/darwin-arm64/node_modules/@microsoft/visualstudio-projectsystem-server.darwin-arm64/Microsoft.VisualStudio.ProjectSystem.Server.Implementation.dll","fullClassName":"Microsoft.VisualStudio.ProjectSystem.Server.ProjectInitializationStatusServiceFactory"}},{"ActivationArguments":{"__servicehub__ServiceHubRemoteServiceBrokerPipeName":"/Users/shakiraregalado/.ServiceHub/58dbfb7b72/86423b2403","__servicehub__RequestedServiceVersion":"0.1"},"ClientCredentials":{},"ClientCulture":"en-US","ClientUICulture":"en-US"}]}
04/13/2025 20:47:01 Philippine Standard Time : Information : CLR host received start request for service 'Microsoft.VisualStudio.ProjectSystem.ProjectInitializationStatusService'
04/13/2025 20:47:01 Philippine Standard Time : Information : Loading service module assembly '/Users/shakiraregalado/.vscode/extensions/ms-dotnettools.csdevkit-1.18.23-darwin-arm64/components/CPS/platforms/darwin-arm64/node_modules/@microsoft/visualstudio-projectsystem-server.darwin-arm64/Microsoft.VisualStudio.ProjectSystem.Server.Implementation.dll' from '/Users/shakiraregalado/.vscode/extensions/ms-dotnettools.csdevkit-1.18.23-darwin-arm64/components/CPS/platforms/darwin-arm64/node_modules/@microsoft/visualstudio-projectsystem-server.darwin-arm64'
04/13/2025 20:47:01 Philippine Standard Time : Information : Starting service module 'Microsoft.VisualStudio.ProjectSystem.ProjectInitializationStatusService'. Class: Microsoft.VisualStudio.ProjectSystem.Server.ProjectInitializationStatusServiceFactory, Supported Version: 
04/13/2025 20:47:01 Philippine Standard Time : Information : Started service 'Microsoft.VisualStudio.ProjectSystem.ProjectInitializationStatusService'. Pipe name: /Users/shakiraregalado/.ServiceHub/58dbfb7b72/b2a833b467, Supported Version: 
04/13/2025 20:47:01 Philippine Standard Time : Information : hubHostClr write: Content-Length: 92

{"jsonrpc":"2.0","id":9,"result":"/Users/shakiraregalado/.ServiceHub/58dbfb7b72/b2a833b467"}
04/13/2025 20:47:01 Philippine Standard Time : Information : Completed RPC connection setup for service 'Microsoft.VisualStudio.ProjectSystem.Server.ProjectInitializationStatusServiceFactory' from factory
04/13/2025 20:47:01 Philippine Standard Time : Information : Completed RPC connection setup for service 'Microsoft.VisualStudio.ProjectSystem.Server.ProjectInitializationStatusServiceFactory' from factory
04/13/2025 20:47:01 Philippine Standard Time : Information : Completed RPC connection setup for service 'Microsoft.VisualStudio.ProjectSystem.Server.ProjectTreeProviderFactory' from factory
04/13/2025 20:47:01 Philippine Standard Time : Information : A new client connected to CLR service module 'Microsoft.VisualStudio.ProjectSystem.ProjectInitializationStatusService'
04/13/2025 20:47:01 Philippine Standard Time : Information : Found IServiceHubServiceFactory in cache. Creating instance from the factory.
04/13/2025 20:47:01 Philippine Standard Time : Information : Completed RPC connection setup for service 'Microsoft.VisualStudio.ProjectSystem.Server.LaunchConfigurationServiceFactory' from factory
04/13/2025 20:47:01 Philippine Standard Time : Information : Completed RPC connection setup for service 'Microsoft.VisualStudio.ProjectSystem.Server.QueryExecutionServiceFactory' from factory
04/13/2025 20:47:01 Philippine Standard Time : Information : hubHostClr read: Content-Length: 1089

{"jsonrpc":"2.0","id":10,"method":"StartServiceAsync","params":[{"name":"Microsoft.VisualStudio.ProjectSystem.Query.Remoting.QueryExecutionService","host":"dotnet.projectSystem","hostId":"C94B8CFE-E3FD-4BAF-A941-2866DBB566FE","serviceBaseDirectory":"/Users/shakiraregalado/.vscode/extensions/ms-dotnettools.csdevkit-1.18.23-darwin-arm64/components/CPS/platforms/darwin-arm64/node_modules/@microsoft/visualstudio-projectsystem-server.darwin-arm64","entryPoint":{"assemblyPath":"/Users/shakiraregalado/.vscode/extensions/ms-dotnettools.csdevkit-1.18.23-darwin-arm64/components/CPS/platforms/darwin-arm64/node_modules/@microsoft/visualstudio-projectsystem-server.darwin-arm64/Microsoft.VisualStudio.ProjectSystem.Server.Implementation.dll","fullClassName":"Microsoft.VisualStudio.ProjectSystem.Server.QueryExecutionServiceFactory"}},{"ActivationArguments":{"__servicehub__ServiceHubRemoteServiceBrokerPipeName":"/Users/shakiraregalado/.ServiceHub/58dbfb7b72/01d261e315","__servicehub__RequestedServiceVersion":"0.2"},"ClientCredentials":{},"ClientCulture":"en-US","ClientUICulture":"en-US"}]}
04/13/2025 20:47:01 Philippine Standard Time : Information : CLR host received start request for service 'Microsoft.VisualStudio.ProjectSystem.Query.Remoting.QueryExecutionService'
04/13/2025 20:47:01 Philippine Standard Time : Information : Loading service module assembly '/Users/shakiraregalado/.vscode/extensions/ms-dotnettools.csdevkit-1.18.23-darwin-arm64/components/CPS/platforms/darwin-arm64/node_modules/@microsoft/visualstudio-projectsystem-server.darwin-arm64/Microsoft.VisualStudio.ProjectSystem.Server.Implementation.dll' from '/Users/shakiraregalado/.vscode/extensions/ms-dotnettools.csdevkit-1.18.23-darwin-arm64/components/CPS/platforms/darwin-arm64/node_modules/@microsoft/visualstudio-projectsystem-server.darwin-arm64'
04/13/2025 20:47:01 Philippine Standard Time : Information : Creating service Microsoft.VisualStudio.ProjectSystem.Server.ProjectInitializationStatusServiceFactory from factory with FactoryVersion=Version2 and ClientRequestedVersion=0.1.
04/13/2025 20:47:01 Philippine Standard Time : Information : Setting up RPC connection for service 'Microsoft.VisualStudio.ProjectSystem.Server.ProjectInitializationStatusServiceFactory' from factory
04/13/2025 20:47:01 Philippine Standard Time : Information : Completed RPC connection setup for service 'Microsoft.VisualStudio.ProjectSystem.Server.ProjectInitializationStatusServiceFactory' from factory
04/13/2025 20:47:01 Philippine Standard Time : Information : Starting service module 'Microsoft.VisualStudio.ProjectSystem.Query.Remoting.QueryExecutionService'. Class: Microsoft.VisualStudio.ProjectSystem.Server.QueryExecutionServiceFactory, Supported Version: 
04/13/2025 20:47:01 Philippine Standard Time : Information : Started service 'Microsoft.VisualStudio.ProjectSystem.Query.Remoting.QueryExecutionService'. Pipe name: /Users/shakiraregalado/.ServiceHub/58dbfb7b72/6b6aa7feaa, Supported Version: 
04/13/2025 20:47:01 Philippine Standard Time : Information : hubHostClr write: Content-Length: 93

{"jsonrpc":"2.0","id":10,"result":"/Users/shakiraregalado/.ServiceHub/58dbfb7b72/6b6aa7feaa"}
04/13/2025 20:47:01 Philippine Standard Time : Information : A new client connected to CLR service module 'Microsoft.VisualStudio.ProjectSystem.Query.Remoting.QueryExecutionService'
04/13/2025 20:47:01 Philippine Standard Time : Information : Found IServiceHubServiceFactory in cache. Creating instance from the factory.
04/13/2025 20:47:01 Philippine Standard Time : Information : Creating service Microsoft.VisualStudio.ProjectSystem.Server.QueryExecutionServiceFactory from factory with FactoryVersion=Version2 and ClientRequestedVersion=0.2.
04/13/2025 20:47:01 Philippine Standard Time : Information : Setting up RPC connection for service 'Microsoft.VisualStudio.ProjectSystem.Server.QueryExecutionServiceFactory' from factory
04/13/2025 20:47:01 Philippine Standard Time : Information : Completed RPC connection setup for service 'Microsoft.VisualStudio.ProjectSystem.Server.QueryExecutionServiceFactory' from factory
04/13/2025 20:47:01 Philippine Standard Time : Information : hubHostClr read: Content-Length: 1069

{"jsonrpc":"2.0","id":11,"method":"StartServiceAsync","params":[{"name":"Microsoft.VisualStudio.CpsProjectIconSourceService","host":"dotnet.projectSystem","hostId":"C94B8CFE-E3FD-4BAF-A941-2866DBB566FE","serviceBaseDirectory":"/Users/shakiraregalado/.vscode/extensions/ms-dotnettools.csdevkit-1.18.23-darwin-arm64/components/CPS/platforms/darwin-arm64/node_modules/@microsoft/visualstudio-projectsystem-server.darwin-arm64","entryPoint":{"assemblyPath":"/Users/shakiraregalado/.vscode/extensions/ms-dotnettools.csdevkit-1.18.23-darwin-arm64/components/CPS/platforms/darwin-arm64/node_modules/@microsoft/visualstudio-projectsystem-server.darwin-arm64/Microsoft.VisualStudio.ProjectSystem.Server.Implementation.dll","fullClassName":"Microsoft.VisualStudio.ProjectSystem.Server.ProjectIconSourceServiceFactory"}},{"ActivationArguments":{"__servicehub__ServiceHubRemoteServiceBrokerPipeName":"/Users/shakiraregalado/.ServiceHub/58dbfb7b72/d4214d7680","__servicehub__RequestedServiceVersion":"0.1"},"ClientCredentials":{},"ClientCulture":"en-US","ClientUICulture":"en-US"}]}
04/13/2025 20:47:01 Philippine Standard Time : Information : CLR host received start request for service 'Microsoft.VisualStudio.CpsProjectIconSourceService'
04/13/2025 20:47:01 Philippine Standard Time : Information : Loading service module assembly '/Users/shakiraregalado/.vscode/extensions/ms-dotnettools.csdevkit-1.18.23-darwin-arm64/components/CPS/platforms/darwin-arm64/node_modules/@microsoft/visualstudio-projectsystem-server.darwin-arm64/Microsoft.VisualStudio.ProjectSystem.Server.Implementation.dll' from '/Users/shakiraregalado/.vscode/extensions/ms-dotnettools.csdevkit-1.18.23-darwin-arm64/components/CPS/platforms/darwin-arm64/node_modules/@microsoft/visualstudio-projectsystem-server.darwin-arm64'
04/13/2025 20:47:01 Philippine Standard Time : Information : Starting service module 'Microsoft.VisualStudio.CpsProjectIconSourceService'. Class: Microsoft.VisualStudio.ProjectSystem.Server.ProjectIconSourceServiceFactory, Supported Version: 
04/13/2025 20:47:01 Philippine Standard Time : Information : Started service 'Microsoft.VisualStudio.CpsProjectIconSourceService'. Pipe name: /Users/shakiraregalado/.ServiceHub/58dbfb7b72/38625fdad8, Supported Version: 
04/13/2025 20:47:01 Philippine Standard Time : Information : hubHostClr write: Content-Length: 93

{"jsonrpc":"2.0","id":11,"result":"/Users/shakiraregalado/.ServiceHub/58dbfb7b72/38625fdad8"}
04/13/2025 20:47:01 Philippine Standard Time : Information : A new client connected to CLR service module 'Microsoft.VisualStudio.CpsProjectIconSourceService'
04/13/2025 20:47:01 Philippine Standard Time : Information : Found FactoryVersion=Version2 for service : Microsoft.VisualStudio.CpsProjectIconSourceService.
04/13/2025 20:47:01 Philippine Standard Time : Information : Service 'Microsoft.VisualStudio.ProjectSystem.Server.ProjectIconSourceServiceFactory' implements IServiceHubServiceFactory. Creating factory instance and caching it.
04/13/2025 20:47:01 Philippine Standard Time : Information : Creating service Microsoft.VisualStudio.ProjectSystem.Server.ProjectIconSourceServiceFactory from factory with FactoryVersion=Version2 and ClientRequestedVersion=0.1.
04/13/2025 20:47:01 Philippine Standard Time : Information : Setting up RPC connection for service 'Microsoft.VisualStudio.ProjectSystem.Server.ProjectIconSourceServiceFactory' from factory
04/13/2025 20:47:01 Philippine Standard Time : Information : Completed RPC connection setup for service 'Microsoft.VisualStudio.ProjectSystem.Server.ProjectIconSourceServiceFactory' from factory
04/13/2025 20:47:02 Philippine Standard Time : Information : hubHostClr read: Content-Length: 1089

{"jsonrpc":"2.0","id":12,"method":"StartServiceAsync","params":[{"name":"Microsoft.VisualStudio.ProjectSystem.Query.Remoting.QueryExecutionService","host":"dotnet.projectSystem","hostId":"C94B8CFE-E3FD-4BAF-A941-2866DBB566FE","serviceBaseDirectory":"/Users/shakiraregalado/.vscode/extensions/ms-dotnettools.csdevkit-1.18.23-darwin-arm64/components/CPS/platforms/darwin-arm64/node_modules/@microsoft/visualstudio-projectsystem-server.darwin-arm64","entryPoint":{"assemblyPath":"/Users/shakiraregalado/.vscode/extensions/ms-dotnettools.csdevkit-1.18.23-darwin-arm64/components/CPS/platforms/darwin-arm64/node_modules/@microsoft/visualstudio-projectsystem-server.darwin-arm64/Microsoft.VisualStudio.ProjectSystem.Server.Implementation.dll","fullClassName":"Microsoft.VisualStudio.ProjectSystem.Server.QueryExecutionServiceFactory"}},{"ActivationArguments":{"__servicehub__ServiceHubRemoteServiceBrokerPipeName":"/Users/shakiraregalado/.ServiceHub/58dbfb7b72/3c2aa40776","__servicehub__RequestedServiceVersion":"0.3"},"ClientCredentials":{},"ClientCulture":"en-US","ClientUICulture":"en-US"}]}
04/13/2025 20:47:02 Philippine Standard Time : Information : CLR host received start request for service 'Microsoft.VisualStudio.ProjectSystem.Query.Remoting.QueryExecutionService'
04/13/2025 20:47:02 Philippine Standard Time : Information : Loading service module assembly '/Users/shakiraregalado/.vscode/extensions/ms-dotnettools.csdevkit-1.18.23-darwin-arm64/components/CPS/platforms/darwin-arm64/node_modules/@microsoft/visualstudio-projectsystem-server.darwin-arm64/Microsoft.VisualStudio.ProjectSystem.Server.Implementation.dll' from '/Users/shakiraregalado/.vscode/extensions/ms-dotnettools.csdevkit-1.18.23-darwin-arm64/components/CPS/platforms/darwin-arm64/node_modules/@microsoft/visualstudio-projectsystem-server.darwin-arm64'
04/13/2025 20:47:02 Philippine Standard Time : Information : Starting service module 'Microsoft.VisualStudio.ProjectSystem.Query.Remoting.QueryExecutionService'. Class: Microsoft.VisualStudio.ProjectSystem.Server.QueryExecutionServiceFactory, Supported Version: 
04/13/2025 20:47:02 Philippine Standard Time : Information : Started service 'Microsoft.VisualStudio.ProjectSystem.Query.Remoting.QueryExecutionService'. Pipe name: /Users/shakiraregalado/.ServiceHub/58dbfb7b72/c8e38ea90b, Supported Version: 
04/13/2025 20:47:02 Philippine Standard Time : Information : hubHostClr write: Content-Length: 93

{"jsonrpc":"2.0","id":12,"result":"/Users/shakiraregalado/.ServiceHub/58dbfb7b72/c8e38ea90b"}
04/13/2025 20:47:02 Philippine Standard Time : Information : A new client connected to CLR service module 'Microsoft.VisualStudio.ProjectSystem.Query.Remoting.QueryExecutionService'
04/13/2025 20:47:02 Philippine Standard Time : Information : Found IServiceHubServiceFactory in cache. Creating instance from the factory.
04/13/2025 20:47:02 Philippine Standard Time : Information : Creating service Microsoft.VisualStudio.ProjectSystem.Server.QueryExecutionServiceFactory from factory with FactoryVersion=Version2 and ClientRequestedVersion=0.3.
04/13/2025 20:47:02 Philippine Standard Time : Information : Setting up RPC connection for service 'Microsoft.VisualStudio.ProjectSystem.Server.QueryExecutionServiceFactory' from factory
04/13/2025 20:47:02 Philippine Standard Time : Information : Completed RPC connection setup for service 'Microsoft.VisualStudio.ProjectSystem.Server.QueryExecutionServiceFactory' from factory
04/13/2025 20:47:03 Philippine Standard Time : Information : hubHostClr read: Content-Length: 1100

{"jsonrpc":"2.0","id":13,"method":"StartServiceAsync","params":[{"name":"Microsoft.VisualStudio.ProjectSystem.ProjectInitializationStatusService","host":"dotnet.projectSystem","hostId":"C94B8CFE-E3FD-4BAF-A941-2866DBB566FE","serviceBaseDirectory":"/Users/shakiraregalado/.vscode/extensions/ms-dotnettools.csdevkit-1.18.23-darwin-arm64/components/CPS/platforms/darwin-arm64/node_modules/@microsoft/visualstudio-projectsystem-server.darwin-arm64","entryPoint":{"assemblyPath":"/Users/shakiraregalado/.vscode/extensions/ms-dotnettools.csdevkit-1.18.23-darwin-arm64/components/CPS/platforms/darwin-arm64/node_modules/@microsoft/visualstudio-projectsystem-server.darwin-arm64/Microsoft.VisualStudio.ProjectSystem.Server.Implementation.dll","fullClassName":"Microsoft.VisualStudio.ProjectSystem.Server.ProjectInitializationStatusServiceFactory"}},{"ActivationArguments":{"__servicehub__ServiceHubRemoteServiceBrokerPipeName":"/Users/shakiraregalado/.ServiceHub/58dbfb7b72/a05f92e37f","__servicehub__RequestedServiceVersion":"0.1"},"ClientCredentials":{},"ClientCulture":"en-US","ClientUICulture":"en-US"}]}
04/13/2025 20:47:03 Philippine Standard Time : Information : CLR host received start request for service 'Microsoft.VisualStudio.ProjectSystem.ProjectInitializationStatusService'
04/13/2025 20:47:03 Philippine Standard Time : Information : Loading service module assembly '/Users/shakiraregalado/.vscode/extensions/ms-dotnettools.csdevkit-1.18.23-darwin-arm64/components/CPS/platforms/darwin-arm64/node_modules/@microsoft/visualstudio-projectsystem-server.darwin-arm64/Microsoft.VisualStudio.ProjectSystem.Server.Implementation.dll' from '/Users/shakiraregalado/.vscode/extensions/ms-dotnettools.csdevkit-1.18.23-darwin-arm64/components/CPS/platforms/darwin-arm64/node_modules/@microsoft/visualstudio-projectsystem-server.darwin-arm64'
04/13/2025 20:47:03 Philippine Standard Time : Information : Starting service module 'Microsoft.VisualStudio.ProjectSystem.ProjectInitializationStatusService'. Class: Microsoft.VisualStudio.ProjectSystem.Server.ProjectInitializationStatusServiceFactory, Supported Version: 
04/13/2025 20:47:03 Philippine Standard Time : Information : Started service 'Microsoft.VisualStudio.ProjectSystem.ProjectInitializationStatusService'. Pipe name: /Users/shakiraregalado/.ServiceHub/58dbfb7b72/1f26171bc8, Supported Version: 
04/13/2025 20:47:03 Philippine Standard Time : Information : hubHostClr write: Content-Length: 93

{"jsonrpc":"2.0","id":13,"result":"/Users/shakiraregalado/.ServiceHub/58dbfb7b72/1f26171bc8"}
04/13/2025 20:47:03 Philippine Standard Time : Information : A new client connected to CLR service module 'Microsoft.VisualStudio.ProjectSystem.ProjectInitializationStatusService'
04/13/2025 20:47:03 Philippine Standard Time : Information : Found IServiceHubServiceFactory in cache. Creating instance from the factory.
04/13/2025 20:47:03 Philippine Standard Time : Information : Creating service Microsoft.VisualStudio.ProjectSystem.Server.ProjectInitializationStatusServiceFactory from factory with FactoryVersion=Version2 and ClientRequestedVersion=0.1.
04/13/2025 20:47:03 Philippine Standard Time : Information : Setting up RPC connection for service 'Microsoft.VisualStudio.ProjectSystem.Server.ProjectInitializationStatusServiceFactory' from factory
04/13/2025 20:47:03 Philippine Standard Time : Information : Completed RPC connection setup for service 'Microsoft.VisualStudio.ProjectSystem.Server.ProjectInitializationStatusServiceFactory' from factory
04/13/2025 20:47:05 Philippine Standard Time : Information : hubHostClr read: Content-Length: 2345

{"jsonrpc":"2.0","id":14,"method":"StartServiceAsync","params":[{"name":"Microsoft.VisualStudio.ProjectSystem.DebugTargetFrameworkService","host":"dotnet.projectSystem","hostId":"C94B8CFE-E3FD-4BAF-A941-2866DBB566FE","serviceBaseDirectory":"/Users/shakiraregalado/.vscode/extensions/ms-dotnettools.csdevkit-1.18.23-darwin-arm64/components/dotnet-project-system-vscode/node_modules/@microsoft/vscode.projectsystem.managed/Services","entryPoint":{"assemblyPath":"/Users/shakiraregalado/.vscode/extensions/ms-dotnettools.csdevkit-1.18.23-darwin-arm64/components/dotnet-project-system-vscode/node_modules/@microsoft/vscode.projectsystem.managed/Services/Microsoft.ProjectSystem.Managed.VSCode.Services.dll","fullClassName":"Microsoft.VisualStudio.ProjectSystem.Services.DebugTargetFrameworkServiceFactory"},"friendServices":["Microsoft.VisualStudio.ProjectSystem.CompositionService"]},{"ActivationArguments":{"__servicehub__ServiceHubRemoteServiceBrokerPipeName":"/Users/shakiraregalado/.ServiceHub/58dbfb7b72/e5e580c58a","__servicehub__FriendServiceModuleInfo__Microsoft.VisualStudio.ProjectSystem.CompositionService":"{\"name\":\"Microsoft.VisualStudio.ProjectSystem.CompositionService\",\"host\":\"dotnet.projectSystem\",\"hostId\":\"C94B8CFE-E3FD-4BAF-A941-2866DBB566FE\",\"hostConfiguration\":null,\"serviceBaseDirectory\":\"/Users/shakiraregalado/.vscode/extensions/ms-dotnettools.csdevkit-1.18.23-darwin-arm64/components/CPS/platforms/darwin-arm64/node_modules/@microsoft/visualstudio-projectsystem-server.darwin-arm64\",\"entryPoint\":{\"assemblyPath\":\"/Users/shakiraregalado/.vscode/extensions/ms-dotnettools.csdevkit-1.18.23-darwin-arm64/components/CPS/platforms/darwin-arm64/node_modules/@microsoft/visualstudio-projectsystem-server.darwin-arm64/Microsoft.VisualStudio.ProjectSystem.Server.Implementation.dll\",\"fullClassName\":\"Microsoft.VisualStudio.ProjectSystem.Server.CompositionServiceFactory\",\"scriptPath\":null,\"constructorFunction\":null,\"configPath\":null,\"appBasePath\":null,\"assemblySearchPathsConfig\":null},\"hostGroupAllowed\":null,\"hostGroupId\":null,\"serviceOverride\":null,\"singleDomainLoaderOptimization\":null,\"versionRange\":null,\"enableHotReload\":null,\"friendServices\":null}","__servicehub__RequestedServiceVersion":"0.1"},"ClientCredentials":{},"ClientCulture":"en-US","ClientUICulture":"en-US"}]}
04/13/2025 20:47:05 Philippine Standard Time : Information : CLR host received start request for service 'Microsoft.VisualStudio.ProjectSystem.DebugTargetFrameworkService'
04/13/2025 20:47:05 Philippine Standard Time : Information : hubHostClr read: Content-Length: 2345

{"jsonrpc":"2.0","id":15,"method":"StartServiceAsync","params":[{"name":"Microsoft.VisualStudio.ProjectSystem.DebugTargetFrameworkService","host":"dotnet.projectSystem","hostId":"C94B8CFE-E3FD-4BAF-A941-2866DBB566FE","serviceBaseDirectory":"/Users/shakiraregalado/.vscode/extensions/ms-dotnettools.csdevkit-1.18.23-darwin-arm64/components/dotnet-project-system-vscode/node_modules/@microsoft/vscode.projectsystem.managed/Services","entryPoint":{"assemblyPath":"/Users/shakiraregalado/.vscode/extensions/ms-dotnettools.csdevkit-1.18.23-darwin-arm64/components/dotnet-project-system-vscode/node_modules/@microsoft/vscode.projectsystem.managed/Services/Microsoft.ProjectSystem.Managed.VSCode.Services.dll","fullClassName":"Microsoft.VisualStudio.ProjectSystem.Services.DebugTargetFrameworkServiceFactory"},"friendServices":["Microsoft.VisualStudio.ProjectSystem.CompositionService"]},{"ActivationArguments":{"__servicehub__ServiceHubRemoteServiceBrokerPipeName":"/Users/shakiraregalado/.ServiceHub/58dbfb7b72/17dc3efb23","__servicehub__FriendServiceModuleInfo__Microsoft.VisualStudio.ProjectSystem.CompositionService":"{\"name\":\"Microsoft.VisualStudio.ProjectSystem.CompositionService\",\"host\":\"dotnet.projectSystem\",\"hostId\":\"C94B8CFE-E3FD-4BAF-A941-2866DBB566FE\",\"hostConfiguration\":null,\"serviceBaseDirectory\":\"/Users/shakiraregalado/.vscode/extensions/ms-dotnettools.csdevkit-1.18.23-darwin-arm64/components/CPS/platforms/darwin-arm64/node_modules/@microsoft/visualstudio-projectsystem-server.darwin-arm64\",\"entryPoint\":{\"assemblyPath\":\"/Users/shakiraregalado/.vscode/extensions/ms-dotnettools.csdevkit-1.18.23-darwin-arm64/components/CPS/platforms/darwin-arm64/node_modules/@microsoft/visualstudio-projectsystem-server.darwin-arm64/Microsoft.VisualStudio.ProjectSystem.Server.Implementation.dll\",\"fullClassName\":\"Microsoft.VisualStudio.ProjectSystem.Server.CompositionServiceFactory\",\"scriptPath\":null,\"constructorFunction\":null,\"configPath\":null,\"appBasePath\":null,\"assemblySearchPathsConfig\":null},\"hostGroupAllowed\":null,\"hostGroupId\":null,\"serviceOverride\":null,\"singleDomainLoaderOptimization\":null,\"versionRange\":null,\"enableHotReload\":null,\"friendServices\":null}","__servicehub__RequestedServiceVersion":"0.1"},"ClientCredentials":{},"ClientCulture":"en-US","ClientUICulture":"en-US"}]}
04/13/2025 20:47:05 Philippine Standard Time : Information : Loading service module assembly '/Users/shakiraregalado/.vscode/extensions/ms-dotnettools.csdevkit-1.18.23-darwin-arm64/components/dotnet-project-system-vscode/node_modules/@microsoft/vscode.projectsystem.managed/Services/Microsoft.ProjectSystem.Managed.VSCode.Services.dll' from '/Users/shakiraregalado/.vscode/extensions/ms-dotnettools.csdevkit-1.18.23-darwin-arm64/components/dotnet-project-system-vscode/node_modules/@microsoft/vscode.projectsystem.managed/Services'
04/13/2025 20:47:05 Philippine Standard Time : Information : Starting service module 'Microsoft.VisualStudio.ProjectSystem.DebugTargetFrameworkService'. Class: Microsoft.VisualStudio.ProjectSystem.Services.DebugTargetFrameworkServiceFactory, Supported Version: 
04/13/2025 20:47:05 Philippine Standard Time : Information : Started service 'Microsoft.VisualStudio.ProjectSystem.DebugTargetFrameworkService'. Pipe name: /Users/shakiraregalado/.ServiceHub/58dbfb7b72/ea570297a5, Supported Version: 
04/13/2025 20:47:05 Philippine Standard Time : Information : CLR host received start request for service 'Microsoft.VisualStudio.ProjectSystem.DebugTargetFrameworkService'
04/13/2025 20:47:05 Philippine Standard Time : Information : hubHostClr write: Content-Length: 93

{"jsonrpc":"2.0","id":14,"result":"/Users/shakiraregalado/.ServiceHub/58dbfb7b72/ea570297a5"}
04/13/2025 20:47:05 Philippine Standard Time : Information : Loading service module assembly '/Users/shakiraregalado/.vscode/extensions/ms-dotnettools.csdevkit-1.18.23-darwin-arm64/components/dotnet-project-system-vscode/node_modules/@microsoft/vscode.projectsystem.managed/Services/Microsoft.ProjectSystem.Managed.VSCode.Services.dll' from '/Users/shakiraregalado/.vscode/extensions/ms-dotnettools.csdevkit-1.18.23-darwin-arm64/components/dotnet-project-system-vscode/node_modules/@microsoft/vscode.projectsystem.managed/Services'
04/13/2025 20:47:05 Philippine Standard Time : Information : Starting service module 'Microsoft.VisualStudio.ProjectSystem.DebugTargetFrameworkService'. Class: Microsoft.VisualStudio.ProjectSystem.Services.DebugTargetFrameworkServiceFactory, Supported Version: 
04/13/2025 20:47:05 Philippine Standard Time : Information : Started service 'Microsoft.VisualStudio.ProjectSystem.DebugTargetFrameworkService'. Pipe name: /Users/shakiraregalado/.ServiceHub/58dbfb7b72/e3e745686a, Supported Version: 
04/13/2025 20:47:05 Philippine Standard Time : Information : hubHostClr write: Content-Length: 93

{"jsonrpc":"2.0","id":15,"result":"/Users/shakiraregalado/.ServiceHub/58dbfb7b72/e3e745686a"}
04/13/2025 20:47:05 Philippine Standard Time : Information : A new client connected to CLR service module 'Microsoft.VisualStudio.ProjectSystem.DebugTargetFrameworkService'
04/13/2025 20:47:05 Philippine Standard Time : Information : A new client connected to CLR service module 'Microsoft.VisualStudio.ProjectSystem.DebugTargetFrameworkService'
04/13/2025 20:47:05 Philippine Standard Time : Information : Found FactoryVersion=Version2 for service : Microsoft.VisualStudio.ProjectSystem.DebugTargetFrameworkService.
04/13/2025 20:47:05 Philippine Standard Time : Information : Service 'Microsoft.VisualStudio.ProjectSystem.Services.DebugTargetFrameworkServiceFactory' implements IServiceHubServiceFactory. Creating factory instance and caching it.
04/13/2025 20:47:05 Philippine Standard Time : Information : Found IServiceHubServiceFactory in cache. Creating instance from the factory.
04/13/2025 20:47:05 Philippine Standard Time : Information : Creating service Microsoft.VisualStudio.ProjectSystem.Services.DebugTargetFrameworkServiceFactory from factory with FactoryVersion=Version2 and ClientRequestedVersion=0.1.
04/13/2025 20:47:05 Philippine Standard Time : Information : Creating service Microsoft.VisualStudio.ProjectSystem.Services.DebugTargetFrameworkServiceFactory from factory with FactoryVersion=Version2 and ClientRequestedVersion=0.1.
04/13/2025 20:47:05 Philippine Standard Time : Information : Setting up RPC connection for service 'Microsoft.VisualStudio.ProjectSystem.Services.DebugTargetFrameworkServiceFactory' from factory
04/13/2025 20:47:05 Philippine Standard Time : Information : Setting up RPC connection for service 'Microsoft.VisualStudio.ProjectSystem.Services.DebugTargetFrameworkServiceFactory' from factory
04/13/2025 20:47:05 Philippine Standard Time : Information : Completed RPC connection setup for service 'Microsoft.VisualStudio.ProjectSystem.Services.DebugTargetFrameworkServiceFactory' from factory
04/13/2025 20:47:05 Philippine Standard Time : Information : Completed RPC connection setup for service 'Microsoft.VisualStudio.ProjectSystem.Services.DebugTargetFrameworkServiceFactory' from factory
