04/13/2025 20:47:01 Philippine Standard Time : Information : Local timezone is (UTC+08:00) Philippine Standard Time (Manila)
04/13/2025 20:47:01 Philippine Standard Time : Information : Added local RPC method "Dispose" -> Microsoft.VisualStudio.Maui.Devices.AndroidDeviceManager.Dispose() (Microsoft.VisualStudio.Maui.Devices.AndroidDeviceManager)
04/13/2025 20:47:01 Philippine Standard Time : Information : Added local RPC method "getPreferredAndroidSdkPath" -> Microsoft.VisualStudio.Maui.Devices.AndroidDeviceManager.GetPreferredAndroidSdkPathAsync() (Microsoft.VisualStudio.Maui.Devices.AndroidDeviceManager)
04/13/2025 20:47:01 Philippine Standard Time : Information : Added local RPC method "setPreferredAndroidSdkPath" -> Microsoft.VisualStudio.Maui.Devices.AndroidDeviceManager.SetPreferredAndroidSdkPathAsync(String) (Microsoft.VisualStudio.Maui.Devices.AndroidDeviceManager)
04/13/2025 20:47:01 Philippine Standard Time : Information : Added local RPC method "getPreferredJavaSdkPath" -> Microsoft.VisualStudio.Maui.Devices.AndroidDeviceManager.GetPreferredJavaSdkPathAsync() (Microsoft.VisualStudio.Maui.Devices.AndroidDeviceManager)
04/13/2025 20:47:01 Philippine Standard Time : Information : Added local RPC method "setPreferredJavaSdkPath" -> Microsoft.VisualStudio.Maui.Devices.AndroidDeviceManager.SetPreferredJavaSdkPathAsync(String) (Microsoft.VisualStudio.Maui.Devices.AndroidDeviceManager)
04/13/2025 20:47:01 Philippine Standard Time : Information : Added local RPC method "getDevices" -> Microsoft.VisualStudio.Maui.Devices.AndroidDeviceManager.GetDevicesAsync(CancellationToken) (Microsoft.VisualStudio.Maui.Devices.AndroidDeviceManager)
04/13/2025 20:47:01 Philippine Standard Time : Information : Added local RPC method "startWatching" -> Microsoft.VisualStudio.Maui.Devices.AndroidDeviceManager.StartWatchingAsync(AndroidEnvironment) (Microsoft.VisualStudio.Maui.Devices.AndroidDeviceManager)
04/13/2025 20:47:01 Philippine Standard Time : Information : Added local RPC method "stopWatching" -> Microsoft.VisualStudio.Maui.Devices.AndroidDeviceManager.StopWatchingAsync() (Microsoft.VisualStudio.Maui.Devices.AndroidDeviceManager)
04/13/2025 20:47:01 Philippine Standard Time : Information : Added local RPC method "verify" -> Microsoft.VisualStudio.Maui.Devices.AndroidDeviceManager.VerifyAsync(AndroidEnvironment) (Microsoft.VisualStudio.Maui.Devices.AndroidDeviceManager)
04/13/2025 20:47:01 Philippine Standard Time : Information : Added local RPC method "refreshDevices" -> Microsoft.VisualStudio.Maui.Devices.AndroidDeviceManager.RefreshDevicesAsync(CancellationToken) (Microsoft.VisualStudio.Maui.Devices.AndroidDeviceManager)
04/13/2025 20:47:01 Philippine Standard Time : Information : Added local RPC method "startEmulator" -> Microsoft.VisualStudio.Maui.Devices.AndroidDeviceManager.StartEmulatorAsync(String, Boolean, CancellationToken) (Microsoft.VisualStudio.Maui.Devices.AndroidDeviceManager)
04/13/2025 20:47:01 Philippine Standard Time : Information : Added local RPC method "StopEmulatorAsync" -> Microsoft.VisualStudio.Maui.Devices.AndroidDeviceManager.StopEmulatorAsync(String, CancellationToken) (Microsoft.VisualStudio.Maui.Devices.AndroidDeviceManager)
04/13/2025 20:47:01 Philippine Standard Time : Information : Added local RPC method "getDefaultEmulatorConfiguration" -> Microsoft.VisualStudio.Maui.Devices.AndroidDeviceManager.GetDefaultEmulatorConfigurationAsync(SdkDependencies, CancellationToken) (Microsoft.VisualStudio.Maui.Devices.AndroidDeviceManager)
04/13/2025 20:47:01 Philippine Standard Time : Information : Added local RPC method "createEmulator" -> Microsoft.VisualStudio.Maui.Devices.AndroidDeviceManager.CreateEmulatorAsync(AndroidVirtualDeviceConfiguration, CancellationToken) (Microsoft.VisualStudio.Maui.Devices.AndroidDeviceManager)
04/13/2025 20:47:01 Philippine Standard Time : Information : Added local RPC method "startLogcat" -> Microsoft.VisualStudio.Maui.Devices.AndroidDeviceManager.StartLogcatAsync(String, String, CancellationToken) (Microsoft.VisualStudio.Maui.Devices.AndroidDeviceManager)
04/13/2025 20:47:01 Philippine Standard Time : Information : Added local RPC method "stopLogcat" -> Microsoft.VisualStudio.Maui.Devices.AndroidDeviceManager.StopLogcatAsync(String, CancellationToken) (Microsoft.VisualStudio.Maui.Devices.AndroidDeviceManager)
04/13/2025 20:47:01 Philippine Standard Time : Information : Added local RPC method "LaunchApplicationAsync" -> Microsoft.VisualStudio.Maui.Devices.AndroidDeviceManager.LaunchApplicationAsync(String, String, CancellationToken) (Microsoft.VisualStudio.Maui.Devices.AndroidDeviceManager)
04/13/2025 20:47:01 Philippine Standard Time : Information : Added local RPC method "StopApplicationAsync" -> Microsoft.VisualStudio.Maui.Devices.AndroidDeviceManager.StopApplicationAsync(String, String, CancellationToken) (Microsoft.VisualStudio.Maui.Devices.AndroidDeviceManager)
04/13/2025 20:47:01 Philippine Standard Time : Information : Added local RPC method "reversePort" -> Microsoft.VisualStudio.Maui.Devices.AndroidDeviceManager.ReversePortAsync(String, String, Int32, String, Int32, CancellationToken) (Microsoft.VisualStudio.Maui.Devices.AndroidDeviceManager)
04/13/2025 20:47:01 Philippine Standard Time : Information : Added local RPC method "killReverse" -> Microsoft.VisualStudio.Maui.Devices.AndroidDeviceManager.KillReverseAsync(String, String, Int32, CancellationToken) (Microsoft.VisualStudio.Maui.Devices.AndroidDeviceManager)
04/13/2025 20:47:01 Philippine Standard Time : Information : Added local RPC method "createFile" -> Microsoft.VisualStudio.Maui.Devices.AndroidDeviceManager.CreateFileAsync(String, String, String, CancellationToken) (Microsoft.VisualStudio.Maui.Devices.AndroidDeviceManager)
04/13/2025 20:47:01 Philippine Standard Time : Information : Added local RPC method "StopEmulator" -> Microsoft.VisualStudio.Maui.Devices.AndroidDeviceManager.StopEmulatorAsync(String, CancellationToken) (Microsoft.VisualStudio.Maui.Devices.AndroidDeviceManager)
04/13/2025 20:47:01 Philippine Standard Time : Information : Added local RPC method "LaunchApplication" -> Microsoft.VisualStudio.Maui.Devices.AndroidDeviceManager.LaunchApplicationAsync(String, String, CancellationToken) (Microsoft.VisualStudio.Maui.Devices.AndroidDeviceManager)
04/13/2025 20:47:01 Philippine Standard Time : Information : Added local RPC method "StopApplication" -> Microsoft.VisualStudio.Maui.Devices.AndroidDeviceManager.StopApplicationAsync(String, String, CancellationToken) (Microsoft.VisualStudio.Maui.Devices.AndroidDeviceManager)
04/13/2025 20:47:01 Philippine Standard Time: Information : 2 :Listening for events from Microsoft.VisualStudio.Maui.Devices.AndroidDeviceManager.OnDeviceChanged to raise notification.
04/13/2025 20:47:01 Philippine Standard Time: Information : 2 :Listening for events from Microsoft.VisualStudio.Maui.Devices.AndroidDeviceManager.OnLogcat to raise notification.
04/13/2025 20:47:01 Philippine Standard Time: Information : 3 :Listening started.
