04/13/2025 20:46:58 Philippine Standard Time : Information : Local timezone is (UTC+08:00) Philippine Standard Time (Manila)
04/13/2025 20:46:58 Philippine Standard Time : Information : Service Hub .NET service module host started. Host id: dotnet$C94B8CFE-E3FD-4BAF-A941-2866DBB566FE. Controller pipe: net.pipe://226326EEC4. PID: 22942
04/13/2025 20:46:58 Philippine Standard Time : Information : hubHostClr read: Content-Length: 116

{"jsonrpc":"2.0","id":2,"method":"InitializeHostAsync","params":[{"HostsRootDirectory":".","AppConfigFallback":""}]}
04/13/2025 20:46:58 Philippine Standard Time : Information : hubHostClr write: Content-Length: 79

{"jsonrpc":"2.0","id":2,"result":"dotnet$C94B8CFE-E3FD-4BAF-A941-2866DBB566FE"}
04/13/2025 20:46:59 Philippine Standard Time : Information : hubHostClr read: Content-Length: 1076

{"jsonrpc":"2.0","id":3,"method":"StartServiceAsync","params":[{"name":"Microsoft.VisualStudio.TestWindow.VSCode.Service","host":"dotnet","hostId":"C94B8CFE-E3FD-4BAF-A941-2866DBB566FE","serviceBaseDirectory":"/Users/shakiraregalado/.vscode/extensions/ms-dotnettools.csdevkit-1.18.23-darwin-arm64/components/VSUnitTesting/platforms/darwin-arm64/node_modules/@microsoft/visualstudio-testwindow-vscode-service.darwin-arm64","entryPoint":{"assemblyPath":"/Users/shakiraregalado/.vscode/extensions/ms-dotnettools.csdevkit-1.18.23-darwin-arm64/components/VSUnitTesting/platforms/darwin-arm64/node_modules/@microsoft/visualstudio-testwindow-vscode-service.darwin-arm64/Microsoft.VisualStudio.TestWindow.VSCode.Service.dll","fullClassName":"Microsoft.VisualStudio.TestWindow.VSCode.Service.TestWindowVSCodeServiceFactory"}},{"ActivationArguments":{"__servicehub__ServiceHubRemoteServiceBrokerPipeName":"/Users/shakiraregalado/.ServiceHub/58dbfb7b72/01decf76e3","__servicehub__RequestedServiceVersion":"0.1"},"ClientCredentials":{},"ClientCulture":"en-US","ClientUICulture":"en-US"}]}Content-Length: 875

{"jsonrpc":"2.0","id":4,"method":"StartServiceAsync","params":[{"name":"Microsoft.VisualStudio.Maui.UtilService","host":"dotnet","hostId":"C94B8CFE-E3FD-4BAF-A941-2866DBB566FE","serviceBaseDirectory":"/Users/shakiraregalado/.vscode/extensions/ms-dotnettools.dotnet-maui-1.9.21-darwin-arm64/dist/components/MicrosoftVisualStudioMauiDevices","entryPoint":{"assemblyPath":"/Users/shakiraregalado/.vscode/extensions/ms-dotnettools.dotnet-maui-1.9.21-darwin-arm64/dist/components/MicrosoftVisualStudioMauiDevices/Microsoft.VisualStudio.Maui.Devices.dll","fullClassName":"Microsoft.VisualStudio.Maui.UtilServiceFactory"}},{"ActivationArguments":{"__servicehub__ServiceHubRemoteServiceBrokerPipeName":"/Users/shakiraregalado/.ServiceHub/58dbfb7b72/54917cad0d","__servicehub__RequestedServiceVersion":"0.1"},"ClientCredentials":{},"ClientCulture":"en-US","ClientUICulture":"en-US"}]}
04/13/2025 20:46:59 Philippine Standard Time : Information : CLR host received start request for service 'Microsoft.VisualStudio.TestWindow.VSCode.Service'
04/13/2025 20:46:59 Philippine Standard Time : Information : Loading service module assembly '/Users/shakiraregalado/.vscode/extensions/ms-dotnettools.csdevkit-1.18.23-darwin-arm64/components/VSUnitTesting/platforms/darwin-arm64/node_modules/@microsoft/visualstudio-testwindow-vscode-service.darwin-arm64/Microsoft.VisualStudio.TestWindow.VSCode.Service.dll' from '/Users/shakiraregalado/.vscode/extensions/ms-dotnettools.csdevkit-1.18.23-darwin-arm64/components/VSUnitTesting/platforms/darwin-arm64/node_modules/@microsoft/visualstudio-testwindow-vscode-service.darwin-arm64'
04/13/2025 20:46:59 Philippine Standard Time : Information : Starting service module 'Microsoft.VisualStudio.TestWindow.VSCode.Service'. Class: Microsoft.VisualStudio.TestWindow.VSCode.Service.TestWindowVSCodeServiceFactory, Supported Version: 
04/13/2025 20:46:59 Philippine Standard Time : Information : Started service 'Microsoft.VisualStudio.TestWindow.VSCode.Service'. Pipe name: /Users/shakiraregalado/.ServiceHub/58dbfb7b72/f399cc4ca5, Supported Version: 
04/13/2025 20:46:59 Philippine Standard Time : Information : CLR host received start request for service 'Microsoft.VisualStudio.Maui.UtilService'
04/13/2025 20:46:59 Philippine Standard Time : Information : Loading service module assembly '/Users/shakiraregalado/.vscode/extensions/ms-dotnettools.dotnet-maui-1.9.21-darwin-arm64/dist/components/MicrosoftVisualStudioMauiDevices/Microsoft.VisualStudio.Maui.Devices.dll' from '/Users/shakiraregalado/.vscode/extensions/ms-dotnettools.dotnet-maui-1.9.21-darwin-arm64/dist/components/MicrosoftVisualStudioMauiDevices'
04/13/2025 20:46:59 Philippine Standard Time : Information : Starting service module 'Microsoft.VisualStudio.Maui.UtilService'. Class: Microsoft.VisualStudio.Maui.UtilServiceFactory, Supported Version: 
04/13/2025 20:46:59 Philippine Standard Time : Information : Started service 'Microsoft.VisualStudio.Maui.UtilService'. Pipe name: /Users/shakiraregalado/.ServiceHub/58dbfb7b72/4c8f21c01a, Supported Version: 
04/13/2025 20:46:59 Philippine Standard Time : Information : hubHostClr write: Content-Length: 92

{"jsonrpc":"2.0","id":3,"result":"/Users/shakiraregalado/.ServiceHub/58dbfb7b72/f399cc4ca5"}Content-Length: 92

{"jsonrpc":"2.0","id":4,"result":"/Users/shakiraregalado/.ServiceHub/58dbfb7b72/4c8f21c01a"}
04/13/2025 20:46:59 Philippine Standard Time : Information : A new client connected to CLR service module 'Microsoft.VisualStudio.Maui.UtilService'
04/13/2025 20:46:59 Philippine Standard Time : Information : A new client connected to CLR service module 'Microsoft.VisualStudio.TestWindow.VSCode.Service'
04/13/2025 20:46:59 Philippine Standard Time : Information : Found FactoryVersion=Version2 for service : Microsoft.VisualStudio.TestWindow.VSCode.Service.
04/13/2025 20:46:59 Philippine Standard Time : Information : Service 'Microsoft.VisualStudio.TestWindow.VSCode.Service.TestWindowVSCodeServiceFactory' implements IServiceHubServiceFactory. Creating factory instance and caching it.
04/13/2025 20:46:59 Philippine Standard Time : Information : Found FactoryVersion=Version2 for service : Microsoft.VisualStudio.Maui.UtilService.
04/13/2025 20:46:59 Philippine Standard Time : Information : Service 'Microsoft.VisualStudio.Maui.UtilServiceFactory' implements IServiceHubServiceFactory. Creating factory instance and caching it.
04/13/2025 20:46:59 Philippine Standard Time : Information : hubHostClr write: Content-Length: 110

{"jsonrpc":"2.0","method":"HostServicesStartedAsync","params":["dotnet$C94B8CFE-E3FD-4BAF-A941-2866DBB566FE"]}
04/13/2025 20:46:59 Philippine Standard Time : Information : Creating service Microsoft.VisualStudio.TestWindow.VSCode.Service.TestWindowVSCodeServiceFactory from factory with FactoryVersion=Version2 and ClientRequestedVersion=0.1.
04/13/2025 20:46:59 Philippine Standard Time : Information : Setting up RPC connection for service 'Microsoft.VisualStudio.TestWindow.VSCode.Service.TestWindowVSCodeServiceFactory' from factory
04/13/2025 20:46:59 Philippine Standard Time : Information : Creating service Microsoft.VisualStudio.Maui.UtilServiceFactory from factory with FactoryVersion=Version2 and ClientRequestedVersion=0.1.
04/13/2025 20:46:59 Philippine Standard Time : Information : Setting up RPC connection for service 'Microsoft.VisualStudio.Maui.UtilServiceFactory' from factory
04/13/2025 20:46:59 Philippine Standard Time : Information : Completed RPC connection setup for service 'Microsoft.VisualStudio.Maui.UtilServiceFactory' from factory
04/13/2025 20:46:59 Philippine Standard Time : Information : Completed RPC connection setup for service 'Microsoft.VisualStudio.TestWindow.VSCode.Service.TestWindowVSCodeServiceFactory' from factory
04/13/2025 20:47:01 Philippine Standard Time : Information : hubHostClr read: Content-Length: 909

{"jsonrpc":"2.0","id":5,"method":"StartServiceAsync","params":[{"name":"Microsoft.VisualStudio.Maui.Devices.AndroidDeviceManager","host":"dotnet","hostId":"C94B8CFE-E3FD-4BAF-A941-2866DBB566FE","serviceBaseDirectory":"/Users/shakiraregalado/.vscode/extensions/ms-dotnettools.dotnet-maui-1.9.21-darwin-arm64/dist/components/MicrosoftVisualStudioMauiDevices","entryPoint":{"assemblyPath":"/Users/shakiraregalado/.vscode/extensions/ms-dotnettools.dotnet-maui-1.9.21-darwin-arm64/dist/components/MicrosoftVisualStudioMauiDevices/Microsoft.VisualStudio.Maui.Devices.dll","fullClassName":"Microsoft.VisualStudio.Maui.Devices.AndroidDeviceManagerFactory"}},{"ActivationArguments":{"__servicehub__ServiceHubRemoteServiceBrokerPipeName":"/Users/shakiraregalado/.ServiceHub/58dbfb7b72/2f046989d7","__servicehub__RequestedServiceVersion":"0.1"},"ClientCredentials":{},"ClientCulture":"en-US","ClientUICulture":"en-US"}]}
04/13/2025 20:47:01 Philippine Standard Time : Information : CLR host received start request for service 'Microsoft.VisualStudio.Maui.Devices.AndroidDeviceManager'
04/13/2025 20:47:01 Philippine Standard Time : Information : Loading service module assembly '/Users/shakiraregalado/.vscode/extensions/ms-dotnettools.dotnet-maui-1.9.21-darwin-arm64/dist/components/MicrosoftVisualStudioMauiDevices/Microsoft.VisualStudio.Maui.Devices.dll' from '/Users/shakiraregalado/.vscode/extensions/ms-dotnettools.dotnet-maui-1.9.21-darwin-arm64/dist/components/MicrosoftVisualStudioMauiDevices'
04/13/2025 20:47:01 Philippine Standard Time : Information : Starting service module 'Microsoft.VisualStudio.Maui.Devices.AndroidDeviceManager'. Class: Microsoft.VisualStudio.Maui.Devices.AndroidDeviceManagerFactory, Supported Version: 
04/13/2025 20:47:01 Philippine Standard Time : Information : Started service 'Microsoft.VisualStudio.Maui.Devices.AndroidDeviceManager'. Pipe name: /Users/shakiraregalado/.ServiceHub/58dbfb7b72/61481e5843, Supported Version: 
04/13/2025 20:47:01 Philippine Standard Time : Information : hubHostClr write: Content-Length: 92

{"jsonrpc":"2.0","id":5,"result":"/Users/shakiraregalado/.ServiceHub/58dbfb7b72/61481e5843"}
04/13/2025 20:47:01 Philippine Standard Time : Information : A new client connected to CLR service module 'Microsoft.VisualStudio.Maui.Devices.AndroidDeviceManager'
04/13/2025 20:47:01 Philippine Standard Time : Information : Found FactoryVersion=Version2 for service : Microsoft.VisualStudio.Maui.Devices.AndroidDeviceManager.
04/13/2025 20:47:01 Philippine Standard Time : Information : Service 'Microsoft.VisualStudio.Maui.Devices.AndroidDeviceManagerFactory' implements IServiceHubServiceFactory. Creating factory instance and caching it.
04/13/2025 20:47:01 Philippine Standard Time : Information : Creating service Microsoft.VisualStudio.Maui.Devices.AndroidDeviceManagerFactory from factory with FactoryVersion=Version2 and ClientRequestedVersion=0.1.
04/13/2025 20:47:01 Philippine Standard Time : Information : Setting up RPC connection for service 'Microsoft.VisualStudio.Maui.Devices.AndroidDeviceManagerFactory' from factory
04/13/2025 20:47:01 Philippine Standard Time : Information : hubHostClr read: Content-Length: 905

{"jsonrpc":"2.0","id":6,"method":"StartServiceAsync","params":[{"name":"Microsoft.VisualStudio.Maui.Devices.AppleDeviceManager","host":"dotnet","hostId":"C94B8CFE-E3FD-4BAF-A941-2866DBB566FE","serviceBaseDirectory":"/Users/shakiraregalado/.vscode/extensions/ms-dotnettools.dotnet-maui-1.9.21-darwin-arm64/dist/components/MicrosoftVisualStudioMauiDevices","entryPoint":{"assemblyPath":"/Users/shakiraregalado/.vscode/extensions/ms-dotnettools.dotnet-maui-1.9.21-darwin-arm64/dist/components/MicrosoftVisualStudioMauiDevices/Microsoft.VisualStudio.Maui.Devices.dll","fullClassName":"Microsoft.VisualStudio.Maui.Devices.AppleDeviceManagerFactory"}},{"ActivationArguments":{"__servicehub__ServiceHubRemoteServiceBrokerPipeName":"/Users/shakiraregalado/.ServiceHub/58dbfb7b72/8eb5ffb0cb","__servicehub__RequestedServiceVersion":"0.1"},"ClientCredentials":{},"ClientCulture":"en-US","ClientUICulture":"en-US"}]}
04/13/2025 20:47:01 Philippine Standard Time : Information : CLR host received start request for service 'Microsoft.VisualStudio.Maui.Devices.AppleDeviceManager'
04/13/2025 20:47:01 Philippine Standard Time : Information : Loading service module assembly '/Users/shakiraregalado/.vscode/extensions/ms-dotnettools.dotnet-maui-1.9.21-darwin-arm64/dist/components/MicrosoftVisualStudioMauiDevices/Microsoft.VisualStudio.Maui.Devices.dll' from '/Users/shakiraregalado/.vscode/extensions/ms-dotnettools.dotnet-maui-1.9.21-darwin-arm64/dist/components/MicrosoftVisualStudioMauiDevices'
04/13/2025 20:47:01 Philippine Standard Time : Information : Starting service module 'Microsoft.VisualStudio.Maui.Devices.AppleDeviceManager'. Class: Microsoft.VisualStudio.Maui.Devices.AppleDeviceManagerFactory, Supported Version: 
04/13/2025 20:47:01 Philippine Standard Time : Information : Started service 'Microsoft.VisualStudio.Maui.Devices.AppleDeviceManager'. Pipe name: /Users/shakiraregalado/.ServiceHub/58dbfb7b72/385b3aaae5, Supported Version: 
04/13/2025 20:47:01 Philippine Standard Time : Information : hubHostClr write: Content-Length: 92

{"jsonrpc":"2.0","id":6,"result":"/Users/shakiraregalado/.ServiceHub/58dbfb7b72/385b3aaae5"}
04/13/2025 20:47:01 Philippine Standard Time : Information : A new client connected to CLR service module 'Microsoft.VisualStudio.Maui.Devices.AppleDeviceManager'
04/13/2025 20:47:01 Philippine Standard Time : Information : Found FactoryVersion=Version2 for service : Microsoft.VisualStudio.Maui.Devices.AppleDeviceManager.
04/13/2025 20:47:01 Philippine Standard Time : Information : Service 'Microsoft.VisualStudio.Maui.Devices.AppleDeviceManagerFactory' implements IServiceHubServiceFactory. Creating factory instance and caching it.
04/13/2025 20:47:01 Philippine Standard Time : Information : Completed RPC connection setup for service 'Microsoft.VisualStudio.Maui.Devices.AndroidDeviceManagerFactory' from factory
04/13/2025 20:47:01 Philippine Standard Time : Information : Creating service Microsoft.VisualStudio.Maui.Devices.AppleDeviceManagerFactory from factory with FactoryVersion=Version2 and ClientRequestedVersion=0.1.
04/13/2025 20:47:01 Philippine Standard Time : Information : Setting up RPC connection for service 'Microsoft.VisualStudio.Maui.Devices.AppleDeviceManagerFactory' from factory
04/13/2025 20:47:01 Philippine Standard Time : Information : hubHostClr read: Content-Length: 933

{"jsonrpc":"2.0","id":7,"method":"StartServiceAsync","params":[{"name":"Microsoft.VisualStudio.Maui.ProjectSystem.PropertiesMonitor","host":"dotnet","hostId":"C94B8CFE-E3FD-4BAF-A941-2866DBB566FE","serviceBaseDirectory":"/Users/shakiraregalado/.vscode/extensions/ms-dotnettools.dotnet-maui-1.9.21-darwin-arm64/dist/components/MicrosoftVisualStudioMauiProjectSystem","entryPoint":{"assemblyPath":"/Users/shakiraregalado/.vscode/extensions/ms-dotnettools.dotnet-maui-1.9.21-darwin-arm64/dist/components/MicrosoftVisualStudioMauiProjectSystem/Microsoft.VisualStudio.Maui.ProjectSystem.dll","fullClassName":"Microsoft.VisualStudio.Maui.ProjectSystem.PropertiesMonitorFactory"}},{"ActivationArguments":{"__servicehub__ServiceHubRemoteServiceBrokerPipeName":"/Users/shakiraregalado/.ServiceHub/58dbfb7b72/78d304a855","__servicehub__RequestedServiceVersion":"0.1"},"ClientCredentials":{},"ClientCulture":"en-US","ClientUICulture":"en-US"}]}
04/13/2025 20:47:01 Philippine Standard Time : Information : CLR host received start request for service 'Microsoft.VisualStudio.Maui.ProjectSystem.PropertiesMonitor'
04/13/2025 20:47:01 Philippine Standard Time : Information : Loading service module assembly '/Users/shakiraregalado/.vscode/extensions/ms-dotnettools.dotnet-maui-1.9.21-darwin-arm64/dist/components/MicrosoftVisualStudioMauiProjectSystem/Microsoft.VisualStudio.Maui.ProjectSystem.dll' from '/Users/shakiraregalado/.vscode/extensions/ms-dotnettools.dotnet-maui-1.9.21-darwin-arm64/dist/components/MicrosoftVisualStudioMauiProjectSystem'
04/13/2025 20:47:01 Philippine Standard Time : Information : Starting service module 'Microsoft.VisualStudio.Maui.ProjectSystem.PropertiesMonitor'. Class: Microsoft.VisualStudio.Maui.ProjectSystem.PropertiesMonitorFactory, Supported Version: 
04/13/2025 20:47:01 Philippine Standard Time : Information : Started service 'Microsoft.VisualStudio.Maui.ProjectSystem.PropertiesMonitor'. Pipe name: /Users/shakiraregalado/.ServiceHub/58dbfb7b72/919e1e8c69, Supported Version: 
04/13/2025 20:47:01 Philippine Standard Time : Information : hubHostClr write: Content-Length: 92

{"jsonrpc":"2.0","id":7,"result":"/Users/shakiraregalado/.ServiceHub/58dbfb7b72/919e1e8c69"}
04/13/2025 20:47:01 Philippine Standard Time : Information : A new client connected to CLR service module 'Microsoft.VisualStudio.Maui.ProjectSystem.PropertiesMonitor'
04/13/2025 20:47:01 Philippine Standard Time : Information : Found FactoryVersion=Version2 for service : Microsoft.VisualStudio.Maui.ProjectSystem.PropertiesMonitor.
04/13/2025 20:47:01 Philippine Standard Time : Information : Service 'Microsoft.VisualStudio.Maui.ProjectSystem.PropertiesMonitorFactory' implements IServiceHubServiceFactory. Creating factory instance and caching it.
04/13/2025 20:47:01 Philippine Standard Time : Information : hubHostClr read: Content-Length: 955

{"jsonrpc":"2.0","id":8,"method":"StartServiceAsync","params":[{"name":"Microsoft.VisualStudio.Maui.ProjectSystem.MauiLaunchInformationService","host":"dotnet","hostId":"C94B8CFE-E3FD-4BAF-A941-2866DBB566FE","serviceBaseDirectory":"/Users/shakiraregalado/.vscode/extensions/ms-dotnettools.dotnet-maui-1.9.21-darwin-arm64/dist/components/MicrosoftVisualStudioMauiProjectSystem","entryPoint":{"assemblyPath":"/Users/shakiraregalado/.vscode/extensions/ms-dotnettools.dotnet-maui-1.9.21-darwin-arm64/dist/components/MicrosoftVisualStudioMauiProjectSystem/Microsoft.VisualStudio.Maui.ProjectSystem.dll","fullClassName":"Microsoft.VisualStudio.Maui.ProjectSystem.MauiLaunchInformationServiceFactory"}},{"ActivationArguments":{"__servicehub__ServiceHubRemoteServiceBrokerPipeName":"/Users/shakiraregalado/.ServiceHub/58dbfb7b72/4e63d5cd01","__servicehub__RequestedServiceVersion":"0.1"},"ClientCredentials":{},"ClientCulture":"en-US","ClientUICulture":"en-US"}]}
04/13/2025 20:47:01 Philippine Standard Time : Information : CLR host received start request for service 'Microsoft.VisualStudio.Maui.ProjectSystem.MauiLaunchInformationService'
04/13/2025 20:47:01 Philippine Standard Time : Information : Loading service module assembly '/Users/shakiraregalado/.vscode/extensions/ms-dotnettools.dotnet-maui-1.9.21-darwin-arm64/dist/components/MicrosoftVisualStudioMauiProjectSystem/Microsoft.VisualStudio.Maui.ProjectSystem.dll' from '/Users/shakiraregalado/.vscode/extensions/ms-dotnettools.dotnet-maui-1.9.21-darwin-arm64/dist/components/MicrosoftVisualStudioMauiProjectSystem'
04/13/2025 20:47:01 Philippine Standard Time : Information : Creating service Microsoft.VisualStudio.Maui.ProjectSystem.PropertiesMonitorFactory from factory with FactoryVersion=Version2 and ClientRequestedVersion=0.1.
04/13/2025 20:47:01 Philippine Standard Time : Information : Starting service module 'Microsoft.VisualStudio.Maui.ProjectSystem.MauiLaunchInformationService'. Class: Microsoft.VisualStudio.Maui.ProjectSystem.MauiLaunchInformationServiceFactory, Supported Version: 
04/13/2025 20:47:01 Philippine Standard Time : Information : Started service 'Microsoft.VisualStudio.Maui.ProjectSystem.MauiLaunchInformationService'. Pipe name: /Users/shakiraregalado/.ServiceHub/58dbfb7b72/8a09cde565, Supported Version: 
04/13/2025 20:47:01 Philippine Standard Time : Information : hubHostClr write: Content-Length: 92

{"jsonrpc":"2.0","id":8,"result":"/Users/shakiraregalado/.ServiceHub/58dbfb7b72/8a09cde565"}
04/13/2025 20:47:01 Philippine Standard Time : Information : Setting up RPC connection for service 'Microsoft.VisualStudio.Maui.ProjectSystem.PropertiesMonitorFactory' from factory
04/13/2025 20:47:01 Philippine Standard Time : Information : A new client connected to CLR service module 'Microsoft.VisualStudio.Maui.ProjectSystem.MauiLaunchInformationService'
04/13/2025 20:47:01 Philippine Standard Time : Information : Found FactoryVersion=Version2 for service : Microsoft.VisualStudio.Maui.ProjectSystem.MauiLaunchInformationService.
04/13/2025 20:47:01 Philippine Standard Time : Information : Service 'Microsoft.VisualStudio.Maui.ProjectSystem.MauiLaunchInformationServiceFactory' implements IServiceHubServiceFactory. Creating factory instance and caching it.
04/13/2025 20:47:01 Philippine Standard Time : Information : Creating service Microsoft.VisualStudio.Maui.ProjectSystem.MauiLaunchInformationServiceFactory from factory with FactoryVersion=Version2 and ClientRequestedVersion=0.1.
04/13/2025 20:47:01 Philippine Standard Time : Information : Setting up RPC connection for service 'Microsoft.VisualStudio.Maui.ProjectSystem.MauiLaunchInformationServiceFactory' from factory
04/13/2025 20:47:01 Philippine Standard Time : Information : Completed RPC connection setup for service 'Microsoft.VisualStudio.Maui.Devices.AppleDeviceManagerFactory' from factory
04/13/2025 20:47:01 Philippine Standard Time : Information : Completed RPC connection setup for service 'Microsoft.VisualStudio.Maui.ProjectSystem.MauiLaunchInformationServiceFactory' from factory
04/13/2025 20:47:01 Philippine Standard Time : Information : Completed RPC connection setup for service 'Microsoft.VisualStudio.Maui.ProjectSystem.PropertiesMonitorFactory' from factory
04/13/2025 20:47:02 Philippine Standard Time : Information : hubHostClr read: Content-Length: 1125

{"jsonrpc":"2.0","id":9,"method":"StartServiceAsync","params":[{"name":"Microsoft.VisualStudio.TestWindow.VSCode.ProjectSystemProvider.Service","host":"dotnet","hostId":"C94B8CFE-E3FD-4BAF-A941-2866DBB566FE","serviceBaseDirectory":"/Users/shakiraregalado/.vscode/extensions/ms-dotnettools.csdevkit-1.18.23-darwin-arm64/components/VSUnitTesting/platforms/darwin-arm64/node_modules/@microsoft/visualstudio-testwindow-vscode-service.darwin-arm64","entryPoint":{"assemblyPath":"/Users/shakiraregalado/.vscode/extensions/ms-dotnettools.csdevkit-1.18.23-darwin-arm64/components/VSUnitTesting/platforms/darwin-arm64/node_modules/@microsoft/visualstudio-testwindow-vscode-service.darwin-arm64/Microsoft.VisualStudio.TestWindow.VSCode.Service.dll","fullClassName":"Microsoft.VisualStudio.TestWindow.VSCode.ProjectSystemProvider.Service.ProjectSystemProviderServiceFactory"}},{"ActivationArguments":{"__servicehub__ServiceHubRemoteServiceBrokerPipeName":"/Users/shakiraregalado/.ServiceHub/58dbfb7b72/c3e2b524c1","__servicehub__RequestedServiceVersion":"0.1"},"ClientCredentials":{},"ClientCulture":"en-US","ClientUICulture":"en-US"}]}
04/13/2025 20:47:02 Philippine Standard Time : Information : CLR host received start request for service 'Microsoft.VisualStudio.TestWindow.VSCode.ProjectSystemProvider.Service'
04/13/2025 20:47:02 Philippine Standard Time : Information : Loading service module assembly '/Users/shakiraregalado/.vscode/extensions/ms-dotnettools.csdevkit-1.18.23-darwin-arm64/components/VSUnitTesting/platforms/darwin-arm64/node_modules/@microsoft/visualstudio-testwindow-vscode-service.darwin-arm64/Microsoft.VisualStudio.TestWindow.VSCode.Service.dll' from '/Users/shakiraregalado/.vscode/extensions/ms-dotnettools.csdevkit-1.18.23-darwin-arm64/components/VSUnitTesting/platforms/darwin-arm64/node_modules/@microsoft/visualstudio-testwindow-vscode-service.darwin-arm64'
04/13/2025 20:47:02 Philippine Standard Time : Information : Starting service module 'Microsoft.VisualStudio.TestWindow.VSCode.ProjectSystemProvider.Service'. Class: Microsoft.VisualStudio.TestWindow.VSCode.ProjectSystemProvider.Service.ProjectSystemProviderServiceFactory, Supported Version: 
04/13/2025 20:47:02 Philippine Standard Time : Information : Started service 'Microsoft.VisualStudio.TestWindow.VSCode.ProjectSystemProvider.Service'. Pipe name: /Users/shakiraregalado/.ServiceHub/58dbfb7b72/6fb5806139, Supported Version: 
04/13/2025 20:47:02 Philippine Standard Time : Information : hubHostClr write: Content-Length: 92

{"jsonrpc":"2.0","id":9,"result":"/Users/shakiraregalado/.ServiceHub/58dbfb7b72/6fb5806139"}
04/13/2025 20:47:02 Philippine Standard Time : Information : A new client connected to CLR service module 'Microsoft.VisualStudio.TestWindow.VSCode.ProjectSystemProvider.Service'
04/13/2025 20:47:02 Philippine Standard Time : Information : Found FactoryVersion=Version2 for service : Microsoft.VisualStudio.TestWindow.VSCode.ProjectSystemProvider.Service.
04/13/2025 20:47:02 Philippine Standard Time : Information : Service 'Microsoft.VisualStudio.TestWindow.VSCode.ProjectSystemProvider.Service.ProjectSystemProviderServiceFactory' implements IServiceHubServiceFactory. Creating factory instance and caching it.
04/13/2025 20:47:02 Philippine Standard Time : Information : Creating service Microsoft.VisualStudio.TestWindow.VSCode.ProjectSystemProvider.Service.ProjectSystemProviderServiceFactory from factory with FactoryVersion=Version2 and ClientRequestedVersion=0.1.
04/13/2025 20:47:02 Philippine Standard Time : Information : Setting up RPC connection for service 'Microsoft.VisualStudio.TestWindow.VSCode.ProjectSystemProvider.Service.ProjectSystemProviderServiceFactory' from factory
04/13/2025 20:47:02 Philippine Standard Time : Information : Completed RPC connection setup for service 'Microsoft.VisualStudio.TestWindow.VSCode.ProjectSystemProvider.Service.ProjectSystemProviderServiceFactory' from factory
04/13/2025 20:47:03 Philippine Standard Time : Information : hubHostClr read: Content-Length: 956

{"jsonrpc":"2.0","id":10,"method":"StartServiceAsync","params":[{"name":"Microsoft.VisualStudio.Maui.ProjectSystem.MauiLaunchInformationService","host":"dotnet","hostId":"C94B8CFE-E3FD-4BAF-A941-2866DBB566FE","serviceBaseDirectory":"/Users/shakiraregalado/.vscode/extensions/ms-dotnettools.dotnet-maui-1.9.21-darwin-arm64/dist/components/MicrosoftVisualStudioMauiProjectSystem","entryPoint":{"assemblyPath":"/Users/shakiraregalado/.vscode/extensions/ms-dotnettools.dotnet-maui-1.9.21-darwin-arm64/dist/components/MicrosoftVisualStudioMauiProjectSystem/Microsoft.VisualStudio.Maui.ProjectSystem.dll","fullClassName":"Microsoft.VisualStudio.Maui.ProjectSystem.MauiLaunchInformationServiceFactory"}},{"ActivationArguments":{"__servicehub__ServiceHubRemoteServiceBrokerPipeName":"/Users/shakiraregalado/.ServiceHub/58dbfb7b72/21d488e952","__servicehub__RequestedServiceVersion":"0.1"},"ClientCredentials":{},"ClientCulture":"en-US","ClientUICulture":"en-US"}]}
04/13/2025 20:47:03 Philippine Standard Time : Information : CLR host received start request for service 'Microsoft.VisualStudio.Maui.ProjectSystem.MauiLaunchInformationService'
04/13/2025 20:47:03 Philippine Standard Time : Information : Loading service module assembly '/Users/shakiraregalado/.vscode/extensions/ms-dotnettools.dotnet-maui-1.9.21-darwin-arm64/dist/components/MicrosoftVisualStudioMauiProjectSystem/Microsoft.VisualStudio.Maui.ProjectSystem.dll' from '/Users/shakiraregalado/.vscode/extensions/ms-dotnettools.dotnet-maui-1.9.21-darwin-arm64/dist/components/MicrosoftVisualStudioMauiProjectSystem'
04/13/2025 20:47:03 Philippine Standard Time : Information : Starting service module 'Microsoft.VisualStudio.Maui.ProjectSystem.MauiLaunchInformationService'. Class: Microsoft.VisualStudio.Maui.ProjectSystem.MauiLaunchInformationServiceFactory, Supported Version: 
04/13/2025 20:47:03 Philippine Standard Time : Information : Started service 'Microsoft.VisualStudio.Maui.ProjectSystem.MauiLaunchInformationService'. Pipe name: /Users/shakiraregalado/.ServiceHub/58dbfb7b72/c2459c9c8e, Supported Version: 
04/13/2025 20:47:03 Philippine Standard Time : Information : hubHostClr write: Content-Length: 93

{"jsonrpc":"2.0","id":10,"result":"/Users/shakiraregalado/.ServiceHub/58dbfb7b72/c2459c9c8e"}
04/13/2025 20:47:03 Philippine Standard Time : Information : A new client connected to CLR service module 'Microsoft.VisualStudio.Maui.ProjectSystem.MauiLaunchInformationService'
04/13/2025 20:47:03 Philippine Standard Time : Information : Found IServiceHubServiceFactory in cache. Creating instance from the factory.
04/13/2025 20:47:03 Philippine Standard Time : Information : Creating service Microsoft.VisualStudio.Maui.ProjectSystem.MauiLaunchInformationServiceFactory from factory with FactoryVersion=Version2 and ClientRequestedVersion=0.1.
04/13/2025 20:47:03 Philippine Standard Time : Information : Setting up RPC connection for service 'Microsoft.VisualStudio.Maui.ProjectSystem.MauiLaunchInformationServiceFactory' from factory
04/13/2025 20:47:03 Philippine Standard Time : Information : Completed RPC connection setup for service 'Microsoft.VisualStudio.Maui.ProjectSystem.MauiLaunchInformationServiceFactory' from factory
