04/13/2025 20:46:59 Philippine Standard Time : Information : Local timezone is (UTC+08:00) Philippine Standard Time (Manila)
04/13/2025 20:46:59 Philippine Standard Time : Information : Added local RPC method "getPipe" -> Microsoft.VisualStudio.Utilities.ServiceBroker.GlobalBrokeredServiceContainer+View.GetPipeAsync(ServiceMoniker, ServiceActivationOptions, CancellationToken) (Microsoft.VisualStudio.Utilities.ServiceBroker.GlobalBrokeredServiceContainer+View)
04/13/2025 20:46:59 Philippine Standard Time : Information : Added local RPC method "getProxy" -> Microsoft.VisualStudio.Utilities.ServiceBroker.GlobalBrokeredServiceContainer+View.GetProxyAsync(ServiceRpcDescriptor, ServiceActivationOptions, CancellationToken) (Microsoft.VisualStudio.Utilities.ServiceBroker.GlobalBrokeredServiceContainer+View)
04/13/2025 20:46:59 Philippine Standard Time : Information : Added local RPC method "handshake" -> Microsoft.VisualStudio.Utilities.ServiceBroker.GlobalBrokeredServiceContainer+View.HandshakeAsync(ServiceBrokerClientMetadata, CancellationToken) (Microsoft.VisualStudio.Utilities.ServiceBroker.GlobalBrokeredServiceContainer+View)
04/13/2025 20:46:59 Philippine Standard Time : Information : Added local RPC method "requestServiceChannel" -> Microsoft.VisualStudio.Utilities.ServiceBroker.GlobalBrokeredServiceContainer+View.RequestServiceChannelAsync(ServiceMoniker, ServiceActivationOptions, CancellationToken) (Microsoft.VisualStudio.Utilities.ServiceBroker.GlobalBrokeredServiceContainer+View)
04/13/2025 20:46:59 Philippine Standard Time : Information : Added local RPC method "cancelServiceRequest" -> Microsoft.VisualStudio.Utilities.ServiceBroker.GlobalBrokeredServiceContainer+View.CancelServiceRequestAsync(Guid) (Microsoft.VisualStudio.Utilities.ServiceBroker.GlobalBrokeredServiceContainer+View)
04/13/2025 20:46:59 Philippine Standard Time : Information : Added local RPC method "getPipe" -> Microsoft.VisualStudio.Utilities.ServiceBroker.GlobalBrokeredServiceContainer+View.GetPipeAsync(ServiceMoniker, ServiceActivationOptions, CancellationToken) (Microsoft.VisualStudio.Utilities.ServiceBroker.GlobalBrokeredServiceContainer+View)
04/13/2025 20:46:59 Philippine Standard Time : Information : Added local RPC method "getProxy" -> Microsoft.VisualStudio.Utilities.ServiceBroker.GlobalBrokeredServiceContainer+View.GetProxyAsync(ServiceRpcDescriptor, ServiceActivationOptions, CancellationToken) (Microsoft.VisualStudio.Utilities.ServiceBroker.GlobalBrokeredServiceContainer+View)
04/13/2025 20:46:59 Philippine Standard Time : Information : Added local RPC method "handshake" -> Microsoft.VisualStudio.Utilities.ServiceBroker.GlobalBrokeredServiceContainer+View.HandshakeAsync(ServiceBrokerClientMetadata, CancellationToken) (Microsoft.VisualStudio.Utilities.ServiceBroker.GlobalBrokeredServiceContainer+View)
04/13/2025 20:46:59 Philippine Standard Time : Information : Added local RPC method "requestServiceChannel" -> Microsoft.VisualStudio.Utilities.ServiceBroker.GlobalBrokeredServiceContainer+View.RequestServiceChannelAsync(ServiceMoniker, ServiceActivationOptions, CancellationToken) (Microsoft.VisualStudio.Utilities.ServiceBroker.GlobalBrokeredServiceContainer+View)
04/13/2025 20:46:59 Philippine Standard Time : Information : Added local RPC method "cancelServiceRequest" -> Microsoft.VisualStudio.Utilities.ServiceBroker.GlobalBrokeredServiceContainer+View.CancelServiceRequestAsync(Guid) (Microsoft.VisualStudio.Utilities.ServiceBroker.GlobalBrokeredServiceContainer+View)
04/13/2025 20:46:59 Philippine Standard Time: Information : 2 :Listening for events from Microsoft.VisualStudio.Utilities.ServiceBroker.GlobalBrokeredServiceContainer+View.AvailabilityChanged to raise notification.
04/13/2025 20:46:59 Philippine Standard Time: Information : 3 :Listening started.
04/13/2025 20:46:59 Philippine Standard Time: Information : 7 :{"id":2,"method":"handshake"}
04/13/2025 20:46:59 Philippine Standard Time: Information : 6 :Received request "2" for method "handshake".
04/13/2025 20:46:59 Philippine Standard Time: Information : 9 :Invoking Microsoft.VisualStudio.Utilities.ServiceBroker.GlobalBrokeredServiceContainer+View.HandshakeAsync(ServiceBrokerClientMetadata, CancellationToken)
04/13/2025 20:46:59 Philippine Standard Time : Start : handshake
04/13/2025 20:46:59 Philippine Standard Time : Stop : handshake
04/13/2025 20:46:59 Philippine Standard Time: Information : 8 :{"id":2}
04/13/2025 20:46:59 Philippine Standard Time: Information : 7 :{"id":3,"method":"requestServiceChannel"}
04/13/2025 20:46:59 Philippine Standard Time: Information : 6 :Received request "3" for method "requestServiceChannel".
04/13/2025 20:46:59 Philippine Standard Time: Information : 9 :Invoking Microsoft.VisualStudio.Utilities.ServiceBroker.GlobalBrokeredServiceContainer+View.RequestServiceChannelAsync(ServiceMoniker, ServiceActivationOptions, CancellationToken)
04/13/2025 20:46:59 Philippine Standard Time : Start : requestServiceChannel
04/13/2025 20:46:59 Philippine Standard Time : Stop : requestServiceChannel
04/13/2025 20:46:59 Philippine Standard Time: Information : 8 :{"id":3}
04/13/2025 20:46:59 Philippine Standard Time: Information : 7 :{"id":4,"method":"requestServiceChannel"}
04/13/2025 20:46:59 Philippine Standard Time: Information : 6 :Received request "4" for method "requestServiceChannel".
04/13/2025 20:46:59 Philippine Standard Time: Information : 9 :Invoking Microsoft.VisualStudio.Utilities.ServiceBroker.GlobalBrokeredServiceContainer+View.RequestServiceChannelAsync(ServiceMoniker, ServiceActivationOptions, CancellationToken)
04/13/2025 20:46:59 Philippine Standard Time : Start : requestServiceChannel
04/13/2025 20:46:59 Philippine Standard Time: Information : 7 :{"id":5,"method":"requestServiceChannel"}
04/13/2025 20:46:59 Philippine Standard Time: Information : 6 :Received request "5" for method "requestServiceChannel".
04/13/2025 20:46:59 Philippine Standard Time: Information : 9 :Invoking Microsoft.VisualStudio.Utilities.ServiceBroker.GlobalBrokeredServiceContainer+View.RequestServiceChannelAsync(ServiceMoniker, ServiceActivationOptions, CancellationToken)
04/13/2025 20:46:59 Philippine Standard Time : Start : requestServiceChannel
04/13/2025 20:46:59 Philippine Standard Time : Stop : requestServiceChannel
04/13/2025 20:46:59 Philippine Standard Time: Information : 8 :{"id":4}
04/13/2025 20:46:59 Philippine Standard Time : Stop : requestServiceChannel
04/13/2025 20:46:59 Philippine Standard Time: Information : 8 :{"id":5}
04/13/2025 20:47:01 Philippine Standard Time: Information : 7 :{"id":6,"method":"requestServiceChannel"}
04/13/2025 20:47:01 Philippine Standard Time: Information : 6 :Received request "6" for method "requestServiceChannel".
04/13/2025 20:47:01 Philippine Standard Time: Information : 9 :Invoking Microsoft.VisualStudio.Utilities.ServiceBroker.GlobalBrokeredServiceContainer+View.RequestServiceChannelAsync(ServiceMoniker, ServiceActivationOptions, CancellationToken)
04/13/2025 20:47:01 Philippine Standard Time : Start : requestServiceChannel
04/13/2025 20:47:01 Philippine Standard Time: Information : 7 :{"id":7,"method":"requestServiceChannel"}
04/13/2025 20:47:01 Philippine Standard Time: Information : 6 :Received request "7" for method "requestServiceChannel".
04/13/2025 20:47:01 Philippine Standard Time: Information : 9 :Invoking Microsoft.VisualStudio.Utilities.ServiceBroker.GlobalBrokeredServiceContainer+View.RequestServiceChannelAsync(ServiceMoniker, ServiceActivationOptions, CancellationToken)
04/13/2025 20:47:01 Philippine Standard Time : Start : requestServiceChannel
04/13/2025 20:47:01 Philippine Standard Time: Information : 7 :{"id":8,"method":"requestServiceChannel"}
04/13/2025 20:47:01 Philippine Standard Time: Information : 6 :Received request "8" for method "requestServiceChannel".
04/13/2025 20:47:01 Philippine Standard Time: Information : 9 :Invoking Microsoft.VisualStudio.Utilities.ServiceBroker.GlobalBrokeredServiceContainer+View.RequestServiceChannelAsync(ServiceMoniker, ServiceActivationOptions, CancellationToken)
04/13/2025 20:47:01 Philippine Standard Time : Transfer : Transfer, relatedActivityId=4b869d66-084d-4def-9b9f-81c7bf27a714
04/13/2025 20:47:01 Philippine Standard Time : Start : requestServiceChannel
04/13/2025 20:47:01 Philippine Standard Time : Stop : requestServiceChannel
04/13/2025 20:47:01 Philippine Standard Time: Information : 8 :{"id":6}
04/13/2025 20:47:01 Philippine Standard Time : Stop : requestServiceChannel
04/13/2025 20:47:01 Philippine Standard Time: Information : 8 :{"id":7}
04/13/2025 20:47:01 Philippine Standard Time : Stop : requestServiceChannel
04/13/2025 20:47:01 Philippine Standard Time : Transfer : Transfer, relatedActivityId=90e34d36-e14a-4640-84e7-7808b2c175a6
04/13/2025 20:47:01 Philippine Standard Time: Information : 8 :{"id":8}
04/13/2025 20:47:02 Philippine Standard Time: Information : 7 :{"id":9,"method":"requestServiceChannel"}
04/13/2025 20:47:02 Philippine Standard Time: Information : 6 :Received request "9" for method "requestServiceChannel".
04/13/2025 20:47:02 Philippine Standard Time: Information : 9 :Invoking Microsoft.VisualStudio.Utilities.ServiceBroker.GlobalBrokeredServiceContainer+View.RequestServiceChannelAsync(ServiceMoniker, ServiceActivationOptions, CancellationToken)
04/13/2025 20:47:02 Philippine Standard Time : Start : requestServiceChannel
04/13/2025 20:47:02 Philippine Standard Time : Stop : requestServiceChannel
04/13/2025 20:47:02 Philippine Standard Time: Information : 8 :{"id":9}
04/13/2025 20:47:03 Philippine Standard Time: Information : 7 :{"id":10,"method":"requestServiceChannel"}
04/13/2025 20:47:03 Philippine Standard Time: Information : 6 :Received request "10" for method "requestServiceChannel".
04/13/2025 20:47:03 Philippine Standard Time: Information : 9 :Invoking Microsoft.VisualStudio.Utilities.ServiceBroker.GlobalBrokeredServiceContainer+View.RequestServiceChannelAsync(ServiceMoniker, ServiceActivationOptions, CancellationToken)
04/13/2025 20:47:03 Philippine Standard Time : Start : requestServiceChannel
04/13/2025 20:47:03 Philippine Standard Time : Stop : requestServiceChannel
04/13/2025 20:47:03 Philippine Standard Time: Information : 8 :{"id":10}
04/13/2025 20:47:03 Philippine Standard Time: Information : 7 :{"id":11,"method":"requestServiceChannel"}
04/13/2025 20:47:03 Philippine Standard Time: Information : 6 :Received request "11" for method "requestServiceChannel".
04/13/2025 20:47:03 Philippine Standard Time: Information : 9 :Invoking Microsoft.VisualStudio.Utilities.ServiceBroker.GlobalBrokeredServiceContainer+View.RequestServiceChannelAsync(ServiceMoniker, ServiceActivationOptions, CancellationToken)
04/13/2025 20:47:03 Philippine Standard Time : Start : requestServiceChannel
04/13/2025 20:47:03 Philippine Standard Time : Stop : requestServiceChannel
04/13/2025 20:47:03 Philippine Standard Time: Information : 8 :{"id":11}
04/13/2025 20:47:03 Philippine Standard Time: Information : 7 :{"id":12,"method":"requestServiceChannel"}
04/13/2025 20:47:03 Philippine Standard Time: Information : 6 :Received request "12" for method "requestServiceChannel".
04/13/2025 20:47:03 Philippine Standard Time: Information : 9 :Invoking Microsoft.VisualStudio.Utilities.ServiceBroker.GlobalBrokeredServiceContainer+View.RequestServiceChannelAsync(ServiceMoniker, ServiceActivationOptions, CancellationToken)
04/13/2025 20:47:03 Philippine Standard Time : Start : requestServiceChannel
04/13/2025 20:47:03 Philippine Standard Time : Stop : requestServiceChannel
04/13/2025 20:47:03 Philippine Standard Time: Information : 8 :{"id":12}
04/13/2025 20:47:05 Philippine Standard Time: Information : 7 :{"id":13,"method":"requestServiceChannel"}
04/13/2025 20:47:05 Philippine Standard Time: Information : 6 :Received request "13" for method "requestServiceChannel".
04/13/2025 20:47:05 Philippine Standard Time: Information : 9 :Invoking Microsoft.VisualStudio.Utilities.ServiceBroker.GlobalBrokeredServiceContainer+View.RequestServiceChannelAsync(ServiceMoniker, ServiceActivationOptions, CancellationToken)
04/13/2025 20:47:05 Philippine Standard Time : Start : requestServiceChannel
04/13/2025 20:47:05 Philippine Standard Time : Stop : requestServiceChannel
04/13/2025 20:47:05 Philippine Standard Time: Information : 8 :{"id":13}
